srun: Job 25523050 step creation temporarily disabled, retrying (Requested nodes are busy)
srun: Job 25523050 step creation still disabled, retrying (Requested nodes are busy)
srun: Job 25523050 step creation still disabled, retrying (Requested nodes are busy)
srun: Job 25523050 step creation still disabled, retrying (Requested nodes are busy)
srun: Job 25523050 step creation still disabled, retrying (Requested nodes are busy)
srun: Job 25523050 step creation still disabled, retrying (Requested nodes are busy)
srun: Job 25523050 step creation still disabled, retrying (Requested nodes are busy)
srun: Job 25523050 step creation still disabled, retrying (Requested nodes are busy)
srun: Step created for StepId=25523050.88
FAILED to lookup docker image adammwea/netpyneshifter:v5
FAILED to lookup docker image adammwea/netpyneshifter:v5
FAILED to lookup docker image adammwea/netpyneshifter:v5
FAILED to lookup docker image adammwea/netpyneshifter:v5
FAILED to lookup docker image adammwea/netpyneshifter:v5
FAILED to lookup docker image adammwea/netpyneshifter:v5
FAILED to lookup docker image adammwea/netpyneshifter:v5
FAILED to lookup docker image adammwea/netpyneshifter:v5
FAILED to lookup docker image adammwea/netpyneshifter:v5
FAILED to lookup docker image adammwea/netpyneshifter:v5
FAILED to lookup docker image adammwea/netpyneshifter:v5
FAILED to lookup docker image adammwea/netpyneshifter:v5
FAILED to lookup docker image adammwea/netpyneshifter:v5
FAILED to lookup docker image adammwea/netpyneshifter:v5
FAILED to lookup docker image adammwea/netpyneshifter:v5
FAILED to lookup docker image adammwea/netpyneshifter:v5
srun: error: nid006544: tasks 2,4,6,12,16,30,38,40,42,50,54,56,58,66,68,74: Exited with exit code 1
srun: Terminating StepId=25523050.88
slurmstepd: error: *** STEP 25523050.88 ON nid006544 CANCELLED AT 2024-05-12T09:00:37 ***
srun: error: nid006544: task 14: Terminated
srun: error: nid006544: tasks 0-1,3,5,7-11,13,15,17-29,31-37,39,41,43-49,51-53,55,57,59-65,67,69-73,75-127: Terminated
srun: Force Terminated StepId=25523050.88
