2024-02-29 14:09:54,797 - inspyred.ec - DEBUG - generating initial population
2024-02-29 14:09:54,797 - inspyred.ec - DEBUG - evaluating initial population
2024-02-29 14:13:23,175 - inspyred.ec - DEBUG - population size is now 6
2024-02-29 14:13:23,175 - inspyred.ec - DEBUG - archiving initial population
2024-02-29 14:13:23,175 - inspyred.ec - DEBUG - archive size is now 0
2024-02-29 14:13:23,176 - inspyred.ec - DEBUG - population size is now 6
2024-02-29 14:13:23,176 - inspyred.ec - DEBUG - observation using stats_observer at generation 0 and evaluation 6
2024-02-29 14:13:23,180 - inspyred.ec - DEBUG - observation using file_observer at generation 0 and evaluation 6
2024-02-29 14:13:23,181 - inspyred.ec - DEBUG - termination test using generation_termination at generation 0 and evaluation 6
2024-02-29 14:13:23,181 - inspyred.ec - DEBUG - selection using tournament_selection at generation 0 and evaluation 6
2024-02-29 14:13:23,181 - inspyred.ec - DEBUG - selected 6 candidates
2024-02-29 14:13:23,181 - inspyred.ec - DEBUG - variation using uniform_crossover at generation 0 and evaluation 6
2024-02-29 14:13:23,181 - inspyred.ec - DEBUG - variation using nonuniform_bounds_mutation at generation 0 and evaluation 6
2024-02-29 14:13:23,182 - inspyred.ec - DEBUG - created 6 offspring
2024-02-29 14:13:23,182 - inspyred.ec - DEBUG - evaluation using func at generation 0 and evaluation 6
2024-02-29 14:16:50,962 - inspyred.ec - DEBUG - generating initial population
2024-02-29 14:16:50,962 - inspyred.ec - DEBUG - evaluating initial population
2024-02-29 14:20:19,316 - inspyred.ec - DEBUG - population size is now 6
2024-02-29 14:20:19,316 - inspyred.ec - DEBUG - archiving initial population
2024-02-29 14:20:19,317 - inspyred.ec - DEBUG - archive size is now 0
2024-02-29 14:20:19,317 - inspyred.ec - DEBUG - population size is now 6
2024-02-29 14:20:19,317 - inspyred.ec - DEBUG - observation using stats_observer at generation 0 and evaluation 6
2024-02-29 14:20:19,317 - inspyred.ec - DEBUG - observation using file_observer at generation 0 and evaluation 6
2024-02-29 14:20:19,318 - inspyred.ec - DEBUG - termination test using generation_termination at generation 0 and evaluation 6
2024-02-29 14:20:19,318 - inspyred.ec - DEBUG - selection using tournament_selection at generation 0 and evaluation 6
2024-02-29 14:20:19,318 - inspyred.ec - DEBUG - selected 6 candidates
2024-02-29 14:20:19,319 - inspyred.ec - DEBUG - variation using uniform_crossover at generation 0 and evaluation 6
2024-02-29 14:20:19,319 - inspyred.ec - DEBUG - variation using nonuniform_bounds_mutation at generation 0 and evaluation 6
2024-02-29 14:20:19,319 - inspyred.ec - DEBUG - created 6 offspring
2024-02-29 14:20:19,319 - inspyred.ec - DEBUG - evaluation using func at generation 0 and evaluation 6
