Warning: no DISPLAY environment variable.
--No graphics will be displayed.
NEURON -- VERSION 9.0a-231-g8b35309de master (8b35309de) 2024-04-25
Duke, Yale, and the BlueBrain Project -- Copyright 1984-2022
See http://neuron.yale.edu/neuron/credits

Traceback (most recent call last):
  File "/pscratch/sd/a/adammwea/2DNetworkSimulations/NERSC/init.py", line 5, in <module>
    simConfig, netParams = sim.readCmdLineArgs(simConfigDefault='simConfig.py', netParamsDefault='netParams.py')
  File "/global/homes/a/adammwea/.conda/envs/neuron_env/lib/python3.9/site-packages/netpyne/sim/setup.py", line 293, in readCmdLineArgs
    netParamsModule = sim.loadPythonModule(netParamsPath)
  File "/global/homes/a/adammwea/.conda/envs/neuron_env/lib/python3.9/site-packages/netpyne/sim/utils.py", line 42, in loadPythonModule
    loader.exec_module(module)
  File "<frozen importlib._bootstrap_external>", line 850, in exec_module
  File "<frozen importlib._bootstrap>", line 228, in _call_with_frames_removed
  File "/pscratch/sd/a/adammwea/2DNetworkSimulations/NERSC/output/240429_Run7_interactive_debug/240429_Run7_interactive_debug_netParams.py", line 102, in <module>
    'weight': cfg.Erhythmic_stimWeight, 
AttributeError: 'SimConfig' object has no attribute 'Erhythmic_stimWeight'
nrniv: Python error /pscratch/sd/a/adammwea/2DNetworkSimulations/NERSC/init.py
 near line 0
 objref hoc_obj_[2]
                   ^
hoc_main1 caught exception: hoc_execerror: Python error /pscratch/sd/a/adammwea/2DNetworkSimulations/NERSC/init.py
