/home/adamm/miniconda3/envs/2DSims/bin/nrniv:10: DeprecationWarning: pkg_resources is deprecated as an API. See https://setuptools.pypa.io/en/latest/pkg_resources.html
  from pkg_resources import working_set
NEURON -- VERSION 8.2.4 HEAD (1d87d5d39) 2024-02-09
Duke, Yale, and the BlueBrain Project -- Copyright 1984-2022
See http://neuron.yale.edu/neuron/credits

Traceback (most recent call last):
  File "/mnt/c/Users/adamm/Documents/GithubRepositories/2DNetworkSimulations/InhibNeuronDebug/init.py", line 5, in <module>
  File "/home/adamm/miniconda3/envs/2DSims/lib/python3.9/site-packages/netpyne/sim/setup.py", line 293, in readCmdLineArgs
    netParamsModule = sim.loadPythonModule(netParamsPath)
  File "/home/adamm/miniconda3/envs/2DSims/lib/python3.9/site-packages/netpyne/sim/utils.py", line 42, in loadPythonModule
    loader.exec_module(module)
  File "<frozen importlib._bootstrap_external>", line 850, in exec_module
  File "<frozen importlib._bootstrap>", line 228, in _call_with_frames_removed
  File "/mnt/c/Users/adamm/Documents/GithubRepositories/2DNetworkSimulations/InhibNeuronDebug/output/240430_Run7_debug_run/240430_Run7_debug_run_netParams.py", line 25, in <module>
    from evol_param_setup import define_population_params
  File "/mnt/c/Users/adamm/Documents/GithubRepositories/2DNetworkSimulations/InhibNeuronDebug/evol_param_setup.py", line 11, in <module>
    from USER_INPUTS import *
  File "<frozen importlib._bootstrap>", line 1007, in _find_and_load
  File "<frozen importlib._bootstrap>", line 986, in _find_and_load_unlocked
  File "<frozen importlib._bootstrap>", line 680, in _load_unlocked
  File "<frozen importlib._bootstrap_external>", line 846, in exec_module
  File "<frozen importlib._bootstrap_external>", line 982, in get_code
  File "<frozen importlib._bootstrap_external>", line 1039, in get_data
OSError: [Errno 5] Input/output error: '/mnt/c/Users/adamm/Documents/GithubRepositories/2DNetworkSimulations/InhibNeuronDebug/USER_INPUTS.py'
0 /home/adamm/miniconda3/envs/2DSims/bin/nrniv: can't open simConfig=/mnt/c/Users/adamm/Documents/GithubRepositories/2DNetworkSimulations/InhibNeuronDebug/output/240430_Run7_debug_run/gen_0/gen_0_cand_1_cfg.json
Could not open netParams=/mnt/c/Users/adamm/Documents/GithubRepositories/2DNetworkSimulations/InhibNeuronDebug/output/240430_Run7_debug_run/240430_Run7_debug_run_netParams.py
