srun: Job 25523059 step creation temporarily disabled, retrying (Requested nodes are busy)
srun: Job 25523059 step creation still disabled, retrying (Requested nodes are busy)
srun: Job 25523059 step creation still disabled, retrying (Requested nodes are busy)
srun: Job 25523059 step creation still disabled, retrying (Requested nodes are busy)
srun: Job 25523059 step creation still disabled, retrying (Requested nodes are busy)
srun: Job 25523059 step creation still disabled, retrying (Requested nodes are busy)
srun: Step created for StepId=25523059.37
FAILED to lookup docker image adammwea/netpyneshifter:v5
FAILED to lookup docker image adammwea/netpyneshifter:v5
FAILED to lookup docker image adammwea/netpyneshifter:v5
FAILED to lookup docker image adammwea/netpyneshifter:v5
FAILED to lookup docker image adammwea/netpyneshifter:v5
FAILED to lookup docker image adammwea/netpyneshifter:v5
FAILED to lookup docker image adammwea/netpyneshifter:v5
FAILED to lookup docker image adammwea/netpyneshifter:v5
FAILED to lookup docker image adammwea/netpyneshifter:v5
FAILED to lookup docker image adammwea/netpyneshifter:v5
FAILED to lookup docker image adammwea/netpyneshifter:v5
FAILED to lookup docker image adammwea/netpyneshifter:v5
FAILED to lookup docker image adammwea/netpyneshifter:v5
FAILED to lookup docker image adammwea/netpyneshifter:v5
FAILED to lookup docker image adammwea/netpyneshifter:v5
FAILED to lookup docker image adammwea/netpyneshifter:v5
FAILED to lookup docker image adammwea/netpyneshifter:v5
FAILED to lookup docker image adammwea/netpyneshifter:v5
FAILED to lookup docker image adammwea/netpyneshifter:v5
FAILED to lookup docker image adammwea/netpyneshifter:v5
FAILED to lookup docker image adammwea/netpyneshifter:v5
FAILED to lookup docker image adammwea/netpyneshifter:v5
FAILED to lookup docker image adammwea/netpyneshifter:v5
FAILED to lookup docker image adammwea/netpyneshifter:v5
FAILED to lookup docker image adammwea/netpyneshifter:v5
FAILED to lookup docker image adammwea/netpyneshifter:v5
FAILED to lookup docker image adammwea/netpyneshifter:v5
FAILED to lookup docker image adammwea/netpyneshifter:v5
FAILED to lookup docker image adammwea/netpyneshifter:v5
FAILED to lookup docker image adammwea/netpyneshifter:v5
FAILED to lookup docker image adammwea/netpyneshifter:v5
FAILED to lookup docker image adammwea/netpyneshifter:v5
FAILED to lookup docker image adammwea/netpyneshifter:v5
FAILED to lookup docker image adammwea/netpyneshifter:v5
FAILED to lookup docker image adammwea/netpyneshifter:v5
FAILED to lookup docker image adammwea/netpyneshifter:v5
FAILED to lookup docker image adammwea/netpyneshifter:v5
FAILED to lookup docker image adammwea/netpyneshifter:v5
FAILED to lookup docker image adammwea/netpyneshifter:v5
FAILED to lookup docker image adammwea/netpyneshifter:v5
FAILED to lookup docker image adammwea/netpyneshifter:v5
FAILED to lookup docker image adammwea/netpyneshifter:v5
FAILED to lookup docker image adammwea/netpyneshifter:v5
FAILED to lookup docker image adammwea/netpyneshifter:v5
FAILED to lookup docker image adammwea/netpyneshifter:v5
FAILED to lookup docker image adammwea/netpyneshifter:v5
FAILED to lookup docker image adammwea/netpyneshifter:v5
FAILED to lookup docker image adammwea/netpyneshifter:v5
FAILED to lookup docker image adammwea/netpyneshifter:v5
FAILED to lookup docker image adammwea/netpyneshifter:v5
FAILED to lookup docker image adammwea/netpyneshifter:v5
FAILED to lookup docker image adammwea/netpyneshifter:v5
FAILED to lookup docker image adammwea/netpyneshifter:v5
FAILED to lookup docker image adammwea/netpyneshifter:v5
FAILED to lookup docker image adammwea/netpyneshifter:v5
FAILED to lookup docker image adammwea/netpyneshifter:v5
FAILED to lookup docker image adammwea/netpyneshifter:v5
FAILED to lookup docker image adammwea/netpyneshifter:v5
FAILED to lookup docker image adammwea/netpyneshifter:v5
FAILED to lookup docker image adammwea/netpyneshifter:v5
FAILED to lookup docker image adammwea/netpyneshifter:v5
FAILED to lookup docker image adammwea/netpyneshifter:v5
FAILED to lookup docker image adammwea/netpyneshifter:v5
FAILED to lookup docker image adammwea/netpyneshifter:v5
FAILED to lookup docker image adammwea/netpyneshifter:v5
FAILED to lookup docker image adammwea/netpyneshifter:v5
FAILED to lookup docker image adammwea/netpyneshifter:v5
FAILED to lookup docker image adammwea/netpyneshifter:v5
srun: error: nid006049: tasks 3,5-7,9,13,15,19,22,25,27,29,33,35,37-39,41,43,45,47,55,58-61,63-65,69,72-75,77,79,81,83,85,87-95,97,99,101,103,105,109,111-112,114-117,119-121,123-127: Exited with exit code 1
srun: Terminating StepId=25523059.37
slurmstepd: error: *** STEP 25523059.37 ON nid006049 CANCELLED AT 2024-05-12T07:56:02 ***
srun: error: nid006049: tasks 0-2,4,8,10-12,14,16-18,20-21,23-24,26,28,30-32,34,36,40,42,44,46,48-54,56-57,62,66-68,70-71,76,78,80,82,84,86,96,98,100,102,104,106-108,110,113,118,122: Terminated
srun: Force Terminated StepId=25523059.37
