srun: Job 25523059 step creation temporarily disabled, retrying (Requested nodes are busy)
srun: Step created for StepId=25523059.112
FAILED to lookup docker image adammwea/netpyneshifter:v5
FAILED to lookup docker image adammwea/netpyneshifter:v5
FAILED to lookup docker image adammwea/netpyneshifter:v5
FAILED to lookup docker image adammwea/netpyneshifter:v5
FAILED to lookup docker image adammwea/netpyneshifter:v5
FAILED to lookup docker image adammwea/netpyneshifter:v5
FAILED to lookup docker image adammwea/netpyneshifter:v5
FAILED to lookup docker image adammwea/netpyneshifter:v5
FAILED to lookup docker image adammwea/netpyneshifter:v5
FAILED to lookup docker image adammwea/netpyneshifter:v5
FAILED to lookup docker image adammwea/netpyneshifter:v5
FAILED to lookup docker image adammwea/netpyneshifter:v5
FAILED to lookup docker image adammwea/netpyneshifter:v5
FAILED to lookup docker image adammwea/netpyneshifter:v5
FAILED to lookup docker image adammwea/netpyneshifter:v5
FAILED to lookup docker image adammwea/netpyneshifter:v5
FAILED to lookup docker image adammwea/netpyneshifter:v5
FAILED to lookup docker image adammwea/netpyneshifter:v5
FAILED to lookup docker image adammwea/netpyneshifter:v5
FAILED to lookup docker image adammwea/netpyneshifter:v5
FAILED to lookup docker image adammwea/netpyneshifter:v5
FAILED to lookup docker image adammwea/netpyneshifter:v5
FAILED to lookup docker image adammwea/netpyneshifter:v5
FAILED to lookup docker image adammwea/netpyneshifter:v5
FAILED to lookup docker image adammwea/netpyneshifter:v5
FAILED to lookup docker image adammwea/netpyneshifter:v5
FAILED to lookup docker image adammwea/netpyneshifter:v5
FAILED to lookup docker image adammwea/netpyneshifter:v5
FAILED to lookup docker image adammwea/netpyneshifter:v5
FAILED to lookup docker image adammwea/netpyneshifter:v5
srun: error: nid006049: tasks 2-3,12,15,19,21,25,29,35,45,47,53,55,63,69,71-72,77,79,86,88,92,99,101,103,105,107,109,111,127: Exited with exit code 1
srun: Terminating StepId=25523059.112
slurmstepd: error: *** STEP 25523059.112 ON nid006049 CANCELLED AT 2024-05-12T09:43:05 ***
srun: error: nid006049: tasks 1,6,9,20,22,26,30,48,59,65,68,70,73-74,76,97,113-114,116-117: Terminated
srun: error: nid006049: tasks 0,4-5,7-8,10-11,13-14,16-18,23-24,27-28,31-34,36-44,46,49-52,54,56-58,60-62,64,66-67,75,78,80-85,87,89-91,93-96,98,100,102,104,106,108,110,112,115,118-126: Killed
srun: Force Terminated StepId=25523059.112
