/global/homes/a/adammwea/.conda/envs/2DSims/bin/nrniv:10: DeprecationWarning: pkg_resources is deprecated as an API. See https://setuptools.pypa.io/en/latest/pkg_resources.html
  from pkg_resources import working_set
/global/homes/a/adammwea/.conda/envs/2DSims/bin/nrniv:10: DeprecationWarning: pkg_resources is deprecated as an API. See https://setuptools.pypa.io/en/latest/pkg_resources.html
  from pkg_resources import working_set
/global/homes/a/adammwea/.conda/envs/2DSims/bin/nrniv:10: DeprecationWarning: pkg_resources is deprecated as an API. See https://setuptools.pypa.io/en/latest/pkg_resources.html
  from pkg_resources import working_set
/global/homes/a/adammwea/.conda/envs/2DSims/bin/nrniv:10: DeprecationWarning: pkg_resources is deprecated as an API. See https://setuptools.pypa.io/en/latest/pkg_resources.html
  from pkg_resources import working_set
[nid006635:526959] mca: base: components_register: registering framework mtl components
[nid006635:526959] mca: base: components_register: found loaded component ofi
[nid006635:526959] mca: base: components_register: component ofi register function successful
[nid006635:526959] mca: base: components_open: opening mtl components
[nid006635:526959] mca: base: components_open: found loaded component ofi
[nid006635:526959] mca: base: components_open: component ofi open function successful
[nid006635:526959] mca:base:select: Auto-selecting mtl components
[nid006635:526959] mca:base:select:(  mtl) Querying component [ofi]
[nid006635:526959] mca:base:select:(  mtl) Query of component [ofi] set priority to 25
[nid006635:526959] mca:base:select:(  mtl) Selected component [ofi]
[nid006635:526959] select: initializing mtl component ofi
libfabric:526959:1713814901::core:core:fi_param_get_():279<info> variable perf_cntr=<not set>
libfabric:526959:1713814901::core:core:fi_param_get_():279<info> variable hook=<not set>
libfabric:526959:1713814901::core:core:fi_param_get_():279<info> variable hmem=<not set>
