Warning: no DISPLAY environment variable.
--No graphics will be displayed.
NEURON -- VERSION 8.2.6 HEAD (078a34a9d) 2024-07-24
Duke, Yale, and the BlueBrain Project -- Copyright 1984-2022
See http://neuron.yale.edu/neuron/credits

Traceback (most recent call last):
  File "/app/simulate_config_files/runcfg_init.py", line 22, in <module>
    simConfig, netParams = sim.readCmdLineArgs(simConfigDefault='cfg.py', netParamsDefault='netParams.py')
  File "/app/submodules/netpyne/netpyne/sim/setup.py", line 283, in readCmdLineArgs
    netParamsModule = sim.loadPythonModule(netParamsPath)
  File "/app/submodules/netpyne/netpyne/sim/utils.py", line 30, in loadPythonModule
    loader.exec_module(module)
  File "<frozen importlib._bootstrap_external>", line 839, in exec_module
  File "<frozen importlib._bootstrap_external>", line 976, in get_code
  File "<frozen importlib._bootstrap_external>", line 906, in source_to_code
  File "<frozen importlib._bootstrap>", line 219, in _call_with_frames_removed
  File "/app/simulation_output/241007_Run1_vscode/241007_Run1_vscode_netParams.py", line 101
    print(neurons)
                 ^
TabError: inconsistent use of tabs and spaces in indentation
0 /opt/venv/bin/nrniv: can't open simConfig=/app/simulation_output/241007_Run1_vscode/gen_0/gen_0_cand_2_cfg.json
Could not open netParams=/app/simulation_output/241007_Run1_vscode/241007_Run1_vscode_netParams.py
