srun: Job 25523033 step creation temporarily disabled, retrying (Requested nodes are busy)
srun: Job 25523033 step creation still disabled, retrying (Requested nodes are busy)
srun: Job 25523033 step creation still disabled, retrying (Requested nodes are busy)
srun: Job 25523033 step creation still disabled, retrying (Requested nodes are busy)
srun: Step created for StepId=25523033.79
FAILED to lookup docker image adammwea/netpyneshifter:v5
FAILED to lookup docker image adammwea/netpyneshifter:v5
FAILED to lookup docker image adammwea/netpyneshifter:v5
FAILED to lookup docker image adammwea/netpyneshifter:v5
FAILED to lookup docker image adammwea/netpyneshifter:v5
FAILED to lookup docker image adammwea/netpyneshifter:v5
FAILED to lookup docker image adammwea/netpyneshifter:v5
FAILED to lookup docker image adammwea/netpyneshifter:v5
FAILED to lookup docker image adammwea/netpyneshifter:v5
FAILED to lookup docker image adammwea/netpyneshifter:v5
FAILED to lookup docker image adammwea/netpyneshifter:v5
FAILED to lookup docker image adammwea/netpyneshifter:v5
FAILED to lookup docker image adammwea/netpyneshifter:v5
FAILED to lookup docker image adammwea/netpyneshifter:v5
FAILED to lookup docker image adammwea/netpyneshifter:v5
FAILED to lookup docker image adammwea/netpyneshifter:v5
FAILED to lookup docker image adammwea/netpyneshifter:v5
FAILED to lookup docker image adammwea/netpyneshifter:v5
FAILED to lookup docker image adammwea/netpyneshifter:v5
FAILED to lookup docker image adammwea/netpyneshifter:v5
FAILED to lookup docker image adammwea/netpyneshifter:v5
FAILED to lookup docker image adammwea/netpyneshifter:v5
FAILED to lookup docker image adammwea/netpyneshifter:v5
FAILED to lookup docker image adammwea/netpyneshifter:v5
FAILED to lookup docker image adammwea/netpyneshifter:v5
FAILED to lookup docker image adammwea/netpyneshifter:v5
FAILED to lookup docker image adammwea/netpyneshifter:v5
FAILED to lookup docker image adammwea/netpyneshifter:v5
FAILED to lookup docker image adammwea/netpyneshifter:v5
FAILED to lookup docker image adammwea/netpyneshifter:v5
FAILED to lookup docker image adammwea/netpyneshifter:v5
FAILED to lookup docker image adammwea/netpyneshifter:v5
FAILED to lookup docker image adammwea/netpyneshifter:v5
FAILED to lookup docker image adammwea/netpyneshifter:v5
FAILED to lookup docker image adammwea/netpyneshifter:v5
FAILED to lookup docker image adammwea/netpyneshifter:v5
FAILED to lookup docker image adammwea/netpyneshifter:v5
FAILED to lookup docker image adammwea/netpyneshifter:v5
FAILED to lookup docker image adammwea/netpyneshifter:v5
FAILED to lookup docker image adammwea/netpyneshifter:v5
FAILED to lookup docker image adammwea/netpyneshifter:v5
FAILED to lookup docker image adammwea/netpyneshifter:v5
FAILED to lookup docker image adammwea/netpyneshifter:v5
FAILED to lookup docker image adammwea/netpyneshifter:v5
FAILED to lookup docker image adammwea/netpyneshifter:v5
FAILED to lookup docker image adammwea/netpyneshifter:v5
FAILED to lookup docker image adammwea/netpyneshifter:v5
FAILED to lookup docker image adammwea/netpyneshifter:v5
FAILED to lookup docker image adammwea/netpyneshifter:v5
FAILED to lookup docker image adammwea/netpyneshifter:v5
FAILED to lookup docker image adammwea/netpyneshifter:v5
FAILED to lookup docker image adammwea/netpyneshifter:v5
FAILED to lookup docker image adammwea/netpyneshifter:v5
FAILED to lookup docker image adammwea/netpyneshifter:v5
FAILED to lookup docker image adammwea/netpyneshifter:v5
FAILED to lookup docker image adammwea/netpyneshifter:v5
FAILED to lookup docker image adammwea/netpyneshifter:v5
FAILED to lookup docker image adammwea/netpyneshifter:v5
FAILED to lookup docker image adammwea/netpyneshifter:v5
FAILED to lookup docker image adammwea/netpyneshifter:v5
FAILED to lookup docker image adammwea/netpyneshifter:v5
FAILED to lookup docker image adammwea/netpyneshifter:v5
FAILED to lookup docker image adammwea/netpyneshifter:v5
FAILED to lookup docker image adammwea/netpyneshifter:v5
FAILED to lookup docker image adammwea/netpyneshifter:v5
FAILED to lookup docker image adammwea/netpyneshifter:v5
FAILED to lookup docker image adammwea/netpyneshifter:v5
FAILED to lookup docker image adammwea/netpyneshifter:v5
FAILED to lookup docker image adammwea/netpyneshifter:v5
FAILED to lookup docker image adammwea/netpyneshifter:v5
FAILED to lookup docker image adammwea/netpyneshifter:v5
FAILED to lookup docker image adammwea/netpyneshifter:v5
FAILED to lookup docker image adammwea/netpyneshifter:v5
FAILED to lookup docker image adammwea/netpyneshifter:v5
FAILED to lookup docker image adammwea/netpyneshifter:v5
FAILED to lookup docker image adammwea/netpyneshifter:v5
FAILED to lookup docker image adammwea/netpyneshifter:v5
FAILED to lookup docker image adammwea/netpyneshifter:v5
FAILED to lookup docker image adammwea/netpyneshifter:v5
FAILED to lookup docker image adammwea/netpyneshifter:v5
FAILED to lookup docker image adammwea/netpyneshifter:v5
FAILED to lookup docker image adammwea/netpyneshifter:v5
FAILED to lookup docker image adammwea/netpyneshifter:v5
FAILED to lookup docker image adammwea/netpyneshifter:v5
FAILED to lookup docker image adammwea/netpyneshifter:v5
FAILED to lookup docker image adammwea/netpyneshifter:v5
FAILED to lookup docker image adammwea/netpyneshifter:v5
FAILED to lookup docker image adammwea/netpyneshifter:v5
FAILED to lookup docker image adammwea/netpyneshifter:v5
FAILED to lookup docker image adammwea/netpyneshifter:v5
FAILED to lookup docker image adammwea/netpyneshifter:v5
FAILED to lookup docker image adammwea/netpyneshifter:v5
FAILED to lookup docker image adammwea/netpyneshifter:v5
FAILED to lookup docker image adammwea/netpyneshifter:v5
FAILED to lookup docker image adammwea/netpyneshifter:v5
FAILED to lookup docker image adammwea/netpyneshifter:v5
FAILED to lookup docker image adammwea/netpyneshifter:v5
FAILED to lookup docker image adammwea/netpyneshifter:v5
FAILED to lookup docker image adammwea/netpyneshifter:v5
FAILED to lookup docker image adammwea/netpyneshifter:v5
FAILED to lookup docker image adammwea/netpyneshifter:v5
FAILED to lookup docker image adammwea/netpyneshifter:v5
FAILED to lookup docker image adammwea/netpyneshifter:v5
FAILED to lookup docker image adammwea/netpyneshifter:v5
FAILED to lookup docker image adammwea/netpyneshifter:v5
FAILED to lookup docker image adammwea/netpyneshifter:v5
FAILED to lookup docker image adammwea/netpyneshifter:v5
FAILED to lookup docker image adammwea/netpyneshifter:v5
FAILED to lookup docker image adammwea/netpyneshifter:v5
FAILED to lookup docker image adammwea/netpyneshifter:v5
FAILED to lookup docker image adammwea/netpyneshifter:v5
FAILED to lookup docker image adammwea/netpyneshifter:v5
FAILED to lookup docker image adammwea/netpyneshifter:v5
FAILED to lookup docker image adammwea/netpyneshifter:v5
FAILED to lookup docker image adammwea/netpyneshifter:v5
FAILED to lookup docker image adammwea/netpyneshifter:v5
FAILED to lookup docker image adammwea/netpyneshifter:v5
FAILED to lookup docker image adammwea/netpyneshifter:v5
FAILED to lookup docker image adammwea/netpyneshifter:v5
FAILED to lookup docker image adammwea/netpyneshifter:v5
FAILED to lookup docker image adammwea/netpyneshifter:v5
FAILED to lookup docker image adammwea/netpyneshifter:v5
FAILED to lookup docker image adammwea/netpyneshifter:v5
FAILED to lookup docker image adammwea/netpyneshifter:v5
FAILED to lookup docker image adammwea/netpyneshifter:v5
FAILED to lookup docker image adammwea/netpyneshifter:v5
FAILED to lookup docker image adammwea/netpyneshifter:v5
FAILED to lookup docker image adammwea/netpyneshifter:v5
srun: error: nid004836: tasks 0-127: Exited with exit code 1
srun: Terminating StepId=25523033.79
