srun: Job 25523033 step creation temporarily disabled, retrying (Requested nodes are busy)
srun: Job 25523033 step creation still disabled, retrying (Requested nodes are busy)
srun: Job 25523033 step creation still disabled, retrying (Requested nodes are busy)
srun: Job 25523033 step creation still disabled, retrying (Requested nodes are busy)
srun: Job 25523033 step creation still disabled, retrying (Requested nodes are busy)
srun: Job 25523033 step creation still disabled, retrying (Requested nodes are busy)
srun: Job 25523033 step creation still disabled, retrying (Requested nodes are busy)
srun: Job 25523033 step creation still disabled, retrying (Requested nodes are busy)
srun: Job 25523033 step creation still disabled, retrying (Requested nodes are busy)
srun: Job 25523033 step creation still disabled, retrying (Requested nodes are busy)
srun: Job 25523033 step creation still disabled, retrying (Requested nodes are busy)
srun: Job 25523033 step creation still disabled, retrying (Requested nodes are busy)
srun: Job 25523033 step creation still disabled, retrying (Requested nodes are busy)
srun: Job 25523033 step creation still disabled, retrying (Requested nodes are busy)
srun: Job 25523033 step creation still disabled, retrying (Requested nodes are busy)
srun: Job 25523033 step creation still disabled, retrying (Requested nodes are busy)
srun: Job 25523033 step creation still disabled, retrying (Requested nodes are busy)
srun: Job 25523033 step creation still disabled, retrying (Requested nodes are busy)
srun: Job 25523033 step creation still disabled, retrying (Requested nodes are busy)
srun: Job 25523033 step creation still disabled, retrying (Requested nodes are busy)
srun: Job 25523033 step creation still disabled, retrying (Requested nodes are busy)
srun: Job 25523033 step creation still disabled, retrying (Requested nodes are busy)
srun: Job 25523033 step creation still disabled, retrying (Requested nodes are busy)
srun: Step created for StepId=25523033.86
FAILED to lookup docker image adammwea/netpyneshifter:v5
FAILED to lookup docker image adammwea/netpyneshifter:v5
FAILED to lookup docker image adammwea/netpyneshifter:v5
FAILED to lookup docker image adammwea/netpyneshifter:v5
FAILED to lookup docker image adammwea/netpyneshifter:v5
srun: error: nid004836: tasks 13,33,67,103,111: Exited with exit code 1
srun: Terminating StepId=25523033.86
slurmstepd: error: *** STEP 25523033.86 ON nid004836 CANCELLED AT 2024-05-12T09:03:16 ***
srun: error: nid004836: tasks 3,8,16,65,82,100,112,115,120,122-125: Terminated
srun: error: nid004836: tasks 0,2,4,6-7,9-10,12,14-15,18,20-32,34,36,38,40,42-46,48-54,56-60,62-64,66,68,70,72,74,76-78,80,83-96,98,101-102,106,108,110,114,116,118,126: Terminated
srun: error: nid004836: tasks 1,5,11,17,19,35,37,39,41,47,55,61,69,71,73,75,79,81,97,99,104-105,107,109,113,117,119,121,127: Killed
srun: Force Terminated StepId=25523033.86
