srun: Job 25523033 step creation temporarily disabled, retrying (Requested nodes are busy)
srun: Job 25523033 step creation still disabled, retrying (Requested nodes are busy)
srun: Job 25523033 step creation still disabled, retrying (Requested nodes are busy)
srun: Job 25523033 step creation still disabled, retrying (Requested nodes are busy)
srun: Job 25523033 step creation still disabled, retrying (Requested nodes are busy)
srun: Job 25523033 step creation still disabled, retrying (Requested nodes are busy)
srun: Job 25523033 step creation still disabled, retrying (Requested nodes are busy)
srun: Job 25523033 step creation still disabled, retrying (Requested nodes are busy)
srun: Job 25523033 step creation still disabled, retrying (Requested nodes are busy)
srun: Job 25523033 step creation still disabled, retrying (Requested nodes are busy)
srun: Job 25523033 step creation still disabled, retrying (Requested nodes are busy)
srun: Job 25523033 step creation still disabled, retrying (Requested nodes are busy)
srun: Job 25523033 step creation still disabled, retrying (Requested nodes are busy)
srun: Job 25523033 step creation still disabled, retrying (Requested nodes are busy)
srun: Job 25523033 step creation still disabled, retrying (Requested nodes are busy)
srun: Job 25523033 step creation still disabled, retrying (Requested nodes are busy)
srun: Job 25523033 step creation still disabled, retrying (Requested nodes are busy)
srun: Job 25523033 step creation still disabled, retrying (Requested nodes are busy)
srun: Job 25523033 step creation still disabled, retrying (Requested nodes are busy)
srun: Job 25523033 step creation still disabled, retrying (Requested nodes are busy)
srun: Job 25523033 step creation still disabled, retrying (Requested nodes are busy)
srun: Job 25523033 step creation still disabled, retrying (Requested nodes are busy)
srun: Job 25523033 step creation still disabled, retrying (Requested nodes are busy)
srun: Job 25523033 step creation still disabled, retrying (Requested nodes are busy)
srun: Step created for StepId=25523033.84
FAILED to lookup docker image adammwea/netpyneshifter:v5
FAILED to lookup docker image adammwea/netpyneshifter:v5
FAILED to lookup docker image adammwea/netpyneshifter:v5
FAILED to lookup docker image adammwea/netpyneshifter:v5
FAILED to lookup docker image adammwea/netpyneshifter:v5
FAILED to lookup docker image adammwea/netpyneshifter:v5
FAILED to lookup docker image adammwea/netpyneshifter:v5
FAILED to lookup docker image adammwea/netpyneshifter:v5
FAILED to lookup docker image adammwea/netpyneshifter:v5
FAILED to lookup docker image adammwea/netpyneshifter:v5
FAILED to lookup docker image adammwea/netpyneshifter:v5
FAILED to lookup docker image adammwea/netpyneshifter:v5
FAILED to lookup docker image adammwea/netpyneshifter:v5
FAILED to lookup docker image adammwea/netpyneshifter:v5
FAILED to lookup docker image adammwea/netpyneshifter:v5
FAILED to lookup docker image adammwea/netpyneshifter:v5
FAILED to lookup docker image adammwea/netpyneshifter:v5
FAILED to lookup docker image adammwea/netpyneshifter:v5
FAILED to lookup docker image adammwea/netpyneshifter:v5
FAILED to lookup docker image adammwea/netpyneshifter:v5
FAILED to lookup docker image adammwea/netpyneshifter:v5
FAILED to lookup docker image adammwea/netpyneshifter:v5
FAILED to lookup docker image adammwea/netpyneshifter:v5
FAILED to lookup docker image adammwea/netpyneshifter:v5
FAILED to lookup docker image adammwea/netpyneshifter:v5
FAILED to lookup docker image adammwea/netpyneshifter:v5
FAILED to lookup docker image adammwea/netpyneshifter:v5
FAILED to lookup docker image adammwea/netpyneshifter:v5
FAILED to lookup docker image adammwea/netpyneshifter:v5
FAILED to lookup docker image adammwea/netpyneshifter:v5
FAILED to lookup docker image adammwea/netpyneshifter:v5
FAILED to lookup docker image adammwea/netpyneshifter:v5
FAILED to lookup docker image adammwea/netpyneshifter:v5
FAILED to lookup docker image adammwea/netpyneshifter:v5
FAILED to lookup docker image adammwea/netpyneshifter:v5
FAILED to lookup docker image adammwea/netpyneshifter:v5
FAILED to lookup docker image adammwea/netpyneshifter:v5
FAILED to lookup docker image adammwea/netpyneshifter:v5
FAILED to lookup docker image adammwea/netpyneshifter:v5
FAILED to lookup docker image adammwea/netpyneshifter:v5
FAILED to lookup docker image adammwea/netpyneshifter:v5
FAILED to lookup docker image adammwea/netpyneshifter:v5
FAILED to lookup docker image adammwea/netpyneshifter:v5
FAILED to lookup docker image adammwea/netpyneshifter:v5
FAILED to lookup docker image adammwea/netpyneshifter:v5
FAILED to lookup docker image adammwea/netpyneshifter:v5
FAILED to lookup docker image adammwea/netpyneshifter:v5
FAILED to lookup docker image adammwea/netpyneshifter:v5
FAILED to lookup docker image adammwea/netpyneshifter:v5
FAILED to lookup docker image adammwea/netpyneshifter:v5
FAILED to lookup docker image adammwea/netpyneshifter:v5
FAILED to lookup docker image adammwea/netpyneshifter:v5
FAILED to lookup docker image adammwea/netpyneshifter:v5
FAILED to lookup docker image adammwea/netpyneshifter:v5
FAILED to lookup docker image adammwea/netpyneshifter:v5
FAILED to lookup docker image adammwea/netpyneshifter:v5
FAILED to lookup docker image adammwea/netpyneshifter:v5
FAILED to lookup docker image adammwea/netpyneshifter:v5
FAILED to lookup docker image adammwea/netpyneshifter:v5
FAILED to lookup docker image adammwea/netpyneshifter:v5
FAILED to lookup docker image adammwea/netpyneshifter:v5
FAILED to lookup docker image adammwea/netpyneshifter:v5
FAILED to lookup docker image adammwea/netpyneshifter:v5
FAILED to lookup docker image adammwea/netpyneshifter:v5
srun: error: nid004836: tasks 2,6-10,16,18-22,24,29-30,32,34,36-38,40,42,44,48,50,52-53,56,60,64,67-68,71-76,78,80-85,88,90,92,94,96,98-100,103,106,108,112,114,116,118,120-122,124: Exited with exit code 1
srun: Terminating StepId=25523033.84
slurmstepd: error: *** STEP 25523033.84 ON nid004836 CANCELLED AT 2024-05-12T09:00:38 ***
srun: error: nid004836: tasks 0-1,3-5,11-15,17,23,25-28,31,33,35,39,41,43,45-47,49,51,54-55,57-59,61-63,65-66,69-70,77,79,86-87,89,91,93,95,97,101-102,104-105,107,109-111,113,115,117,119,123,125-127: Terminated
srun: Force Terminated StepId=25523033.84
