[nid006368:235893] Rank 0 bound to package[0][hwt:0,128]
[nid006368:235893] Rank 1 bound to package[0][hwt:1,129]
[nid006368:235893] Rank 2 bound to package[0][hwt:2,130]
[nid006368:235893] Rank 3 bound to package[0][hwt:3,131]
/global/homes/a/adammwea/.conda/envs/2DSims/bin/nrniv:10: DeprecationWarning: pkg_resources is deprecated as an API. See https://setuptools.pypa.io/en/latest/pkg_resources.html
  from pkg_resources import working_set
/global/homes/a/adammwea/.conda/envs/2DSims/bin/nrniv:10: DeprecationWarning: pkg_resources is deprecated as an API. See https://setuptools.pypa.io/en/latest/pkg_resources.html
  from pkg_resources import working_set
/global/homes/a/adammwea/.conda/envs/2DSims/bin/nrniv:10: DeprecationWarning: pkg_resources is deprecated as an API. See https://setuptools.pypa.io/en/latest/pkg_resources.html
  from pkg_resources import working_set
/global/homes/a/adammwea/.conda/envs/2DSims/bin/nrniv:10: DeprecationWarning: pkg_resources is deprecated as an API. See https://setuptools.pypa.io/en/latest/pkg_resources.html
  from pkg_resources import working_set
libfabric:235898:1713854796::core:core:fi_param_get_():279<info> variable perf_cntr=<not set>
libfabric:235898:1713854796::core:core:fi_param_get_():279<info> variable hook=<not set>
libfabric:235898:1713854796::core:core:fi_param_get_():279<info> variable hmem=<not set>
libfabric:235898:1713854796::core:core:ofi_hmem_init():334<info> Hmem iface FI_HMEM_CUDA not supported
libfabric:235898:1713854796::core:core:rocr_hmem_dl_init():290<info> Unable to dlopen libhsa-runtime64.so
libfabric:235898:1713854796::core:core:ofi_hmem_init():334<info> Hmem iface FI_HMEM_ROCR not supported
libfabric:235898:1713854796::core:core:fi_param_get_():288<info> read string var log_level=debug
libfabric:235898:1713854796::core:core:ze_hmem_dl_init():474<warn> Failed to dlopen libze_loader.so
libfabric:235898:1713854796::core:core:ofi_hmem_init():339<warn> Failed to initialize hmem iface FI_HMEM_ZE: No data available
libfabric:235898:1713854796::core:core:ofi_hmem_init():334<info> Hmem iface FI_HMEM_NEURON not supported
libfabric:235898:1713854796::core:core:fi_param_get_():279<info> variable hmem_disable_p2p=<not set>
libfabric:235898:1713854796::core:core:fi_param_get_():279<info> variable mr_cache_max_size=<not set>
libfabric:235898:1713854796::core:core:fi_param_get_():279<info> variable mr_cache_max_count=<not set>
libfabric:235898:1713854796::core:core:fi_param_get_():288<info> read string var mr_cache_monitor=userfaultfd
libfabric:235898:1713854796::core:core:fi_param_get_():279<info> variable mr_cuda_cache_monitor_enabled=<not set>
libfabric:235898:1713854796::core:core:fi_param_get_():279<info> variable mr_rocr_cache_monitor_enabled=<not set>
libfabric:235898:1713854796::core:core:fi_param_get_():279<info> variable mr_ze_cache_monitor_enabled=<not set>
libfabric:235898:1713854796::core:mr:ofi_default_cache_size():82<info> default cache size=1055348832
libfabric:235898:1713854796::core:core:fi_param_get_():279<info> variable provider=<not set>
libfabric:235898:1713854796::core:core:fi_param_get_():279<info> variable universe_size=<not set>
libfabric:235898:1713854796::core:core:fi_param_get_():279<info> variable poll_fairness=<not set>
libfabric:235898:1713854796::core:core:fi_param_get_():279<info> variable cxi_compat=<not set>
libfabric:235898:1713854796::core:core:fi_param_get_():279<info> variable provider_path=<not set>
libfabric:235898:1713854796::core:core:ofi_load_dl_prov():709<info> restricted_dl: setting FI_PROVIDER_PATH to "/opt/cray/libfabric/1.15.2.0/lib64/libfabric"
libfabric:235898:1713854796::cxi:core:fi_param_get_():279<info> variable rget_tc=<not set>
libfabric:235898:1713854796::cxi:core:fi_param_get_():279<info> variable rdzv_aligned_sw_rget=<not set>
libfabric:235898:1713854796::cxi:core:fi_param_get_():279<info> variable enable_trig_op_limit=<not set>
libfabric:235898:1713854796::cxi:core:fi_param_get_():279<info> variable disable_non_inject_msg_idc=<not set>
libfabric:235898:1713854796::cxi:core:fi_param_get_():279<info> variable disable_host_register=<not set>
libfabric:235898:1713854796::cxi:core:fi_param_get_():279<info> variable enable_unrestricted_end_ro=<not set>
libfabric:235898:1713854796::cxi:core:fi_param_get_():279<info> variable odp=<not set>
libfabric:235898:1713854796::cxi:core:fi_param_get_():279<info> variable force_odp=<not set>
libfabric:235898:1713854796::cxi:core:fi_param_get_():279<info> variable ats=<not set>
libfabric:235898:1713854796::cxi:core:fi_param_get_():279<info> variable iotlb=<not set>
libfabric:235898:1713854796::cxi:core:fi_param_get_():279<info> variable ats_mlock_mode=<not set>
libfabric:235898:1713854796::cxi:core:fi_param_get_():279<info> variable device_name=<not set>
libfabric:235898:1713854796::cxi:core:fi_param_get_():279<info> variable telemetry=<not set>
libfabric:235898:1713854796::cxi:core:fi_param_get_():279<info> variable telemetry_rgid=<not set>
libfabric:235898:1713854796::cxi:core:fi_param_get_():288<info> read string var rx_match_mode=hybrid
libfabric:235898:1713854796::cxi:core:fi_param_get_():279<info> variable rdzv_threshold=<not set>
libfabric:235898:1713854796::cxi:core:fi_param_get_():279<info> variable rdzv_get_min=<not set>
libfabric:235898:1713854796::cxi:core:fi_param_get_():279<info> variable rdzv_eager_size=<not set>
libfabric:235898:1713854796::cxi:core:fi_param_get_():279<info> variable oflow_buf_size=<not set>
libfabric:235898:1713854796::cxi:core:fi_param_get_():279<info> variable oflow_buf_count=<not set>
libfabric:235898:1713854796::cxi:core:fi_param_get_():279<info> variable oflow_buf_min_posted=<not set>
libfabric:235898:1713854796::cxi:core:fi_param_get_():279<info> variable oflow_buf_max_cached=<not set>
libfabric:235898:1713854796::cxi:core:fi_param_get_():279<info> variable safe_devmem_copy_threshold=<not set>
libfabric:235898:1713854796::cxi:core:fi_param_get_():279<info> variable optimized_mrs=<not set>
libfabric:235898:1713854796::cxi:core:fi_param_get_():279<info> variable llring_mode=<not set>
libfabric:235898:1713854796::cxi:core:fi_param_get_():279<info> variable zbcoll_radix=<not set>
libfabric:235898:1713854796::cxi:core:fi_param_get_():279<info> variable cq_policy=<not set>
libfabric:235898:1713854796::cxi:core:fi_param_get_():279<info> variable default_vni=<not set>
libfabric:235898:1713854796::cxi:core:fi_param_get_():279<info> variable eq_ack_batch_size=<not set>
libfabric:235898:1713854796::cxi:core:fi_param_get_():279<info> variable msg_lossless=<not set>
libfabric:235898:1713854796::cxi:core:fi_param_get_():279<info> variable req_buf_size=<not set>
libfabric:235898:1713854796::cxi:core:fi_param_get_():279<info> variable req_buf_min_posted=<not set>
libfabric:235898:1713854796::cxi:core:fi_param_get_():279<info> variable req_buf_max_count=<not set>
libfabric:235898:1713854796::cxi:core:fi_param_get_():279<info> variable req_buf_max_cached=<not set>
libfabric:235898:1713854796::cxi:core:fi_param_get_():279<info> variable hybrid_preemptive=<not set>
libfabric:235898:1713854796::cxi:core:fi_param_get_():279<info> variable hybrid_recv_preemptive=<not set>
libfabric:235898:1713854796::cxi:core:fi_param_get_():279<info> variable fc_retry_usec_delay=<not set>
libfabric:235898:1713854796::cxi:core:fi_param_get_():279<info> variable sw_rx_tx_init_max=<not set>
libfabric:235898:1713854796::cxi:core:fi_param_get_():279<info> variable ctrl_rx_eq_max_size=<not set>
libfabric:235898:1713854796::cxi:core:fi_param_get_():279<info> variable default_cq_size=<not set>
libfabric:235898:1713854796::cxi:core:fi_param_get_():279<info> variable disable_cq_hugetlb=<not set>
libfabric:235898:1713854796::cxi:core:fi_param_get_():279<info> variable disable_eq_hugetlb=<not set>
libfabric:235898:1713854796::cxi:core:fi_param_get_():279<info> variable cq_fill_percent=<not set>
libfabric:235898:1713854796::cxi:core:fi_param_get_():279<info> variable coll_job_id=<not set>
libfabric:235898:1713854796::cxi:core:fi_param_get_():279<info> variable coll_step_id=<not set>
libfabric:235898:1713854796::cxi:core:fi_param_get_():279<info> variable coll_fabric_mgr_url=<not set>
libfabric:235898:1713854796::cxi:core:fi_param_get_():279<info> variable coll_fabric_mgr_token=<not set>
libfabric:235898:1713854796::cxi:core:fi_param_get_():279<info> variable coll_use_dma_put=<not set>
libfabric:235898:1713854796::cxi:core:fi_param_get_():279<info> variable coll_timeout_usec=<not set>
libfabric:235898:1713854796::cxi:core:fi_param_get_():279<info> variable default_tx_size=<not set>
libfabric:235898:1713854796::cxi:core:fi_param_get_():279<info> variable disable_hmem_dev_register=<not set>
libfabric:235898:1713854796::cxi:core:fi_param_get_():279<info> variable force_ze_hmem_support=<not set>
libfabric:235898:1713854796::cxi:core:fi_param_get_():279<info> variable rdzv_proto=<not set>
libfabric:235898:1713854796::core:core:ofi_register_provider():468<info> registering provider: cxi (0.1)
libfabric:235898:1713854796::ofi_rxm:core:fi_param_get_():279<info> variable enable_passthru=<not set>
libfabric:235898:1713854796::ofi_rxm:core:fi_param_get_():279<info> variable buffer_size=<not set>
libfabric:235898:1713854796::ofi_rxm:core:fi_param_get_():279<info> variable tx_size=<not set>
libfabric:235898:1713854796::ofi_rxm:core:fi_param_get_():279<info> variable rx_size=<not set>
libfabric:235898:1713854796::ofi_rxm:core:fi_param_get_():279<info> variable msg_tx_size=<not set>
libfabric:235898:1713854796::ofi_rxm:core:fi_param_get_():279<info> variable msg_rx_size=<not set>
libfabric:235898:1713854796::ofi_rxm:core:fi_param_get_():279<info> variable cm_progress_interval=<not set>
libfabric:235898:1713854796::ofi_rxm:core:fi_param_get_():279<info> variable cq_eq_fairness=<not set>
libfabric:235898:1713854796::ofi_rxm:core:fi_param_get_():279<info> variable data_auto_progress=<not set>
libfabric:235898:1713854796::ofi_rxm:core:fi_param_get_():279<info> variable use_rndv_write=<not set>
libfabric:235898:1713854796::ofi_rxm:core:fi_param_get_():279<info> variable def_wait_obj=<not set>
libfabric:235898:1713854796::ofi_rxm:core:fi_param_get_():279<info> variable def_tcp_wait_obj=<not set>
libfabric:235898:1713854796::core:core:ofi_register_provider():468<info> registering provider: ofi_rxm (115.20)
libfabric:235898:1713854796::ofi_rxd:core:fi_param_get_():279<info> variable spin_count=<not set>
libfabric:235898:1713854796::ofi_rxd:core:fi_param_get_():279<info> variable retry=<not set>
libfabric:235898:1713854796::ofi_rxd:core:fi_param_get_():279<info> variable max_peers=<not set>
libfabric:235898:1713854796::ofi_rxd:core:fi_param_get_():279<info> variable max_unacked=<not set>
libfabric:235898:1713854796::core:core:ofi_register_provider():468<info> registering provider: ofi_rxd (115.20)
libfabric:235898:1713854796::core:core:ofi_register_provider():468<info> registering provider: udp (115.20)
libfabric:235898:1713854796::tcp:core:fi_param_get_():279<info> variable port_high_range=<not set>
libfabric:235898:1713854796::tcp:core:fi_param_get_():279<info> variable port_low_range=<not set>
libfabric:235898:1713854796::tcp:core:fi_param_get_():279<info> variable tx_size=<not set>
libfabric:235898:1713854796::tcp:core:fi_param_get_():279<info> variable rx_size=<not set>
libfabric:235898:1713854796::tcp:core:fi_param_get_():279<info> variable nodelay=<not set>
libfabric:235898:1713854796::tcp:core:fi_param_get_():279<info> variable staging_sbuf_size=<not set>
libfabric:235898:1713854796::tcp:core:fi_param_get_():279<info> variable prefetch_rbuf_size=<not set>
libfabric:235898:1713854796::tcp:core:fi_param_get_():279<info> variable zerocopy_size=<not set>
libfabric:235898:1713854796::core:core:ofi_register_provider():468<info> registering provider: tcp (115.20)
libfabric:235898:1713854796::core:core:ofi_register_provider():468<info> registering provider: ofi_hook_perf (115.20)
libfabric:235898:1713854796::core:core:ofi_register_provider():468<info> registering provider: ofi_hook_debug (115.20)
libfabric:235898:1713854796::core:core:fi_param_get_():279<info> variable hmem=<not set>
libfabric:235898:1713854796::core:core:ofi_hmem_init():334<info> Hmem iface FI_HMEM_CUDA not supported
libfabric:235898:1713854797::core:core:rocr_hmem_dl_init():290<info> Unable to dlopen libhsa-runtime64.so
libfabric:235898:1713854797::core:core:ofi_hmem_init():334<info> Hmem iface FI_HMEM_ROCR not supported
libfabric:235898:1713854797::core:core:fi_param_get_():288<info> read string var log_level=debug
libfabric:235898:1713854797::core:core:ze_hmem_dl_init():474<warn> Failed to dlopen libze_loader.so
libfabric:235898:1713854797::core:core:ofi_hmem_init():339<warn> Failed to initialize hmem iface FI_HMEM_ZE: No data available
libfabric:235898:1713854797::core:core:ofi_hmem_init():334<info> Hmem iface FI_HMEM_NEURON not supported
libfabric:235898:1713854797::core:core:fi_param_get_():279<info> variable hmem_disable_p2p=<not set>
libfabric:235898:1713854797::core:core:ofi_register_provider():468<info> registering provider: ofi_hook_hmem (1.0)
libfabric:235898:1713854797::core:core:fi_param_get_():288<info> read string var log_level=debug
libfabric:235898:1713854797::core:core:ze_hmem_dl_init():474<warn> Failed to dlopen libze_loader.so
libfabric:235898:1713854797::core:core:ofi_register_provider():468<info> registering provider: ofi_hook_dmabuf_peer_mem (115.20)
libfabric:235898:1713854797::core:core:ofi_register_provider():468<info> registering provider: ofi_hook_noop (115.20)
libfabric:235898:1713854797::core:core:fi_getinfo_():1137<warn> Requested version is newer than library
libfabric:235898:1713854797::ofi_rxm:core:fi_param_get_():279<info> variable use_srx=<not set>
libfabric:235898:1713854797:ofi_rxm:core:core:ofi_layering_ok():1080<info> Need core provider, skipping ofi_rxd
libfabric:235898:1713854797::ofi_rxm:core:ofi_check_info():1084<info> Unsupported capabilities
libfabric:235898:1713854797::ofi_rxm:core:ofi_check_info():1085<info> Supported: FI_MSG, FI_RMA, FI_TAGGED, FI_ATOMIC, FI_READ, FI_WRITE, FI_RECV, FI_SEND, FI_REMOTE_READ, FI_REMOTE_WRITE, FI_MULTI_RECV, FI_LOCAL_COMM, FI_REMOTE_COMM, FI_SOURCE, FI_DIRECTED_RECV
libfabric:235898:1713854797::ofi_rxm:core:ofi_check_info():1085<info> Requested: FI_RMA, FI_ATOMIC, FI_HMEM
libfabric:235898:1713854797::ofi_rxm:core:fi_param_get_():279<info> variable use_srx=<not set>
libfabric:235898:1713854797:ofi_rxm:core:core:ofi_layering_ok():1080<info> Need core provider, skipping ofi_rxm
libfabric:235898:1713854797:ofi_rxm:core:core:ofi_layering_ok():1080<info> Need core provider, skipping ofi_rxd
libfabric:235898:1713854797:ofi_rxm:udp:core:ofi_check_ep_type():681<info> unsupported endpoint type
libfabric:235898:1713854797:ofi_rxm:udp:core:ofi_check_ep_type():682<info> Supported: FI_EP_DGRAM
libfabric:235898:1713854797:ofi_rxm:udp:core:ofi_check_ep_type():682<info> Requested: FI_EP_MSG
libfabric:235898:1713854797:ofi_rxm:core:core:fi_getinfo_():1185<info> fi_getinfo: provider udp returned -61 (No data available)
libfabric:235898:1713854797:ofi_rxm:tcp:core:ofi_check_info():1084<info> Unsupported capabilities
libfabric:235898:1713854797:ofi_rxm:tcp:core:ofi_check_info():1085<info> Supported: FI_MSG, FI_RMA, FI_READ, FI_WRITE, FI_RECV, FI_SEND, FI_REMOTE_READ, FI_REMOTE_WRITE, FI_RMA_PMEM, FI_LOCAL_COMM, FI_REMOTE_COMM, FI_RMA_EVENT
libfabric:235898:1713854797:ofi_rxm:tcp:core:ofi_check_info():1085<info> Requested: FI_MSG, FI_RMA, FI_READ, FI_RECV, FI_SEND, FI_REMOTE_READ, FI_REMOTE_WRITE, FI_HMEM
libfabric:235898:1713854797:ofi_rxm:tcp:core:ofi_check_info():1084<info> Unsupported capabilities
libfabric:235898:1713854797:ofi_rxm:tcp:core:ofi_check_info():1085<info> Supported: FI_MSG, FI_RMA, FI_TAGGED, FI_READ, FI_WRITE, FI_RECV, FI_SEND, FI_REMOTE_READ, FI_REMOTE_WRITE, FI_RMA_PMEM, FI_LOCAL_COMM, FI_REMOTE_COMM, FI_RMA_EVENT
libfabric:235898:1713854797:ofi_rxm:tcp:core:ofi_check_info():1085<info> Requested: FI_MSG, FI_RMA, FI_READ, FI_RECV, FI_SEND, FI_REMOTE_READ, FI_REMOTE_WRITE, FI_HMEM
libfabric:235898:1713854797:ofi_rxm:core:core:fi_getinfo_():1185<info> fi_getinfo: provider tcp returned -61 (No data available)
libfabric:235898:1713854797:ofi_rxm:cxi:core:ofi_check_ep_type():681<info> unsupported endpoint type
libfabric:235898:1713854797:ofi_rxm:cxi:core:ofi_check_ep_type():682<info> Supported: FI_EP_RDM
libfabric:235898:1713854797:ofi_rxm:cxi:core:ofi_check_ep_type():682<info> Requested: FI_EP_MSG
libfabric:235898:1713854797:ofi_rxm:cxi:core:ofi_check_ep_type():681<info> unsupported endpoint type
libfabric:235898:1713854797:ofi_rxm:cxi:core:ofi_check_ep_type():682<info> Supported: FI_EP_RDM
libfabric:235898:1713854797:ofi_rxm:cxi:core:ofi_check_ep_type():682<info> Requested: FI_EP_MSG
libfabric:235898:1713854797:ofi_rxm:cxi:core:ofi_check_ep_type():681<info> unsupported endpoint type
libfabric:235898:1713854797:ofi_rxm:cxi:core:ofi_check_ep_type():682<info> Supported: FI_EP_RDM
libfabric:235898:1713854797:ofi_rxm:cxi:core:ofi_check_ep_type():682<info> Requested: FI_EP_MSG
libfabric:235898:1713854797:ofi_rxm:cxi:core:ofi_check_ep_type():681<info> unsupported endpoint type
libfabric:235898:1713854797:ofi_rxm:cxi:core:ofi_check_ep_type():682<info> Supported: FI_EP_RDM
libfabric:235898:1713854797:ofi_rxm:cxi:core:ofi_check_ep_type():682<info> Requested: FI_EP_MSG
libfabric:235898:1713854797:ofi_rxm:core:core:fi_getinfo_():1185<info> fi_getinfo: provider cxi returned -61 (No data available)
libfabric:235898:1713854797::ofi_rxm:core:ofi_check_info():1084<info> Unsupported capabilities
libfabric:235898:1713854797::ofi_rxm:core:ofi_check_info():1085<info> Supported: FI_MSG, FI_RMA, FI_TAGGED, FI_ATOMIC, FI_COLLECTIVE, FI_READ, FI_WRITE, FI_RECV, FI_SEND, FI_REMOTE_READ, FI_REMOTE_WRITE, FI_MULTI_RECV, FI_LOCAL_COMM, FI_REMOTE_COMM, FI_SOURCE, FI_DIRECTED_RECV
libfabric:235898:1713854797::ofi_rxm:core:ofi_check_info():1085<info> Requested: FI_RMA, FI_ATOMIC, FI_HMEM
libfabric:235898:1713854797::core:core:fi_getinfo_():1185<info> fi_getinfo: provider ofi_rxm returned -61 (No data available)
libfabric:235898:1713854797::ofi_rxd:core:ofi_check_info():1084<info> Unsupported capabilities
libfabric:235898:1713854797::ofi_rxd:core:ofi_check_info():1085<info> Supported: FI_MSG, FI_RMA, FI_TAGGED, FI_ATOMIC, FI_READ, FI_WRITE, FI_RECV, FI_SEND, FI_REMOTE_READ, FI_REMOTE_WRITE, FI_MULTI_RECV, FI_LOCAL_COMM, FI_REMOTE_COMM, FI_RMA_EVENT, FI_SOURCE, FI_DIRECTED_RECV
libfabric:235898:1713854797::ofi_rxd:core:ofi_check_info():1085<info> Requested: FI_RMA, FI_ATOMIC, FI_HMEM
libfabric:235898:1713854797::core:core:fi_getinfo_():1185<info> fi_getinfo: provider ofi_rxd returned -61 (No data available)
libfabric:235898:1713854797::udp:core:ofi_check_ep_type():681<info> unsupported endpoint type
libfabric:235898:1713854797::udp:core:ofi_check_ep_type():682<info> Supported: FI_EP_DGRAM
libfabric:235898:1713854797::udp:core:ofi_check_ep_type():682<info> Requested: FI_EP_RDM
libfabric:235898:1713854797::core:core:fi_getinfo_():1185<info> fi_getinfo: provider udp returned -61 (No data available)
libfabric:235898:1713854797::tcp:core:ofi_check_ep_type():681<info> unsupported endpoint type
libfabric:235898:1713854797::tcp:core:ofi_check_ep_type():682<info> Supported: FI_EP_MSG
libfabric:235898:1713854797::tcp:core:ofi_check_ep_type():682<info> Requested: FI_EP_RDM
libfabric:235898:1713854797::tcp:core:ofi_check_ep_type():681<info> unsupported endpoint type
libfabric:235898:1713854797::tcp:core:ofi_check_ep_type():682<info> Supported: FI_EP_MSG
libfabric:235898:1713854797::tcp:core:ofi_check_ep_type():682<info> Requested: FI_EP_RDM
libfabric:235898:1713854797::core:core:fi_getinfo_():1185<info> fi_getinfo: provider tcp returned -61 (No data available)
libfabric:235898:1713854797::cxi:fabric:cxip_gen_auth_key_ss_env_get_vni():1243<info> nid006368: SLINGSHOT_VNIS not found
libfabric:235898:1713854797::cxi:fabric:cxip_gen_auth_key_best_svc_id():1485<info> nid006368: Generated auth key (1:1) for cxi0
libfabric:235898:1713854797::cxi:fabric:cxip_alter_auth_key():1540<info> nid006368: Assigned auth key (1:1) to cxi0
libfabric:235898:1713854797::cxi:fabric:cxip_gen_auth_key_ss_env_get_vni():1243<info> nid006368: SLINGSHOT_VNIS not found
libfabric:235898:1713854797::cxi:fabric:cxip_gen_auth_key_best_svc_id():1485<info> nid006368: Generated auth key (1:1) for cxi0
libfabric:235898:1713854797::cxi:fabric:cxip_alter_auth_key():1540<info> nid006368: Assigned auth key (1:1) to cxi0
libfabric:235898:1713854797::cxi:fabric:cxip_gen_auth_key_ss_env_get_vni():1243<info> nid006368: SLINGSHOT_VNIS not found
libfabric:235898:1713854797::cxi:fabric:cxip_gen_auth_key_best_svc_id():1485<info> nid006368: Generated auth key (1:1) for cxi0
libfabric:235898:1713854797::cxi:fabric:cxip_alter_auth_key():1540<info> nid006368: Assigned auth key (1:1) to cxi0
libfabric:235898:1713854797::cxi:fabric:cxip_gen_auth_key_ss_env_get_vni():1243<info> nid006368: SLINGSHOT_VNIS not found
libfabric:235898:1713854797::cxi:fabric:cxip_gen_auth_key_best_svc_id():1485<info> nid006368: Generated auth key (1:1) for cxi0
libfabric:235898:1713854797::cxi:fabric:cxip_alter_auth_key():1540<info> nid006368: Assigned auth key (1:1) to cxi0
libfabric:235898:1713854797::core:mr:ofi_monitor_import():970<info> setting imported memory monitor as default
libfabric:235898:1713854797::core:core:fi_fabric_():1383<info> Opened fabric: cxi
libfabric:235898:1713854797::cxi:core:ofi_check_rx_attr():829<info> Tx only caps ignored in Rx caps
libfabric:235898:1713854797::cxi:core:ofi_check_tx_attr():927<info> Rx only caps ignored in Tx caps
libfabric:235898:1713854797::cxi:core:ofi_check_rx_attr():829<info> Tx only caps ignored in Rx caps
libfabric:235898:1713854797::cxi:core:ofi_check_tx_attr():927<info> Rx only caps ignored in Tx caps
libfabric:235898:1713854797::cxi:core:ofi_check_info():1099<info> address format not supported
libfabric:235898:1713854797::cxi:core:ofi_check_info():1101<info> Supported: FI_ADDR_CXI_COMPAT
libfabric:235898:1713854797::cxi:core:ofi_check_info():1101<info> Requested: FI_ADDR_CXI
libfabric:235898:1713854797::cxi:core:ofi_check_info():1099<info> address format not supported
libfabric:235898:1713854797::cxi:core:ofi_check_info():1101<info> Supported: FI_ADDR_CXI_COMPAT
libfabric:235898:1713854797::cxi:core:ofi_check_info():1101<info> Requested: FI_ADDR_CXI
libfabric:235898:1713854797::cxi:domain:cxip_domain_enable():142<warn> nid006368: Security Issue: Using unrestricted service ID 1 for cxi0. Please provide a service ID via auth_key fields.
libfabric:235898:1713854797::cxi:mr:cxip_iomm_init():296<info> nid006368: Domain ATS: 0 ODP: 0 HMEM: 1 Scalable: 0
libfabric:235898:1713854797::cxi:mr:cxip_iomm_init():323<info> nid006368: MR cache enabled for FI_HMEM_SYSTEM memory
libfabric:235898:1713854797::cxi:domain:cxip_domain_enable():180<info> nid006368: DOM (cxi0:40:1:1:0x12b92): Domain enabled
libfabric:235898:1713854797::cxi:core:ofi_check_rx_attr():829<info> Tx only caps ignored in Rx caps
libfabric:235898:1713854797::cxi:core:ofi_check_tx_attr():927<info> Rx only caps ignored in Tx caps
libfabric:235898:1713854797::cxi:core:ofi_check_rx_attr():829<info> Tx only caps ignored in Rx caps
libfabric:235898:1713854797::cxi:core:ofi_check_tx_attr():927<info> Rx only caps ignored in Tx caps
libfabric:235898:1713854797::cxi:core:ofi_check_info():1099<info> address format not supported
libfabric:235898:1713854797::cxi:core:ofi_check_info():1101<info> Supported: FI_ADDR_CXI_COMPAT
libfabric:235898:1713854797::cxi:core:ofi_check_info():1101<info> Requested: FI_ADDR_CXI
libfabric:235898:1713854797::cxi:core:ofi_check_info():1099<info> address format not supported
libfabric:235898:1713854797::cxi:core:ofi_check_info():1101<info> Supported: FI_ADDR_CXI_COMPAT
libfabric:235898:1713854797::cxi:core:ofi_check_info():1101<info> Requested: FI_ADDR_CXI
libfabric:235898:1713854797::cxi:ep_ctrl:cxip_coll_enable():3510<info> nid006368: FI_COLLECTIVE not requested
libfabric:235899:1713854801::core:core:fi_param_get_():279<info> variable perf_cntr=<not set>
libfabric:235899:1713854801::core:core:fi_param_get_():279<info> variable hook=<not set>
libfabric:235899:1713854801::core:core:fi_param_get_():279<info> variable hmem=<not set>
libfabric:235899:1713854802::core:core:ofi_hmem_init():334<info> Hmem iface FI_HMEM_CUDA not supported
libfabric:235899:1713854802::core:core:rocr_hmem_dl_init():290<info> Unable to dlopen libhsa-runtime64.so
libfabric:235899:1713854802::core:core:ofi_hmem_init():334<info> Hmem iface FI_HMEM_ROCR not supported
libfabric:235899:1713854802::core:core:fi_param_get_():288<info> read string var log_level=debug
libfabric:235899:1713854802::core:core:ze_hmem_dl_init():474<warn> Failed to dlopen libze_loader.so
libfabric:235899:1713854802::core:core:ofi_hmem_init():339<warn> Failed to initialize hmem iface FI_HMEM_ZE: No data available
libfabric:235899:1713854802::core:core:ofi_hmem_init():334<info> Hmem iface FI_HMEM_NEURON not supported
libfabric:235899:1713854802::core:core:fi_param_get_():279<info> variable hmem_disable_p2p=<not set>
libfabric:235899:1713854802::core:core:fi_param_get_():279<info> variable mr_cache_max_size=<not set>
libfabric:235899:1713854802::core:core:fi_param_get_():279<info> variable mr_cache_max_count=<not set>
libfabric:235899:1713854802::core:core:fi_param_get_():288<info> read string var mr_cache_monitor=userfaultfd
libfabric:235899:1713854802::core:core:fi_param_get_():279<info> variable mr_cuda_cache_monitor_enabled=<not set>
libfabric:235899:1713854802::core:core:fi_param_get_():279<info> variable mr_rocr_cache_monitor_enabled=<not set>
libfabric:235899:1713854802::core:core:fi_param_get_():279<info> variable mr_ze_cache_monitor_enabled=<not set>
libfabric:235899:1713854802::core:mr:ofi_default_cache_size():82<info> default cache size=1055348832
libfabric:235899:1713854802::core:core:fi_param_get_():279<info> variable provider=<not set>
libfabric:235899:1713854802::core:core:fi_param_get_():279<info> variable universe_size=<not set>
libfabric:235899:1713854802::core:core:fi_param_get_():279<info> variable poll_fairness=<not set>
libfabric:235899:1713854802::core:core:fi_param_get_():279<info> variable cxi_compat=<not set>
libfabric:235899:1713854802::core:core:fi_param_get_():279<info> variable provider_path=<not set>
libfabric:235899:1713854802::core:core:ofi_load_dl_prov():709<info> restricted_dl: setting FI_PROVIDER_PATH to "/opt/cray/libfabric/1.15.2.0/lib64/libfabric"
libfabric:235899:1713854802::cxi:core:fi_param_get_():279<info> variable rget_tc=<not set>
libfabric:235899:1713854802::cxi:core:fi_param_get_():279<info> variable rdzv_aligned_sw_rget=<not set>
libfabric:235899:1713854802::cxi:core:fi_param_get_():279<info> variable enable_trig_op_limit=<not set>
libfabric:235899:1713854802::cxi:core:fi_param_get_():279<info> variable disable_non_inject_msg_idc=<not set>
libfabric:235899:1713854802::cxi:core:fi_param_get_():279<info> variable disable_host_register=<not set>
libfabric:235899:1713854802::cxi:core:fi_param_get_():279<info> variable enable_unrestricted_end_ro=<not set>
libfabric:235899:1713854802::cxi:core:fi_param_get_():279<info> variable odp=<not set>
libfabric:235899:1713854802::cxi:core:fi_param_get_():279<info> variable force_odp=<not set>
libfabric:235899:1713854802::cxi:core:fi_param_get_():279<info> variable ats=<not set>
libfabric:235899:1713854802::cxi:core:fi_param_get_():279<info> variable iotlb=<not set>
libfabric:235899:1713854802::cxi:core:fi_param_get_():279<info> variable ats_mlock_mode=<not set>
libfabric:235899:1713854802::cxi:core:fi_param_get_():279<info> variable device_name=<not set>
libfabric:235899:1713854802::cxi:core:fi_param_get_():279<info> variable telemetry=<not set>
libfabric:235899:1713854802::cxi:core:fi_param_get_():279<info> variable telemetry_rgid=<not set>
libfabric:235899:1713854802::cxi:core:fi_param_get_():288<info> read string var rx_match_mode=hybrid
libfabric:235899:1713854802::cxi:core:fi_param_get_():279<info> variable rdzv_threshold=<not set>
libfabric:235899:1713854802::cxi:core:fi_param_get_():279<info> variable rdzv_get_min=<not set>
libfabric:235899:1713854802::cxi:core:fi_param_get_():279<info> variable rdzv_eager_size=<not set>
libfabric:235899:1713854802::cxi:core:fi_param_get_():279<info> variable oflow_buf_size=<not set>
libfabric:235899:1713854802::cxi:core:fi_param_get_():279<info> variable oflow_buf_count=<not set>
libfabric:235899:1713854802::cxi:core:fi_param_get_():279<info> variable oflow_buf_min_posted=<not set>
libfabric:235899:1713854802::cxi:core:fi_param_get_():279<info> variable oflow_buf_max_cached=<not set>
libfabric:235899:1713854802::cxi:core:fi_param_get_():279<info> variable safe_devmem_copy_threshold=<not set>
libfabric:235899:1713854802::cxi:core:fi_param_get_():279<info> variable optimized_mrs=<not set>
libfabric:235899:1713854802::cxi:core:fi_param_get_():279<info> variable llring_mode=<not set>
libfabric:235899:1713854802::cxi:core:fi_param_get_():279<info> variable zbcoll_radix=<not set>
libfabric:235899:1713854802::cxi:core:fi_param_get_():279<info> variable cq_policy=<not set>
libfabric:235899:1713854802::cxi:core:fi_param_get_():279<info> variable default_vni=<not set>
libfabric:235899:1713854802::cxi:core:fi_param_get_():279<info> variable eq_ack_batch_size=<not set>
libfabric:235899:1713854802::cxi:core:fi_param_get_():279<info> variable msg_lossless=<not set>
libfabric:235899:1713854802::cxi:core:fi_param_get_():279<info> variable req_buf_size=<not set>
libfabric:235899:1713854802::cxi:core:fi_param_get_():279<info> variable req_buf_min_posted=<not set>
libfabric:235899:1713854802::cxi:core:fi_param_get_():279<info> variable req_buf_max_count=<not set>
libfabric:235899:1713854802::cxi:core:fi_param_get_():279<info> variable req_buf_max_cached=<not set>
libfabric:235899:1713854802::cxi:core:fi_param_get_():279<info> variable hybrid_preemptive=<not set>
libfabric:235899:1713854802::cxi:core:fi_param_get_():279<info> variable hybrid_recv_preemptive=<not set>
libfabric:235899:1713854802::cxi:core:fi_param_get_():279<info> variable fc_retry_usec_delay=<not set>
libfabric:235899:1713854802::cxi:core:fi_param_get_():279<info> variable sw_rx_tx_init_max=<not set>
libfabric:235899:1713854802::cxi:core:fi_param_get_():279<info> variable ctrl_rx_eq_max_size=<not set>
libfabric:235899:1713854802::cxi:core:fi_param_get_():279<info> variable default_cq_size=<not set>
libfabric:235899:1713854802::cxi:core:fi_param_get_():279<info> variable disable_cq_hugetlb=<not set>
libfabric:235899:1713854802::cxi:core:fi_param_get_():279<info> variable disable_eq_hugetlb=<not set>
libfabric:235899:1713854802::cxi:core:fi_param_get_():279<info> variable cq_fill_percent=<not set>
libfabric:235899:1713854802::cxi:core:fi_param_get_():279<info> variable coll_job_id=<not set>
libfabric:235899:1713854802::cxi:core:fi_param_get_():279<info> variable coll_step_id=<not set>
libfabric:235899:1713854802::cxi:core:fi_param_get_():279<info> variable coll_fabric_mgr_url=<not set>
libfabric:235899:1713854802::cxi:core:fi_param_get_():279<info> variable coll_fabric_mgr_token=<not set>
libfabric:235899:1713854802::cxi:core:fi_param_get_():279<info> variable coll_use_dma_put=<not set>
libfabric:235899:1713854802::cxi:core:fi_param_get_():279<info> variable coll_timeout_usec=<not set>
libfabric:235899:1713854802::cxi:core:fi_param_get_():279<info> variable default_tx_size=<not set>
libfabric:235899:1713854802::cxi:core:fi_param_get_():279<info> variable disable_hmem_dev_register=<not set>
libfabric:235899:1713854802::cxi:core:fi_param_get_():279<info> variable force_ze_hmem_support=<not set>
libfabric:235899:1713854802::cxi:core:fi_param_get_():279<info> variable rdzv_proto=<not set>
libfabric:235899:1713854802::core:core:ofi_register_provider():468<info> registering provider: cxi (0.1)
libfabric:235899:1713854802::ofi_rxm:core:fi_param_get_():279<info> variable enable_passthru=<not set>
libfabric:235899:1713854802::ofi_rxm:core:fi_param_get_():279<info> variable buffer_size=<not set>
libfabric:235899:1713854802::ofi_rxm:core:fi_param_get_():279<info> variable tx_size=<not set>
libfabric:235899:1713854802::ofi_rxm:core:fi_param_get_():279<info> variable rx_size=<not set>
libfabric:235899:1713854802::ofi_rxm:core:fi_param_get_():279<info> variable msg_tx_size=<not set>
libfabric:235899:1713854802::ofi_rxm:core:fi_param_get_():279<info> variable msg_rx_size=<not set>
libfabric:235899:1713854802::ofi_rxm:core:fi_param_get_():279<info> variable cm_progress_interval=<not set>
libfabric:235899:1713854802::ofi_rxm:core:fi_param_get_():279<info> variable cq_eq_fairness=<not set>
libfabric:235899:1713854802::ofi_rxm:core:fi_param_get_():279<info> variable data_auto_progress=<not set>
libfabric:235899:1713854802::ofi_rxm:core:fi_param_get_():279<info> variable use_rndv_write=<not set>
libfabric:235899:1713854802::ofi_rxm:core:fi_param_get_():279<info> variable def_wait_obj=<not set>
libfabric:235899:1713854802::ofi_rxm:core:fi_param_get_():279<info> variable def_tcp_wait_obj=<not set>
libfabric:235899:1713854802::core:core:ofi_register_provider():468<info> registering provider: ofi_rxm (115.20)
libfabric:235899:1713854802::ofi_rxd:core:fi_param_get_():279<info> variable spin_count=<not set>
libfabric:235899:1713854802::ofi_rxd:core:fi_param_get_():279<info> variable retry=<not set>
libfabric:235899:1713854802::ofi_rxd:core:fi_param_get_():279<info> variable max_peers=<not set>
libfabric:235899:1713854802::ofi_rxd:core:fi_param_get_():279<info> variable max_unacked=<not set>
libfabric:235899:1713854802::core:core:ofi_register_provider():468<info> registering provider: ofi_rxd (115.20)
libfabric:235899:1713854802::core:core:ofi_register_provider():468<info> registering provider: udp (115.20)
libfabric:235899:1713854802::tcp:core:fi_param_get_():279<info> variable port_high_range=<not set>
libfabric:235899:1713854802::tcp:core:fi_param_get_():279<info> variable port_low_range=<not set>
libfabric:235899:1713854802::tcp:core:fi_param_get_():279<info> variable tx_size=<not set>
libfabric:235899:1713854802::tcp:core:fi_param_get_():279<info> variable rx_size=<not set>
libfabric:235899:1713854802::tcp:core:fi_param_get_():279<info> variable nodelay=<not set>
libfabric:235899:1713854802::tcp:core:fi_param_get_():279<info> variable staging_sbuf_size=<not set>
libfabric:235899:1713854802::tcp:core:fi_param_get_():279<info> variable prefetch_rbuf_size=<not set>
libfabric:235899:1713854802::tcp:core:fi_param_get_():279<info> variable zerocopy_size=<not set>
libfabric:235899:1713854802::core:core:ofi_register_provider():468<info> registering provider: tcp (115.20)
libfabric:235899:1713854802::core:core:ofi_register_provider():468<info> registering provider: ofi_hook_perf (115.20)
libfabric:235899:1713854802::core:core:ofi_register_provider():468<info> registering provider: ofi_hook_debug (115.20)
libfabric:235899:1713854802::core:core:fi_param_get_():279<info> variable hmem=<not set>
libfabric:235899:1713854802::core:core:ofi_hmem_init():334<info> Hmem iface FI_HMEM_CUDA not supported
libfabric:235899:1713854802::core:core:rocr_hmem_dl_init():290<info> Unable to dlopen libhsa-runtime64.so
libfabric:235899:1713854802::core:core:ofi_hmem_init():334<info> Hmem iface FI_HMEM_ROCR not supported
libfabric:235899:1713854802::core:core:fi_param_get_():288<info> read string var log_level=debug
libfabric:235899:1713854802::core:core:ze_hmem_dl_init():474<warn> Failed to dlopen libze_loader.so
libfabric:235899:1713854802::core:core:ofi_hmem_init():339<warn> Failed to initialize hmem iface FI_HMEM_ZE: No data available
libfabric:235899:1713854802::core:core:ofi_hmem_init():334<info> Hmem iface FI_HMEM_NEURON not supported
libfabric:235899:1713854802::core:core:fi_param_get_():279<info> variable hmem_disable_p2p=<not set>
libfabric:235899:1713854802::core:core:ofi_register_provider():468<info> registering provider: ofi_hook_hmem (1.0)
libfabric:235899:1713854802::core:core:fi_param_get_():288<info> read string var log_level=debug
libfabric:235899:1713854802::core:core:ze_hmem_dl_init():474<warn> Failed to dlopen libze_loader.so
libfabric:235899:1713854802::core:core:ofi_register_provider():468<info> registering provider: ofi_hook_dmabuf_peer_mem (115.20)
libfabric:235899:1713854802::core:core:ofi_register_provider():468<info> registering provider: ofi_hook_noop (115.20)
libfabric:235899:1713854802::core:core:fi_getinfo_():1137<warn> Requested version is newer than library
libfabric:235899:1713854802::ofi_rxm:core:fi_param_get_():279<info> variable use_srx=<not set>
libfabric:235899:1713854802:ofi_rxm:core:core:ofi_layering_ok():1080<info> Need core provider, skipping ofi_rxd
libfabric:235899:1713854802::ofi_rxm:core:ofi_check_info():1084<info> Unsupported capabilities
libfabric:235899:1713854802::ofi_rxm:core:ofi_check_info():1085<info> Supported: FI_MSG, FI_RMA, FI_TAGGED, FI_ATOMIC, FI_READ, FI_WRITE, FI_RECV, FI_SEND, FI_REMOTE_READ, FI_REMOTE_WRITE, FI_MULTI_RECV, FI_LOCAL_COMM, FI_REMOTE_COMM, FI_SOURCE, FI_DIRECTED_RECV
libfabric:235899:1713854802::ofi_rxm:core:ofi_check_info():1085<info> Requested: FI_RMA, FI_ATOMIC, FI_HMEM
libfabric:235899:1713854802::ofi_rxm:core:fi_param_get_():279<info> variable use_srx=<not set>
libfabric:235899:1713854802:ofi_rxm:core:core:ofi_layering_ok():1080<info> Need core provider, skipping ofi_rxm
libfabric:235899:1713854802:ofi_rxm:core:core:ofi_layering_ok():1080<info> Need core provider, skipping ofi_rxd
libfabric:235899:1713854802:ofi_rxm:udp:core:ofi_check_ep_type():681<info> unsupported endpoint type
libfabric:235899:1713854802:ofi_rxm:udp:core:ofi_check_ep_type():682<info> Supported: FI_EP_DGRAM
libfabric:235899:1713854802:ofi_rxm:udp:core:ofi_check_ep_type():682<info> Requested: FI_EP_MSG
libfabric:235899:1713854802:ofi_rxm:core:core:fi_getinfo_():1185<info> fi_getinfo: provider udp returned -61 (No data available)
libfabric:235899:1713854802:ofi_rxm:tcp:core:ofi_check_info():1084<info> Unsupported capabilities
libfabric:235899:1713854802:ofi_rxm:tcp:core:ofi_check_info():1085<info> Supported: FI_MSG, FI_RMA, FI_READ, FI_WRITE, FI_RECV, FI_SEND, FI_REMOTE_READ, FI_REMOTE_WRITE, FI_RMA_PMEM, FI_LOCAL_COMM, FI_REMOTE_COMM, FI_RMA_EVENT
libfabric:235899:1713854802:ofi_rxm:tcp:core:ofi_check_info():1085<info> Requested: FI_MSG, FI_RMA, FI_READ, FI_RECV, FI_SEND, FI_REMOTE_READ, FI_REMOTE_WRITE, FI_HMEM
libfabric:235899:1713854802:ofi_rxm:tcp:core:ofi_check_info():1084<info> Unsupported capabilities
libfabric:235899:1713854802:ofi_rxm:tcp:core:ofi_check_info():1085<info> Supported: FI_MSG, FI_RMA, FI_TAGGED, FI_READ, FI_WRITE, FI_RECV, FI_SEND, FI_REMOTE_READ, FI_REMOTE_WRITE, FI_RMA_PMEM, FI_LOCAL_COMM, FI_REMOTE_COMM, FI_RMA_EVENT
libfabric:235899:1713854802:ofi_rxm:tcp:core:ofi_check_info():1085<info> Requested: FI_MSG, FI_RMA, FI_READ, FI_RECV, FI_SEND, FI_REMOTE_READ, FI_REMOTE_WRITE, FI_HMEM
libfabric:235899:1713854802:ofi_rxm:core:core:fi_getinfo_():1185<info> fi_getinfo: provider tcp returned -61 (No data available)
libfabric:235899:1713854802:ofi_rxm:cxi:core:ofi_check_ep_type():681<info> unsupported endpoint type
libfabric:235899:1713854802:ofi_rxm:cxi:core:ofi_check_ep_type():682<info> Supported: FI_EP_RDM
libfabric:235899:1713854802:ofi_rxm:cxi:core:ofi_check_ep_type():682<info> Requested: FI_EP_MSG
libfabric:235899:1713854802:ofi_rxm:cxi:core:ofi_check_ep_type():681<info> unsupported endpoint type
libfabric:235899:1713854802:ofi_rxm:cxi:core:ofi_check_ep_type():682<info> Supported: FI_EP_RDM
libfabric:235899:1713854802:ofi_rxm:cxi:core:ofi_check_ep_type():682<info> Requested: FI_EP_MSG
libfabric:235899:1713854802:ofi_rxm:cxi:core:ofi_check_ep_type():681<info> unsupported endpoint type
libfabric:235899:1713854802:ofi_rxm:cxi:core:ofi_check_ep_type():682<info> Supported: FI_EP_RDM
libfabric:235899:1713854802:ofi_rxm:cxi:core:ofi_check_ep_type():682<info> Requested: FI_EP_MSG
libfabric:235899:1713854802:ofi_rxm:cxi:core:ofi_check_ep_type():681<info> unsupported endpoint type
libfabric:235899:1713854802:ofi_rxm:cxi:core:ofi_check_ep_type():682<info> Supported: FI_EP_RDM
libfabric:235899:1713854802:ofi_rxm:cxi:core:ofi_check_ep_type():682<info> Requested: FI_EP_MSG
libfabric:235899:1713854802:ofi_rxm:core:core:fi_getinfo_():1185<info> fi_getinfo: provider cxi returned -61 (No data available)
libfabric:235899:1713854802::ofi_rxm:core:ofi_check_info():1084<info> Unsupported capabilities
libfabric:235899:1713854802::ofi_rxm:core:ofi_check_info():1085<info> Supported: FI_MSG, FI_RMA, FI_TAGGED, FI_ATOMIC, FI_COLLECTIVE, FI_READ, FI_WRITE, FI_RECV, FI_SEND, FI_REMOTE_READ, FI_REMOTE_WRITE, FI_MULTI_RECV, FI_LOCAL_COMM, FI_REMOTE_COMM, FI_SOURCE, FI_DIRECTED_RECV
libfabric:235899:1713854802::ofi_rxm:core:ofi_check_info():1085<info> Requested: FI_RMA, FI_ATOMIC, FI_HMEM
libfabric:235899:1713854802::core:core:fi_getinfo_():1185<info> fi_getinfo: provider ofi_rxm returned -61 (No data available)
libfabric:235899:1713854802::ofi_rxd:core:ofi_check_info():1084<info> Unsupported capabilities
libfabric:235899:1713854802::ofi_rxd:core:ofi_check_info():1085<info> Supported: FI_MSG, FI_RMA, FI_TAGGED, FI_ATOMIC, FI_READ, FI_WRITE, FI_RECV, FI_SEND, FI_REMOTE_READ, FI_REMOTE_WRITE, FI_MULTI_RECV, FI_LOCAL_COMM, FI_REMOTE_COMM, FI_RMA_EVENT, FI_SOURCE, FI_DIRECTED_RECV
libfabric:235899:1713854802::ofi_rxd:core:ofi_check_info():1085<info> Requested: FI_RMA, FI_ATOMIC, FI_HMEM
libfabric:235899:1713854802::core:core:fi_getinfo_():1185<info> fi_getinfo: provider ofi_rxd returned -61 (No data available)
libfabric:235899:1713854802::udp:core:ofi_check_ep_type():681<info> unsupported endpoint type
libfabric:235899:1713854802::udp:core:ofi_check_ep_type():682<info> Supported: FI_EP_DGRAM
libfabric:235899:1713854802::udp:core:ofi_check_ep_type():682<info> Requested: FI_EP_RDM
libfabric:235899:1713854802::core:core:fi_getinfo_():1185<info> fi_getinfo: provider udp returned -61 (No data available)
libfabric:235899:1713854802::tcp:core:ofi_check_ep_type():681<info> unsupported endpoint type
libfabric:235899:1713854802::tcp:core:ofi_check_ep_type():682<info> Supported: FI_EP_MSG
libfabric:235899:1713854802::tcp:core:ofi_check_ep_type():682<info> Requested: FI_EP_RDM
libfabric:235899:1713854802::tcp:core:ofi_check_ep_type():681<info> unsupported endpoint type
libfabric:235899:1713854802::tcp:core:ofi_check_ep_type():682<info> Supported: FI_EP_MSG
libfabric:235899:1713854802::tcp:core:ofi_check_ep_type():682<info> Requested: FI_EP_RDM
libfabric:235899:1713854802::core:core:fi_getinfo_():1185<info> fi_getinfo: provider tcp returned -61 (No data available)
libfabric:235899:1713854802::cxi:fabric:cxip_gen_auth_key_ss_env_get_vni():1243<info> nid006368: SLINGSHOT_VNIS not found
libfabric:235899:1713854802::cxi:fabric:cxip_gen_auth_key_best_svc_id():1485<info> nid006368: Generated auth key (1:1) for cxi0
libfabric:235899:1713854802::cxi:fabric:cxip_alter_auth_key():1540<info> nid006368: Assigned auth key (1:1) to cxi0
libfabric:235899:1713854802::cxi:fabric:cxip_gen_auth_key_ss_env_get_vni():1243<info> nid006368: SLINGSHOT_VNIS not found
libfabric:235899:1713854802::cxi:fabric:cxip_gen_auth_key_best_svc_id():1485<info> nid006368: Generated auth key (1:1) for cxi0
libfabric:235899:1713854802::cxi:fabric:cxip_alter_auth_key():1540<info> nid006368: Assigned auth key (1:1) to cxi0
libfabric:235899:1713854802::cxi:fabric:cxip_gen_auth_key_ss_env_get_vni():1243<info> nid006368: SLINGSHOT_VNIS not found
libfabric:235899:1713854802::cxi:fabric:cxip_gen_auth_key_best_svc_id():1485<info> nid006368: Generated auth key (1:1) for cxi0
libfabric:235899:1713854802::cxi:fabric:cxip_alter_auth_key():1540<info> nid006368: Assigned auth key (1:1) to cxi0
libfabric:235899:1713854802::cxi:fabric:cxip_gen_auth_key_ss_env_get_vni():1243<info> nid006368: SLINGSHOT_VNIS not found
libfabric:235899:1713854802::cxi:fabric:cxip_gen_auth_key_best_svc_id():1485<info> nid006368: Generated auth key (1:1) for cxi0
libfabric:235899:1713854802::cxi:fabric:cxip_alter_auth_key():1540<info> nid006368: Assigned auth key (1:1) to cxi0
libfabric:235899:1713854802::core:mr:ofi_monitor_import():970<info> setting imported memory monitor as default
libfabric:235899:1713854802::core:core:fi_fabric_():1383<info> Opened fabric: cxi
libfabric:235899:1713854802::cxi:core:ofi_check_rx_attr():829<info> Tx only caps ignored in Rx caps
libfabric:235899:1713854802::cxi:core:ofi_check_tx_attr():927<info> Rx only caps ignored in Tx caps
libfabric:235899:1713854802::cxi:core:ofi_check_rx_attr():829<info> Tx only caps ignored in Rx caps
libfabric:235899:1713854802::cxi:core:ofi_check_tx_attr():927<info> Rx only caps ignored in Tx caps
libfabric:235899:1713854802::cxi:core:ofi_check_info():1099<info> address format not supported
libfabric:235899:1713854802::cxi:core:ofi_check_info():1101<info> Supported: FI_ADDR_CXI_COMPAT
libfabric:235899:1713854802::cxi:core:ofi_check_info():1101<info> Requested: FI_ADDR_CXI
libfabric:235899:1713854802::cxi:core:ofi_check_info():1099<info> address format not supported
libfabric:235899:1713854802::cxi:core:ofi_check_info():1101<info> Supported: FI_ADDR_CXI_COMPAT
libfabric:235899:1713854802::cxi:core:ofi_check_info():1101<info> Requested: FI_ADDR_CXI
libfabric:235899:1713854802::cxi:domain:cxip_domain_enable():142<warn> nid006368: Security Issue: Using unrestricted service ID 1 for cxi0. Please provide a service ID via auth_key fields.
libfabric:235899:1713854802::cxi:mr:cxip_iomm_init():296<info> nid006368: Domain ATS: 0 ODP: 0 HMEM: 1 Scalable: 0
libfabric:235899:1713854802::cxi:mr:cxip_iomm_init():323<info> nid006368: MR cache enabled for FI_HMEM_SYSTEM memory
libfabric:235899:1713854802::cxi:domain:cxip_domain_enable():180<info> nid006368: DOM (cxi0:65:1:1:0x12b92): Domain enabled
libfabric:235899:1713854802::cxi:core:ofi_check_rx_attr():829<info> Tx only caps ignored in Rx caps
libfabric:235899:1713854802::cxi:core:ofi_check_tx_attr():927<info> Rx only caps ignored in Tx caps
libfabric:235899:1713854802::cxi:core:ofi_check_rx_attr():829<info> Tx only caps ignored in Rx caps
libfabric:235899:1713854802::cxi:core:ofi_check_tx_attr():927<info> Rx only caps ignored in Tx caps
libfabric:235899:1713854802::cxi:core:ofi_check_info():1099<info> address format not supported
libfabric:235899:1713854802::cxi:core:ofi_check_info():1101<info> Supported: FI_ADDR_CXI_COMPAT
libfabric:235899:1713854802::cxi:core:ofi_check_info():1101<info> Requested: FI_ADDR_CXI
libfabric:235899:1713854802::cxi:core:ofi_check_info():1099<info> address format not supported
libfabric:235899:1713854802::cxi:core:ofi_check_info():1101<info> Supported: FI_ADDR_CXI_COMPAT
libfabric:235899:1713854802::cxi:core:ofi_check_info():1101<info> Requested: FI_ADDR_CXI
libfabric:235899:1713854802::cxi:ep_ctrl:cxip_coll_enable():3510<info> nid006368: FI_COLLECTIVE not requested
libfabric:235896:1713854818::core:core:fi_param_get_():279<info> variable perf_cntr=<not set>
libfabric:235896:1713854818::core:core:fi_param_get_():279<info> variable hook=<not set>
libfabric:235896:1713854818::core:core:fi_param_get_():279<info> variable hmem=<not set>
libfabric:235896:1713854819::core:core:ofi_hmem_init():334<info> Hmem iface FI_HMEM_CUDA not supported
libfabric:235896:1713854819::core:core:rocr_hmem_dl_init():290<info> Unable to dlopen libhsa-runtime64.so
libfabric:235896:1713854819::core:core:ofi_hmem_init():334<info> Hmem iface FI_HMEM_ROCR not supported
libfabric:235896:1713854819::core:core:fi_param_get_():288<info> read string var log_level=debug
libfabric:235896:1713854819::core:core:ze_hmem_dl_init():474<warn> Failed to dlopen libze_loader.so
libfabric:235896:1713854819::core:core:ofi_hmem_init():339<warn> Failed to initialize hmem iface FI_HMEM_ZE: No data available
libfabric:235896:1713854819::core:core:ofi_hmem_init():334<info> Hmem iface FI_HMEM_NEURON not supported
libfabric:235896:1713854819::core:core:fi_param_get_():279<info> variable hmem_disable_p2p=<not set>
libfabric:235896:1713854819::core:core:fi_param_get_():279<info> variable mr_cache_max_size=<not set>
libfabric:235896:1713854819::core:core:fi_param_get_():279<info> variable mr_cache_max_count=<not set>
libfabric:235896:1713854819::core:core:fi_param_get_():288<info> read string var mr_cache_monitor=userfaultfd
libfabric:235896:1713854819::core:core:fi_param_get_():279<info> variable mr_cuda_cache_monitor_enabled=<not set>
libfabric:235896:1713854819::core:core:fi_param_get_():279<info> variable mr_rocr_cache_monitor_enabled=<not set>
libfabric:235896:1713854819::core:core:fi_param_get_():279<info> variable mr_ze_cache_monitor_enabled=<not set>
libfabric:235896:1713854819::core:mr:ofi_default_cache_size():82<info> default cache size=1055348832
libfabric:235896:1713854819::core:core:fi_param_get_():279<info> variable provider=<not set>
libfabric:235896:1713854819::core:core:fi_param_get_():279<info> variable universe_size=<not set>
libfabric:235896:1713854819::core:core:fi_param_get_():279<info> variable poll_fairness=<not set>
libfabric:235896:1713854819::core:core:fi_param_get_():279<info> variable cxi_compat=<not set>
libfabric:235896:1713854819::core:core:fi_param_get_():279<info> variable provider_path=<not set>
libfabric:235896:1713854819::core:core:ofi_load_dl_prov():709<info> restricted_dl: setting FI_PROVIDER_PATH to "/opt/cray/libfabric/1.15.2.0/lib64/libfabric"
libfabric:235896:1713854819::cxi:core:fi_param_get_():279<info> variable rget_tc=<not set>
libfabric:235896:1713854819::cxi:core:fi_param_get_():279<info> variable rdzv_aligned_sw_rget=<not set>
libfabric:235896:1713854819::cxi:core:fi_param_get_():279<info> variable enable_trig_op_limit=<not set>
libfabric:235896:1713854819::cxi:core:fi_param_get_():279<info> variable disable_non_inject_msg_idc=<not set>
libfabric:235896:1713854819::cxi:core:fi_param_get_():279<info> variable disable_host_register=<not set>
libfabric:235896:1713854819::cxi:core:fi_param_get_():279<info> variable enable_unrestricted_end_ro=<not set>
libfabric:235896:1713854819::cxi:core:fi_param_get_():279<info> variable odp=<not set>
libfabric:235896:1713854819::cxi:core:fi_param_get_():279<info> variable force_odp=<not set>
libfabric:235896:1713854819::cxi:core:fi_param_get_():279<info> variable ats=<not set>
libfabric:235896:1713854819::cxi:core:fi_param_get_():279<info> variable iotlb=<not set>
libfabric:235896:1713854819::cxi:core:fi_param_get_():279<info> variable ats_mlock_mode=<not set>
libfabric:235896:1713854819::cxi:core:fi_param_get_():279<info> variable device_name=<not set>
libfabric:235896:1713854819::cxi:core:fi_param_get_():279<info> variable telemetry=<not set>
libfabric:235896:1713854819::cxi:core:fi_param_get_():279<info> variable telemetry_rgid=<not set>
libfabric:235896:1713854819::cxi:core:fi_param_get_():288<info> read string var rx_match_mode=hybrid
libfabric:235896:1713854819::cxi:core:fi_param_get_():279<info> variable rdzv_threshold=<not set>
libfabric:235896:1713854819::cxi:core:fi_param_get_():279<info> variable rdzv_get_min=<not set>
libfabric:235896:1713854819::cxi:core:fi_param_get_():279<info> variable rdzv_eager_size=<not set>
libfabric:235896:1713854819::cxi:core:fi_param_get_():279<info> variable oflow_buf_size=<not set>
libfabric:235896:1713854819::cxi:core:fi_param_get_():279<info> variable oflow_buf_count=<not set>
libfabric:235896:1713854819::cxi:core:fi_param_get_():279<info> variable oflow_buf_min_posted=<not set>
libfabric:235896:1713854819::cxi:core:fi_param_get_():279<info> variable oflow_buf_max_cached=<not set>
libfabric:235896:1713854819::cxi:core:fi_param_get_():279<info> variable safe_devmem_copy_threshold=<not set>
libfabric:235896:1713854819::cxi:core:fi_param_get_():279<info> variable optimized_mrs=<not set>
libfabric:235896:1713854819::cxi:core:fi_param_get_():279<info> variable llring_mode=<not set>
libfabric:235896:1713854819::cxi:core:fi_param_get_():279<info> variable zbcoll_radix=<not set>
libfabric:235896:1713854819::cxi:core:fi_param_get_():279<info> variable cq_policy=<not set>
libfabric:235896:1713854819::cxi:core:fi_param_get_():279<info> variable default_vni=<not set>
libfabric:235896:1713854819::cxi:core:fi_param_get_():279<info> variable eq_ack_batch_size=<not set>
libfabric:235896:1713854819::cxi:core:fi_param_get_():279<info> variable msg_lossless=<not set>
libfabric:235896:1713854819::cxi:core:fi_param_get_():279<info> variable req_buf_size=<not set>
libfabric:235896:1713854819::cxi:core:fi_param_get_():279<info> variable req_buf_min_posted=<not set>
libfabric:235896:1713854819::cxi:core:fi_param_get_():279<info> variable req_buf_max_count=<not set>
libfabric:235896:1713854819::cxi:core:fi_param_get_():279<info> variable req_buf_max_cached=<not set>
libfabric:235896:1713854819::cxi:core:fi_param_get_():279<info> variable hybrid_preemptive=<not set>
libfabric:235896:1713854819::cxi:core:fi_param_get_():279<info> variable hybrid_recv_preemptive=<not set>
libfabric:235896:1713854819::cxi:core:fi_param_get_():279<info> variable fc_retry_usec_delay=<not set>
libfabric:235896:1713854819::cxi:core:fi_param_get_():279<info> variable sw_rx_tx_init_max=<not set>
libfabric:235896:1713854819::cxi:core:fi_param_get_():279<info> variable ctrl_rx_eq_max_size=<not set>
libfabric:235896:1713854819::cxi:core:fi_param_get_():279<info> variable default_cq_size=<not set>
libfabric:235896:1713854819::cxi:core:fi_param_get_():279<info> variable disable_cq_hugetlb=<not set>
libfabric:235896:1713854819::cxi:core:fi_param_get_():279<info> variable disable_eq_hugetlb=<not set>
libfabric:235896:1713854819::cxi:core:fi_param_get_():279<info> variable cq_fill_percent=<not set>
libfabric:235896:1713854819::cxi:core:fi_param_get_():279<info> variable coll_job_id=<not set>
libfabric:235896:1713854819::cxi:core:fi_param_get_():279<info> variable coll_step_id=<not set>
libfabric:235896:1713854819::cxi:core:fi_param_get_():279<info> variable coll_fabric_mgr_url=<not set>
libfabric:235896:1713854819::cxi:core:fi_param_get_():279<info> variable coll_fabric_mgr_token=<not set>
libfabric:235896:1713854819::cxi:core:fi_param_get_():279<info> variable coll_use_dma_put=<not set>
libfabric:235896:1713854819::cxi:core:fi_param_get_():279<info> variable coll_timeout_usec=<not set>
libfabric:235896:1713854819::cxi:core:fi_param_get_():279<info> variable default_tx_size=<not set>
libfabric:235896:1713854819::cxi:core:fi_param_get_():279<info> variable disable_hmem_dev_register=<not set>
libfabric:235896:1713854819::cxi:core:fi_param_get_():279<info> variable force_ze_hmem_support=<not set>
libfabric:235896:1713854819::cxi:core:fi_param_get_():279<info> variable rdzv_proto=<not set>
libfabric:235896:1713854819::core:core:ofi_register_provider():468<info> registering provider: cxi (0.1)
libfabric:235896:1713854819::ofi_rxm:core:fi_param_get_():279<info> variable enable_passthru=<not set>
libfabric:235896:1713854819::ofi_rxm:core:fi_param_get_():279<info> variable buffer_size=<not set>
libfabric:235896:1713854819::ofi_rxm:core:fi_param_get_():279<info> variable tx_size=<not set>
libfabric:235896:1713854819::ofi_rxm:core:fi_param_get_():279<info> variable rx_size=<not set>
libfabric:235896:1713854819::ofi_rxm:core:fi_param_get_():279<info> variable msg_tx_size=<not set>
libfabric:235896:1713854819::ofi_rxm:core:fi_param_get_():279<info> variable msg_rx_size=<not set>
libfabric:235896:1713854819::ofi_rxm:core:fi_param_get_():279<info> variable cm_progress_interval=<not set>
libfabric:235896:1713854819::ofi_rxm:core:fi_param_get_():279<info> variable cq_eq_fairness=<not set>
libfabric:235896:1713854819::ofi_rxm:core:fi_param_get_():279<info> variable data_auto_progress=<not set>
libfabric:235896:1713854819::ofi_rxm:core:fi_param_get_():279<info> variable use_rndv_write=<not set>
libfabric:235896:1713854819::ofi_rxm:core:fi_param_get_():279<info> variable def_wait_obj=<not set>
libfabric:235896:1713854819::ofi_rxm:core:fi_param_get_():279<info> variable def_tcp_wait_obj=<not set>
libfabric:235896:1713854819::core:core:ofi_register_provider():468<info> registering provider: ofi_rxm (115.20)
libfabric:235896:1713854819::ofi_rxd:core:fi_param_get_():279<info> variable spin_count=<not set>
libfabric:235896:1713854819::ofi_rxd:core:fi_param_get_():279<info> variable retry=<not set>
libfabric:235896:1713854819::ofi_rxd:core:fi_param_get_():279<info> variable max_peers=<not set>
libfabric:235896:1713854819::ofi_rxd:core:fi_param_get_():279<info> variable max_unacked=<not set>
libfabric:235896:1713854819::core:core:ofi_register_provider():468<info> registering provider: ofi_rxd (115.20)
libfabric:235896:1713854819::core:core:ofi_register_provider():468<info> registering provider: udp (115.20)
libfabric:235896:1713854819::tcp:core:fi_param_get_():279<info> variable port_high_range=<not set>
libfabric:235896:1713854819::tcp:core:fi_param_get_():279<info> variable port_low_range=<not set>
libfabric:235896:1713854819::tcp:core:fi_param_get_():279<info> variable tx_size=<not set>
libfabric:235896:1713854819::tcp:core:fi_param_get_():279<info> variable rx_size=<not set>
libfabric:235896:1713854819::tcp:core:fi_param_get_():279<info> variable nodelay=<not set>
libfabric:235896:1713854819::tcp:core:fi_param_get_():279<info> variable staging_sbuf_size=<not set>
libfabric:235896:1713854819::tcp:core:fi_param_get_():279<info> variable prefetch_rbuf_size=<not set>
libfabric:235896:1713854819::tcp:core:fi_param_get_():279<info> variable zerocopy_size=<not set>
libfabric:235896:1713854819::core:core:ofi_register_provider():468<info> registering provider: tcp (115.20)
libfabric:235896:1713854819::core:core:ofi_register_provider():468<info> registering provider: ofi_hook_perf (115.20)
libfabric:235896:1713854819::core:core:ofi_register_provider():468<info> registering provider: ofi_hook_debug (115.20)
libfabric:235896:1713854819::core:core:fi_param_get_():279<info> variable hmem=<not set>
libfabric:235896:1713854819::core:core:ofi_hmem_init():334<info> Hmem iface FI_HMEM_CUDA not supported
libfabric:235896:1713854819::core:core:rocr_hmem_dl_init():290<info> Unable to dlopen libhsa-runtime64.so
libfabric:235896:1713854819::core:core:ofi_hmem_init():334<info> Hmem iface FI_HMEM_ROCR not supported
libfabric:235896:1713854819::core:core:fi_param_get_():288<info> read string var log_level=debug
libfabric:235896:1713854819::core:core:ze_hmem_dl_init():474<warn> Failed to dlopen libze_loader.so
libfabric:235896:1713854819::core:core:ofi_hmem_init():339<warn> Failed to initialize hmem iface FI_HMEM_ZE: No data available
libfabric:235896:1713854819::core:core:ofi_hmem_init():334<info> Hmem iface FI_HMEM_NEURON not supported
libfabric:235896:1713854819::core:core:fi_param_get_():279<info> variable hmem_disable_p2p=<not set>
libfabric:235896:1713854819::core:core:ofi_register_provider():468<info> registering provider: ofi_hook_hmem (1.0)
libfabric:235896:1713854819::core:core:fi_param_get_():288<info> read string var log_level=debug
libfabric:235896:1713854820::core:core:ze_hmem_dl_init():474<warn> Failed to dlopen libze_loader.so
libfabric:235896:1713854820::core:core:ofi_register_provider():468<info> registering provider: ofi_hook_dmabuf_peer_mem (115.20)
libfabric:235896:1713854820::core:core:ofi_register_provider():468<info> registering provider: ofi_hook_noop (115.20)
libfabric:235896:1713854820::core:core:fi_getinfo_():1137<warn> Requested version is newer than library
libfabric:235896:1713854820::ofi_rxm:core:fi_param_get_():279<info> variable use_srx=<not set>
libfabric:235896:1713854820:ofi_rxm:core:core:ofi_layering_ok():1080<info> Need core provider, skipping ofi_rxd
libfabric:235896:1713854820::ofi_rxm:core:ofi_check_info():1084<info> Unsupported capabilities
libfabric:235896:1713854820::ofi_rxm:core:ofi_check_info():1085<info> Supported: FI_MSG, FI_RMA, FI_TAGGED, FI_ATOMIC, FI_READ, FI_WRITE, FI_RECV, FI_SEND, FI_REMOTE_READ, FI_REMOTE_WRITE, FI_MULTI_RECV, FI_LOCAL_COMM, FI_REMOTE_COMM, FI_SOURCE, FI_DIRECTED_RECV
libfabric:235896:1713854820::ofi_rxm:core:ofi_check_info():1085<info> Requested: FI_RMA, FI_ATOMIC, FI_HMEM
libfabric:235896:1713854820::ofi_rxm:core:fi_param_get_():279<info> variable use_srx=<not set>
libfabric:235896:1713854820:ofi_rxm:core:core:ofi_layering_ok():1080<info> Need core provider, skipping ofi_rxm
libfabric:235896:1713854820:ofi_rxm:core:core:ofi_layering_ok():1080<info> Need core provider, skipping ofi_rxd
libfabric:235896:1713854820:ofi_rxm:udp:core:ofi_check_ep_type():681<info> unsupported endpoint type
libfabric:235896:1713854820:ofi_rxm:udp:core:ofi_check_ep_type():682<info> Supported: FI_EP_DGRAM
libfabric:235896:1713854820:ofi_rxm:udp:core:ofi_check_ep_type():682<info> Requested: FI_EP_MSG
libfabric:235896:1713854820:ofi_rxm:core:core:fi_getinfo_():1185<info> fi_getinfo: provider udp returned -61 (No data available)
libfabric:235896:1713854820:ofi_rxm:tcp:core:ofi_check_info():1084<info> Unsupported capabilities
libfabric:235896:1713854820:ofi_rxm:tcp:core:ofi_check_info():1085<info> Supported: FI_MSG, FI_RMA, FI_READ, FI_WRITE, FI_RECV, FI_SEND, FI_REMOTE_READ, FI_REMOTE_WRITE, FI_RMA_PMEM, FI_LOCAL_COMM, FI_REMOTE_COMM, FI_RMA_EVENT
libfabric:235896:1713854820:ofi_rxm:tcp:core:ofi_check_info():1085<info> Requested: FI_MSG, FI_RMA, FI_READ, FI_RECV, FI_SEND, FI_REMOTE_READ, FI_REMOTE_WRITE, FI_HMEM
libfabric:235896:1713854820:ofi_rxm:tcp:core:ofi_check_info():1084<info> Unsupported capabilities
libfabric:235896:1713854820:ofi_rxm:tcp:core:ofi_check_info():1085<info> Supported: FI_MSG, FI_RMA, FI_TAGGED, FI_READ, FI_WRITE, FI_RECV, FI_SEND, FI_REMOTE_READ, FI_REMOTE_WRITE, FI_RMA_PMEM, FI_LOCAL_COMM, FI_REMOTE_COMM, FI_RMA_EVENT
libfabric:235896:1713854820:ofi_rxm:tcp:core:ofi_check_info():1085<info> Requested: FI_MSG, FI_RMA, FI_READ, FI_RECV, FI_SEND, FI_REMOTE_READ, FI_REMOTE_WRITE, FI_HMEM
libfabric:235896:1713854820:ofi_rxm:core:core:fi_getinfo_():1185<info> fi_getinfo: provider tcp returned -61 (No data available)
libfabric:235896:1713854820:ofi_rxm:cxi:core:ofi_check_ep_type():681<info> unsupported endpoint type
libfabric:235896:1713854820:ofi_rxm:cxi:core:ofi_check_ep_type():682<info> Supported: FI_EP_RDM
libfabric:235896:1713854820:ofi_rxm:cxi:core:ofi_check_ep_type():682<info> Requested: FI_EP_MSG
libfabric:235896:1713854820:ofi_rxm:cxi:core:ofi_check_ep_type():681<info> unsupported endpoint type
libfabric:235896:1713854820:ofi_rxm:cxi:core:ofi_check_ep_type():682<info> Supported: FI_EP_RDM
libfabric:235896:1713854820:ofi_rxm:cxi:core:ofi_check_ep_type():682<info> Requested: FI_EP_MSG
libfabric:235896:1713854820:ofi_rxm:cxi:core:ofi_check_ep_type():681<info> unsupported endpoint type
libfabric:235896:1713854820:ofi_rxm:cxi:core:ofi_check_ep_type():682<info> Supported: FI_EP_RDM
libfabric:235896:1713854820:ofi_rxm:cxi:core:ofi_check_ep_type():682<info> Requested: FI_EP_MSG
libfabric:235896:1713854820:ofi_rxm:cxi:core:ofi_check_ep_type():681<info> unsupported endpoint type
libfabric:235896:1713854820:ofi_rxm:cxi:core:ofi_check_ep_type():682<info> Supported: FI_EP_RDM
libfabric:235896:1713854820:ofi_rxm:cxi:core:ofi_check_ep_type():682<info> Requested: FI_EP_MSG
libfabric:235896:1713854820:ofi_rxm:core:core:fi_getinfo_():1185<info> fi_getinfo: provider cxi returned -61 (No data available)
libfabric:235896:1713854820::ofi_rxm:core:ofi_check_info():1084<info> Unsupported capabilities
libfabric:235896:1713854820::ofi_rxm:core:ofi_check_info():1085<info> Supported: FI_MSG, FI_RMA, FI_TAGGED, FI_ATOMIC, FI_COLLECTIVE, FI_READ, FI_WRITE, FI_RECV, FI_SEND, FI_REMOTE_READ, FI_REMOTE_WRITE, FI_MULTI_RECV, FI_LOCAL_COMM, FI_REMOTE_COMM, FI_SOURCE, FI_DIRECTED_RECV
libfabric:235896:1713854820::ofi_rxm:core:ofi_check_info():1085<info> Requested: FI_RMA, FI_ATOMIC, FI_HMEM
libfabric:235896:1713854820::core:core:fi_getinfo_():1185<info> fi_getinfo: provider ofi_rxm returned -61 (No data available)
libfabric:235896:1713854820::ofi_rxd:core:ofi_check_info():1084<info> Unsupported capabilities
libfabric:235896:1713854820::ofi_rxd:core:ofi_check_info():1085<info> Supported: FI_MSG, FI_RMA, FI_TAGGED, FI_ATOMIC, FI_READ, FI_WRITE, FI_RECV, FI_SEND, FI_REMOTE_READ, FI_REMOTE_WRITE, FI_MULTI_RECV, FI_LOCAL_COMM, FI_REMOTE_COMM, FI_RMA_EVENT, FI_SOURCE, FI_DIRECTED_RECV
libfabric:235896:1713854820::ofi_rxd:core:ofi_check_info():1085<info> Requested: FI_RMA, FI_ATOMIC, FI_HMEM
libfabric:235896:1713854820::core:core:fi_getinfo_():1185<info> fi_getinfo: provider ofi_rxd returned -61 (No data available)
libfabric:235896:1713854820::udp:core:ofi_check_ep_type():681<info> unsupported endpoint type
libfabric:235896:1713854820::udp:core:ofi_check_ep_type():682<info> Supported: FI_EP_DGRAM
libfabric:235896:1713854820::udp:core:ofi_check_ep_type():682<info> Requested: FI_EP_RDM
libfabric:235896:1713854820::core:core:fi_getinfo_():1185<info> fi_getinfo: provider udp returned -61 (No data available)
libfabric:235896:1713854820::tcp:core:ofi_check_ep_type():681<info> unsupported endpoint type
libfabric:235896:1713854820::tcp:core:ofi_check_ep_type():682<info> Supported: FI_EP_MSG
libfabric:235896:1713854820::tcp:core:ofi_check_ep_type():682<info> Requested: FI_EP_RDM
libfabric:235896:1713854820::tcp:core:ofi_check_ep_type():681<info> unsupported endpoint type
libfabric:235896:1713854820::tcp:core:ofi_check_ep_type():682<info> Supported: FI_EP_MSG
libfabric:235896:1713854820::tcp:core:ofi_check_ep_type():682<info> Requested: FI_EP_RDM
libfabric:235896:1713854820::core:core:fi_getinfo_():1185<info> fi_getinfo: provider tcp returned -61 (No data available)
libfabric:235896:1713854820::cxi:fabric:cxip_gen_auth_key_ss_env_get_vni():1243<info> nid006368: SLINGSHOT_VNIS not found
libfabric:235896:1713854820::cxi:fabric:cxip_gen_auth_key_best_svc_id():1485<info> nid006368: Generated auth key (1:1) for cxi0
libfabric:235896:1713854820::cxi:fabric:cxip_alter_auth_key():1540<info> nid006368: Assigned auth key (1:1) to cxi0
libfabric:235896:1713854820::cxi:fabric:cxip_gen_auth_key_ss_env_get_vni():1243<info> nid006368: SLINGSHOT_VNIS not found
libfabric:235896:1713854820::cxi:fabric:cxip_gen_auth_key_best_svc_id():1485<info> nid006368: Generated auth key (1:1) for cxi0
libfabric:235896:1713854820::cxi:fabric:cxip_alter_auth_key():1540<info> nid006368: Assigned auth key (1:1) to cxi0
libfabric:235896:1713854820::cxi:fabric:cxip_gen_auth_key_ss_env_get_vni():1243<info> nid006368: SLINGSHOT_VNIS not found
libfabric:235896:1713854820::cxi:fabric:cxip_gen_auth_key_best_svc_id():1485<info> nid006368: Generated auth key (1:1) for cxi0
libfabric:235896:1713854820::cxi:fabric:cxip_alter_auth_key():1540<info> nid006368: Assigned auth key (1:1) to cxi0
libfabric:235896:1713854820::cxi:fabric:cxip_gen_auth_key_ss_env_get_vni():1243<info> nid006368: SLINGSHOT_VNIS not found
libfabric:235896:1713854820::cxi:fabric:cxip_gen_auth_key_best_svc_id():1485<info> nid006368: Generated auth key (1:1) for cxi0
libfabric:235896:1713854820::cxi:fabric:cxip_alter_auth_key():1540<info> nid006368: Assigned auth key (1:1) to cxi0
libfabric:235896:1713854820::core:mr:ofi_monitor_import():970<info> setting imported memory monitor as default
libfabric:235896:1713854820::core:core:fi_fabric_():1383<info> Opened fabric: cxi
libfabric:235896:1713854820::cxi:core:ofi_check_rx_attr():829<info> Tx only caps ignored in Rx caps
libfabric:235896:1713854820::cxi:core:ofi_check_tx_attr():927<info> Rx only caps ignored in Tx caps
libfabric:235896:1713854820::cxi:core:ofi_check_rx_attr():829<info> Tx only caps ignored in Rx caps
libfabric:235896:1713854820::cxi:core:ofi_check_tx_attr():927<info> Rx only caps ignored in Tx caps
libfabric:235896:1713854820::cxi:core:ofi_check_info():1099<info> address format not supported
libfabric:235896:1713854820::cxi:core:ofi_check_info():1101<info> Supported: FI_ADDR_CXI_COMPAT
libfabric:235896:1713854820::cxi:core:ofi_check_info():1101<info> Requested: FI_ADDR_CXI
libfabric:235896:1713854820::cxi:core:ofi_check_info():1099<info> address format not supported
libfabric:235896:1713854820::cxi:core:ofi_check_info():1101<info> Supported: FI_ADDR_CXI_COMPAT
libfabric:235896:1713854820::cxi:core:ofi_check_info():1101<info> Requested: FI_ADDR_CXI
libfabric:235896:1713854820::cxi:domain:cxip_domain_enable():142<warn> nid006368: Security Issue: Using unrestricted service ID 1 for cxi0. Please provide a service ID via auth_key fields.
libfabric:235896:1713854820::cxi:mr:cxip_iomm_init():296<info> nid006368: Domain ATS: 0 ODP: 0 HMEM: 1 Scalable: 0
libfabric:235896:1713854820::cxi:mr:cxip_iomm_init():323<info> nid006368: MR cache enabled for FI_HMEM_SYSTEM memory
libfabric:235896:1713854820::cxi:domain:cxip_domain_enable():180<info> nid006368: DOM (cxi0:80:1:1:0x12b92): Domain enabled
libfabric:235896:1713854820::cxi:core:ofi_check_rx_attr():829<info> Tx only caps ignored in Rx caps
libfabric:235896:1713854820::cxi:core:ofi_check_tx_attr():927<info> Rx only caps ignored in Tx caps
libfabric:235896:1713854820::cxi:core:ofi_check_rx_attr():829<info> Tx only caps ignored in Rx caps
libfabric:235896:1713854820::cxi:core:ofi_check_tx_attr():927<info> Rx only caps ignored in Tx caps
libfabric:235896:1713854820::cxi:core:ofi_check_info():1099<info> address format not supported
libfabric:235896:1713854820::cxi:core:ofi_check_info():1101<info> Supported: FI_ADDR_CXI_COMPAT
libfabric:235896:1713854820::cxi:core:ofi_check_info():1101<info> Requested: FI_ADDR_CXI
libfabric:235896:1713854820::cxi:core:ofi_check_info():1099<info> address format not supported
libfabric:235896:1713854820::cxi:core:ofi_check_info():1101<info> Supported: FI_ADDR_CXI_COMPAT
libfabric:235896:1713854820::cxi:core:ofi_check_info():1101<info> Requested: FI_ADDR_CXI
libfabric:235896:1713854820::cxi:ep_ctrl:cxip_coll_enable():3510<info> nid006368: FI_COLLECTIVE not requested
libfabric:235897:1713854843::core:core:fi_param_get_():279<info> variable perf_cntr=<not set>
libfabric:235897:1713854843::core:core:fi_param_get_():279<info> variable hook=<not set>
libfabric:235897:1713854843::core:core:fi_param_get_():279<info> variable hmem=<not set>
libfabric:235897:1713854844::core:core:ofi_hmem_init():334<info> Hmem iface FI_HMEM_CUDA not supported
libfabric:235897:1713854844::core:core:rocr_hmem_dl_init():290<info> Unable to dlopen libhsa-runtime64.so
libfabric:235897:1713854844::core:core:ofi_hmem_init():334<info> Hmem iface FI_HMEM_ROCR not supported
libfabric:235897:1713854844::core:core:fi_param_get_():288<info> read string var log_level=debug
libfabric:235897:1713854844::core:core:ze_hmem_dl_init():474<warn> Failed to dlopen libze_loader.so
libfabric:235897:1713854844::core:core:ofi_hmem_init():339<warn> Failed to initialize hmem iface FI_HMEM_ZE: No data available
libfabric:235897:1713854844::core:core:ofi_hmem_init():334<info> Hmem iface FI_HMEM_NEURON not supported
libfabric:235897:1713854844::core:core:fi_param_get_():279<info> variable hmem_disable_p2p=<not set>
libfabric:235897:1713854844::core:core:fi_param_get_():279<info> variable mr_cache_max_size=<not set>
libfabric:235897:1713854844::core:core:fi_param_get_():279<info> variable mr_cache_max_count=<not set>
libfabric:235897:1713854844::core:core:fi_param_get_():288<info> read string var mr_cache_monitor=userfaultfd
libfabric:235897:1713854844::core:core:fi_param_get_():279<info> variable mr_cuda_cache_monitor_enabled=<not set>
libfabric:235897:1713854844::core:core:fi_param_get_():279<info> variable mr_rocr_cache_monitor_enabled=<not set>
libfabric:235897:1713854844::core:core:fi_param_get_():279<info> variable mr_ze_cache_monitor_enabled=<not set>
libfabric:235897:1713854844::core:mr:ofi_default_cache_size():82<info> default cache size=1055348832
libfabric:235897:1713854844::core:core:fi_param_get_():279<info> variable provider=<not set>
libfabric:235897:1713854844::core:core:fi_param_get_():279<info> variable universe_size=<not set>
libfabric:235897:1713854844::core:core:fi_param_get_():279<info> variable poll_fairness=<not set>
libfabric:235897:1713854844::core:core:fi_param_get_():279<info> variable cxi_compat=<not set>
libfabric:235897:1713854844::core:core:fi_param_get_():279<info> variable provider_path=<not set>
libfabric:235897:1713854844::core:core:ofi_load_dl_prov():709<info> restricted_dl: setting FI_PROVIDER_PATH to "/opt/cray/libfabric/1.15.2.0/lib64/libfabric"
libfabric:235897:1713854844::cxi:core:fi_param_get_():279<info> variable rget_tc=<not set>
libfabric:235897:1713854844::cxi:core:fi_param_get_():279<info> variable rdzv_aligned_sw_rget=<not set>
libfabric:235897:1713854844::cxi:core:fi_param_get_():279<info> variable enable_trig_op_limit=<not set>
libfabric:235897:1713854844::cxi:core:fi_param_get_():279<info> variable disable_non_inject_msg_idc=<not set>
libfabric:235897:1713854844::cxi:core:fi_param_get_():279<info> variable disable_host_register=<not set>
libfabric:235897:1713854844::cxi:core:fi_param_get_():279<info> variable enable_unrestricted_end_ro=<not set>
libfabric:235897:1713854844::cxi:core:fi_param_get_():279<info> variable odp=<not set>
libfabric:235897:1713854844::cxi:core:fi_param_get_():279<info> variable force_odp=<not set>
libfabric:235897:1713854844::cxi:core:fi_param_get_():279<info> variable ats=<not set>
libfabric:235897:1713854844::cxi:core:fi_param_get_():279<info> variable iotlb=<not set>
libfabric:235897:1713854844::cxi:core:fi_param_get_():279<info> variable ats_mlock_mode=<not set>
libfabric:235897:1713854844::cxi:core:fi_param_get_():279<info> variable device_name=<not set>
libfabric:235897:1713854844::cxi:core:fi_param_get_():279<info> variable telemetry=<not set>
libfabric:235897:1713854844::cxi:core:fi_param_get_():279<info> variable telemetry_rgid=<not set>
libfabric:235897:1713854844::cxi:core:fi_param_get_():288<info> read string var rx_match_mode=hybrid
libfabric:235897:1713854844::cxi:core:fi_param_get_():279<info> variable rdzv_threshold=<not set>
libfabric:235897:1713854844::cxi:core:fi_param_get_():279<info> variable rdzv_get_min=<not set>
libfabric:235897:1713854844::cxi:core:fi_param_get_():279<info> variable rdzv_eager_size=<not set>
libfabric:235897:1713854844::cxi:core:fi_param_get_():279<info> variable oflow_buf_size=<not set>
libfabric:235897:1713854844::cxi:core:fi_param_get_():279<info> variable oflow_buf_count=<not set>
libfabric:235897:1713854844::cxi:core:fi_param_get_():279<info> variable oflow_buf_min_posted=<not set>
libfabric:235897:1713854844::cxi:core:fi_param_get_():279<info> variable oflow_buf_max_cached=<not set>
libfabric:235897:1713854844::cxi:core:fi_param_get_():279<info> variable safe_devmem_copy_threshold=<not set>
libfabric:235897:1713854844::cxi:core:fi_param_get_():279<info> variable optimized_mrs=<not set>
libfabric:235897:1713854844::cxi:core:fi_param_get_():279<info> variable llring_mode=<not set>
libfabric:235897:1713854844::cxi:core:fi_param_get_():279<info> variable zbcoll_radix=<not set>
libfabric:235897:1713854844::cxi:core:fi_param_get_():279<info> variable cq_policy=<not set>
libfabric:235897:1713854844::cxi:core:fi_param_get_():279<info> variable default_vni=<not set>
libfabric:235897:1713854844::cxi:core:fi_param_get_():279<info> variable eq_ack_batch_size=<not set>
libfabric:235897:1713854844::cxi:core:fi_param_get_():279<info> variable msg_lossless=<not set>
libfabric:235897:1713854844::cxi:core:fi_param_get_():279<info> variable req_buf_size=<not set>
libfabric:235897:1713854844::cxi:core:fi_param_get_():279<info> variable req_buf_min_posted=<not set>
libfabric:235897:1713854844::cxi:core:fi_param_get_():279<info> variable req_buf_max_count=<not set>
libfabric:235897:1713854844::cxi:core:fi_param_get_():279<info> variable req_buf_max_cached=<not set>
libfabric:235897:1713854844::cxi:core:fi_param_get_():279<info> variable hybrid_preemptive=<not set>
libfabric:235897:1713854844::cxi:core:fi_param_get_():279<info> variable hybrid_recv_preemptive=<not set>
libfabric:235897:1713854844::cxi:core:fi_param_get_():279<info> variable fc_retry_usec_delay=<not set>
libfabric:235897:1713854844::cxi:core:fi_param_get_():279<info> variable sw_rx_tx_init_max=<not set>
libfabric:235897:1713854844::cxi:core:fi_param_get_():279<info> variable ctrl_rx_eq_max_size=<not set>
libfabric:235897:1713854844::cxi:core:fi_param_get_():279<info> variable default_cq_size=<not set>
libfabric:235897:1713854844::cxi:core:fi_param_get_():279<info> variable disable_cq_hugetlb=<not set>
libfabric:235897:1713854844::cxi:core:fi_param_get_():279<info> variable disable_eq_hugetlb=<not set>
libfabric:235897:1713854844::cxi:core:fi_param_get_():279<info> variable cq_fill_percent=<not set>
libfabric:235897:1713854844::cxi:core:fi_param_get_():279<info> variable coll_job_id=<not set>
libfabric:235897:1713854844::cxi:core:fi_param_get_():279<info> variable coll_step_id=<not set>
libfabric:235897:1713854844::cxi:core:fi_param_get_():279<info> variable coll_fabric_mgr_url=<not set>
libfabric:235897:1713854844::cxi:core:fi_param_get_():279<info> variable coll_fabric_mgr_token=<not set>
libfabric:235897:1713854844::cxi:core:fi_param_get_():279<info> variable coll_use_dma_put=<not set>
libfabric:235897:1713854844::cxi:core:fi_param_get_():279<info> variable coll_timeout_usec=<not set>
libfabric:235897:1713854844::cxi:core:fi_param_get_():279<info> variable default_tx_size=<not set>
libfabric:235897:1713854844::cxi:core:fi_param_get_():279<info> variable disable_hmem_dev_register=<not set>
libfabric:235897:1713854844::cxi:core:fi_param_get_():279<info> variable force_ze_hmem_support=<not set>
libfabric:235897:1713854844::cxi:core:fi_param_get_():279<info> variable rdzv_proto=<not set>
libfabric:235897:1713854845::core:core:ofi_register_provider():468<info> registering provider: cxi (0.1)
libfabric:235897:1713854845::ofi_rxm:core:fi_param_get_():279<info> variable enable_passthru=<not set>
libfabric:235897:1713854845::ofi_rxm:core:fi_param_get_():279<info> variable buffer_size=<not set>
libfabric:235897:1713854845::ofi_rxm:core:fi_param_get_():279<info> variable tx_size=<not set>
libfabric:235897:1713854845::ofi_rxm:core:fi_param_get_():279<info> variable rx_size=<not set>
libfabric:235897:1713854845::ofi_rxm:core:fi_param_get_():279<info> variable msg_tx_size=<not set>
libfabric:235897:1713854845::ofi_rxm:core:fi_param_get_():279<info> variable msg_rx_size=<not set>
libfabric:235897:1713854845::ofi_rxm:core:fi_param_get_():279<info> variable cm_progress_interval=<not set>
libfabric:235897:1713854845::ofi_rxm:core:fi_param_get_():279<info> variable cq_eq_fairness=<not set>
libfabric:235897:1713854845::ofi_rxm:core:fi_param_get_():279<info> variable data_auto_progress=<not set>
libfabric:235897:1713854845::ofi_rxm:core:fi_param_get_():279<info> variable use_rndv_write=<not set>
libfabric:235897:1713854845::ofi_rxm:core:fi_param_get_():279<info> variable def_wait_obj=<not set>
libfabric:235897:1713854845::ofi_rxm:core:fi_param_get_():279<info> variable def_tcp_wait_obj=<not set>
libfabric:235897:1713854845::core:core:ofi_register_provider():468<info> registering provider: ofi_rxm (115.20)
libfabric:235897:1713854845::ofi_rxd:core:fi_param_get_():279<info> variable spin_count=<not set>
libfabric:235897:1713854845::ofi_rxd:core:fi_param_get_():279<info> variable retry=<not set>
libfabric:235897:1713854845::ofi_rxd:core:fi_param_get_():279<info> variable max_peers=<not set>
libfabric:235897:1713854845::ofi_rxd:core:fi_param_get_():279<info> variable max_unacked=<not set>
libfabric:235897:1713854845::core:core:ofi_register_provider():468<info> registering provider: ofi_rxd (115.20)
libfabric:235897:1713854845::core:core:ofi_register_provider():468<info> registering provider: udp (115.20)
libfabric:235897:1713854845::tcp:core:fi_param_get_():279<info> variable port_high_range=<not set>
libfabric:235897:1713854845::tcp:core:fi_param_get_():279<info> variable port_low_range=<not set>
libfabric:235897:1713854845::tcp:core:fi_param_get_():279<info> variable tx_size=<not set>
libfabric:235897:1713854845::tcp:core:fi_param_get_():279<info> variable rx_size=<not set>
libfabric:235897:1713854845::tcp:core:fi_param_get_():279<info> variable nodelay=<not set>
libfabric:235897:1713854845::tcp:core:fi_param_get_():279<info> variable staging_sbuf_size=<not set>
libfabric:235897:1713854845::tcp:core:fi_param_get_():279<info> variable prefetch_rbuf_size=<not set>
libfabric:235897:1713854845::tcp:core:fi_param_get_():279<info> variable zerocopy_size=<not set>
libfabric:235897:1713854845::core:core:ofi_register_provider():468<info> registering provider: tcp (115.20)
libfabric:235897:1713854845::core:core:ofi_register_provider():468<info> registering provider: ofi_hook_perf (115.20)
libfabric:235897:1713854845::core:core:ofi_register_provider():468<info> registering provider: ofi_hook_debug (115.20)
libfabric:235897:1713854845::core:core:fi_param_get_():279<info> variable hmem=<not set>
libfabric:235897:1713854845::core:core:ofi_hmem_init():334<info> Hmem iface FI_HMEM_CUDA not supported
libfabric:235897:1713854845::core:core:rocr_hmem_dl_init():290<info> Unable to dlopen libhsa-runtime64.so
libfabric:235897:1713854845::core:core:ofi_hmem_init():334<info> Hmem iface FI_HMEM_ROCR not supported
libfabric:235897:1713854845::core:core:fi_param_get_():288<info> read string var log_level=debug
libfabric:235897:1713854845::core:core:ze_hmem_dl_init():474<warn> Failed to dlopen libze_loader.so
libfabric:235897:1713854845::core:core:ofi_hmem_init():339<warn> Failed to initialize hmem iface FI_HMEM_ZE: No data available
libfabric:235897:1713854845::core:core:ofi_hmem_init():334<info> Hmem iface FI_HMEM_NEURON not supported
libfabric:235897:1713854845::core:core:fi_param_get_():279<info> variable hmem_disable_p2p=<not set>
libfabric:235897:1713854845::core:core:ofi_register_provider():468<info> registering provider: ofi_hook_hmem (1.0)
libfabric:235897:1713854845::core:core:fi_param_get_():288<info> read string var log_level=debug
libfabric:235897:1713854846::core:core:ze_hmem_dl_init():474<warn> Failed to dlopen libze_loader.so
libfabric:235897:1713854846::core:core:ofi_register_provider():468<info> registering provider: ofi_hook_dmabuf_peer_mem (115.20)
libfabric:235897:1713854846::core:core:ofi_register_provider():468<info> registering provider: ofi_hook_noop (115.20)
libfabric:235897:1713854846::core:core:fi_getinfo_():1137<warn> Requested version is newer than library
libfabric:235897:1713854846::ofi_rxm:core:fi_param_get_():279<info> variable use_srx=<not set>
libfabric:235897:1713854846:ofi_rxm:core:core:ofi_layering_ok():1080<info> Need core provider, skipping ofi_rxd
libfabric:235897:1713854846::ofi_rxm:core:ofi_check_info():1084<info> Unsupported capabilities
libfabric:235897:1713854846::ofi_rxm:core:ofi_check_info():1085<info> Supported: FI_MSG, FI_RMA, FI_TAGGED, FI_ATOMIC, FI_READ, FI_WRITE, FI_RECV, FI_SEND, FI_REMOTE_READ, FI_REMOTE_WRITE, FI_MULTI_RECV, FI_LOCAL_COMM, FI_REMOTE_COMM, FI_SOURCE, FI_DIRECTED_RECV
libfabric:235897:1713854846::ofi_rxm:core:ofi_check_info():1085<info> Requested: FI_RMA, FI_ATOMIC, FI_HMEM
libfabric:235897:1713854846::ofi_rxm:core:fi_param_get_():279<info> variable use_srx=<not set>
libfabric:235897:1713854846:ofi_rxm:core:core:ofi_layering_ok():1080<info> Need core provider, skipping ofi_rxm
libfabric:235897:1713854846:ofi_rxm:core:core:ofi_layering_ok():1080<info> Need core provider, skipping ofi_rxd
libfabric:235897:1713854846:ofi_rxm:udp:core:ofi_check_ep_type():681<info> unsupported endpoint type
libfabric:235897:1713854846:ofi_rxm:udp:core:ofi_check_ep_type():682<info> Supported: FI_EP_DGRAM
libfabric:235897:1713854846:ofi_rxm:udp:core:ofi_check_ep_type():682<info> Requested: FI_EP_MSG
libfabric:235897:1713854846:ofi_rxm:core:core:fi_getinfo_():1185<info> fi_getinfo: provider udp returned -61 (No data available)
libfabric:235897:1713854846:ofi_rxm:tcp:core:ofi_check_info():1084<info> Unsupported capabilities
libfabric:235897:1713854846:ofi_rxm:tcp:core:ofi_check_info():1085<info> Supported: FI_MSG, FI_RMA, FI_READ, FI_WRITE, FI_RECV, FI_SEND, FI_REMOTE_READ, FI_REMOTE_WRITE, FI_RMA_PMEM, FI_LOCAL_COMM, FI_REMOTE_COMM, FI_RMA_EVENT
libfabric:235897:1713854846:ofi_rxm:tcp:core:ofi_check_info():1085<info> Requested: FI_MSG, FI_RMA, FI_READ, FI_RECV, FI_SEND, FI_REMOTE_READ, FI_REMOTE_WRITE, FI_HMEM
libfabric:235897:1713854846:ofi_rxm:tcp:core:ofi_check_info():1084<info> Unsupported capabilities
libfabric:235897:1713854846:ofi_rxm:tcp:core:ofi_check_info():1085<info> Supported: FI_MSG, FI_RMA, FI_TAGGED, FI_READ, FI_WRITE, FI_RECV, FI_SEND, FI_REMOTE_READ, FI_REMOTE_WRITE, FI_RMA_PMEM, FI_LOCAL_COMM, FI_REMOTE_COMM, FI_RMA_EVENT
libfabric:235897:1713854846:ofi_rxm:tcp:core:ofi_check_info():1085<info> Requested: FI_MSG, FI_RMA, FI_READ, FI_RECV, FI_SEND, FI_REMOTE_READ, FI_REMOTE_WRITE, FI_HMEM
libfabric:235897:1713854846:ofi_rxm:core:core:fi_getinfo_():1185<info> fi_getinfo: provider tcp returned -61 (No data available)
libfabric:235897:1713854846:ofi_rxm:cxi:core:ofi_check_ep_type():681<info> unsupported endpoint type
libfabric:235897:1713854846:ofi_rxm:cxi:core:ofi_check_ep_type():682<info> Supported: FI_EP_RDM
libfabric:235897:1713854846:ofi_rxm:cxi:core:ofi_check_ep_type():682<info> Requested: FI_EP_MSG
libfabric:235897:1713854846:ofi_rxm:cxi:core:ofi_check_ep_type():681<info> unsupported endpoint type
libfabric:235897:1713854846:ofi_rxm:cxi:core:ofi_check_ep_type():682<info> Supported: FI_EP_RDM
libfabric:235897:1713854846:ofi_rxm:cxi:core:ofi_check_ep_type():682<info> Requested: FI_EP_MSG
libfabric:235897:1713854846:ofi_rxm:cxi:core:ofi_check_ep_type():681<info> unsupported endpoint type
libfabric:235897:1713854846:ofi_rxm:cxi:core:ofi_check_ep_type():682<info> Supported: FI_EP_RDM
libfabric:235897:1713854846:ofi_rxm:cxi:core:ofi_check_ep_type():682<info> Requested: FI_EP_MSG
libfabric:235897:1713854846:ofi_rxm:cxi:core:ofi_check_ep_type():681<info> unsupported endpoint type
libfabric:235897:1713854846:ofi_rxm:cxi:core:ofi_check_ep_type():682<info> Supported: FI_EP_RDM
libfabric:235897:1713854846:ofi_rxm:cxi:core:ofi_check_ep_type():682<info> Requested: FI_EP_MSG
libfabric:235897:1713854846:ofi_rxm:core:core:fi_getinfo_():1185<info> fi_getinfo: provider cxi returned -61 (No data available)
libfabric:235897:1713854846::ofi_rxm:core:ofi_check_info():1084<info> Unsupported capabilities
libfabric:235897:1713854846::ofi_rxm:core:ofi_check_info():1085<info> Supported: FI_MSG, FI_RMA, FI_TAGGED, FI_ATOMIC, FI_COLLECTIVE, FI_READ, FI_WRITE, FI_RECV, FI_SEND, FI_REMOTE_READ, FI_REMOTE_WRITE, FI_MULTI_RECV, FI_LOCAL_COMM, FI_REMOTE_COMM, FI_SOURCE, FI_DIRECTED_RECV
libfabric:235897:1713854846::ofi_rxm:core:ofi_check_info():1085<info> Requested: FI_RMA, FI_ATOMIC, FI_HMEM
libfabric:235897:1713854846::core:core:fi_getinfo_():1185<info> fi_getinfo: provider ofi_rxm returned -61 (No data available)
libfabric:235897:1713854846::ofi_rxd:core:ofi_check_info():1084<info> Unsupported capabilities
libfabric:235897:1713854846::ofi_rxd:core:ofi_check_info():1085<info> Supported: FI_MSG, FI_RMA, FI_TAGGED, FI_ATOMIC, FI_READ, FI_WRITE, FI_RECV, FI_SEND, FI_REMOTE_READ, FI_REMOTE_WRITE, FI_MULTI_RECV, FI_LOCAL_COMM, FI_REMOTE_COMM, FI_RMA_EVENT, FI_SOURCE, FI_DIRECTED_RECV
libfabric:235897:1713854846::ofi_rxd:core:ofi_check_info():1085<info> Requested: FI_RMA, FI_ATOMIC, FI_HMEM
libfabric:235897:1713854846::core:core:fi_getinfo_():1185<info> fi_getinfo: provider ofi_rxd returned -61 (No data available)
libfabric:235897:1713854846::udp:core:ofi_check_ep_type():681<info> unsupported endpoint type
libfabric:235897:1713854846::udp:core:ofi_check_ep_type():682<info> Supported: FI_EP_DGRAM
libfabric:235897:1713854846::udp:core:ofi_check_ep_type():682<info> Requested: FI_EP_RDM
libfabric:235897:1713854846::core:core:fi_getinfo_():1185<info> fi_getinfo: provider udp returned -61 (No data available)
libfabric:235897:1713854846::tcp:core:ofi_check_ep_type():681<info> unsupported endpoint type
libfabric:235897:1713854846::tcp:core:ofi_check_ep_type():682<info> Supported: FI_EP_MSG
libfabric:235897:1713854846::tcp:core:ofi_check_ep_type():682<info> Requested: FI_EP_RDM
libfabric:235897:1713854846::tcp:core:ofi_check_ep_type():681<info> unsupported endpoint type
libfabric:235897:1713854846::tcp:core:ofi_check_ep_type():682<info> Supported: FI_EP_MSG
libfabric:235897:1713854846::tcp:core:ofi_check_ep_type():682<info> Requested: FI_EP_RDM
libfabric:235897:1713854846::core:core:fi_getinfo_():1185<info> fi_getinfo: provider tcp returned -61 (No data available)
libfabric:235897:1713854846::cxi:fabric:cxip_gen_auth_key_ss_env_get_vni():1243<info> nid006368: SLINGSHOT_VNIS not found
libfabric:235897:1713854846::cxi:fabric:cxip_gen_auth_key_best_svc_id():1485<info> nid006368: Generated auth key (1:1) for cxi0
libfabric:235897:1713854846::cxi:fabric:cxip_alter_auth_key():1540<info> nid006368: Assigned auth key (1:1) to cxi0
libfabric:235897:1713854846::cxi:fabric:cxip_gen_auth_key_ss_env_get_vni():1243<info> nid006368: SLINGSHOT_VNIS not found
libfabric:235897:1713854846::cxi:fabric:cxip_gen_auth_key_best_svc_id():1485<info> nid006368: Generated auth key (1:1) for cxi0
libfabric:235897:1713854846::cxi:fabric:cxip_alter_auth_key():1540<info> nid006368: Assigned auth key (1:1) to cxi0
libfabric:235897:1713854846::cxi:fabric:cxip_gen_auth_key_ss_env_get_vni():1243<info> nid006368: SLINGSHOT_VNIS not found
libfabric:235897:1713854846::cxi:fabric:cxip_gen_auth_key_best_svc_id():1485<info> nid006368: Generated auth key (1:1) for cxi0
libfabric:235897:1713854846::cxi:fabric:cxip_alter_auth_key():1540<info> nid006368: Assigned auth key (1:1) to cxi0
libfabric:235897:1713854846::cxi:fabric:cxip_gen_auth_key_ss_env_get_vni():1243<info> nid006368: SLINGSHOT_VNIS not found
libfabric:235897:1713854846::cxi:fabric:cxip_gen_auth_key_best_svc_id():1485<info> nid006368: Generated auth key (1:1) for cxi0
libfabric:235897:1713854846::cxi:fabric:cxip_alter_auth_key():1540<info> nid006368: Assigned auth key (1:1) to cxi0
libfabric:235897:1713854846::core:mr:ofi_monitor_import():970<info> setting imported memory monitor as default
libfabric:235897:1713854846::core:core:fi_fabric_():1383<info> Opened fabric: cxi
libfabric:235897:1713854846::cxi:core:ofi_check_rx_attr():829<info> Tx only caps ignored in Rx caps
libfabric:235897:1713854846::cxi:core:ofi_check_tx_attr():927<info> Rx only caps ignored in Tx caps
libfabric:235897:1713854846::cxi:core:ofi_check_rx_attr():829<info> Tx only caps ignored in Rx caps
libfabric:235897:1713854846::cxi:core:ofi_check_tx_attr():927<info> Rx only caps ignored in Tx caps
libfabric:235897:1713854846::cxi:core:ofi_check_info():1099<info> address format not supported
libfabric:235897:1713854846::cxi:core:ofi_check_info():1101<info> Supported: FI_ADDR_CXI_COMPAT
libfabric:235897:1713854846::cxi:core:ofi_check_info():1101<info> Requested: FI_ADDR_CXI
libfabric:235897:1713854846::cxi:core:ofi_check_info():1099<info> address format not supported
libfabric:235897:1713854846::cxi:core:ofi_check_info():1101<info> Supported: FI_ADDR_CXI_COMPAT
libfabric:235897:1713854846::cxi:core:ofi_check_info():1101<info> Requested: FI_ADDR_CXI
libfabric:235897:1713854846::cxi:domain:cxip_domain_enable():142<warn> nid006368: Security Issue: Using unrestricted service ID 1 for cxi0. Please provide a service ID via auth_key fields.
libfabric:235897:1713854846::cxi:mr:cxip_iomm_init():296<info> nid006368: Domain ATS: 0 ODP: 0 HMEM: 1 Scalable: 0
libfabric:235897:1713854846::cxi:mr:cxip_iomm_init():323<info> nid006368: MR cache enabled for FI_HMEM_SYSTEM memory
libfabric:235897:1713854846::cxi:domain:cxip_domain_enable():180<info> nid006368: DOM (cxi0:128:1:1:0x12b92): Domain enabled
libfabric:235897:1713854846::cxi:core:ofi_check_rx_attr():829<info> Tx only caps ignored in Rx caps
libfabric:235897:1713854846::cxi:core:ofi_check_tx_attr():927<info> Rx only caps ignored in Tx caps
libfabric:235897:1713854846::cxi:core:ofi_check_rx_attr():829<info> Tx only caps ignored in Rx caps
libfabric:235897:1713854846::cxi:core:ofi_check_tx_attr():927<info> Rx only caps ignored in Tx caps
libfabric:235897:1713854846::cxi:core:ofi_check_info():1099<info> address format not supported
libfabric:235897:1713854846::cxi:core:ofi_check_info():1101<info> Supported: FI_ADDR_CXI_COMPAT
libfabric:235897:1713854846::cxi:core:ofi_check_info():1101<info> Requested: FI_ADDR_CXI
libfabric:235897:1713854846::cxi:core:ofi_check_info():1099<info> address format not supported
libfabric:235897:1713854846::cxi:core:ofi_check_info():1101<info> Supported: FI_ADDR_CXI_COMPAT
libfabric:235897:1713854846::cxi:core:ofi_check_info():1101<info> Requested: FI_ADDR_CXI
libfabric:235897:1713854846::cxi:ep_ctrl:cxip_coll_enable():3510<info> nid006368: FI_COLLECTIVE not requested
NEURON -- VERSION 8.2.4 HEAD (1d87d5d39) 2024-02-09
Duke, Yale, and the BlueBrain Project -- Copyright 1984-2022
See http://neuron.yale.edu/neuron/credits

