srun: Job 25523022 step creation temporarily disabled, retrying (Requested nodes are busy)
srun: Job 25523022 step creation still disabled, retrying (Requested nodes are busy)
srun: Step created for StepId=25523022.21
FAILED to lookup docker image adammwea/netpyneshifter:v5
FAILED to lookup docker image adammwea/netpyneshifter:v5
FAILED to lookup docker image adammwea/netpyneshifter:v5
FAILED to lookup docker image adammwea/netpyneshifter:v5
FAILED to lookup docker image adammwea/netpyneshifter:v5
FAILED to lookup docker image adammwea/netpyneshifter:v5
FAILED to lookup docker image adammwea/netpyneshifter:v5
FAILED to lookup docker image adammwea/netpyneshifter:v5
FAILED to lookup docker image adammwea/netpyneshifter:v5
FAILED to lookup docker image adammwea/netpyneshifter:v5
FAILED to lookup docker image adammwea/netpyneshifter:v5
FAILED to lookup docker image adammwea/netpyneshifter:v5
FAILED to lookup docker image adammwea/netpyneshifter:v5
FAILED to lookup docker image adammwea/netpyneshifter:v5
FAILED to lookup docker image adammwea/netpyneshifter:v5
FAILED to lookup docker image adammwea/netpyneshifter:v5
FAILED to lookup docker image adammwea/netpyneshifter:v5
FAILED to lookup docker image adammwea/netpyneshifter:v5
FAILED to lookup docker image adammwea/netpyneshifter:v5
FAILED to lookup docker image adammwea/netpyneshifter:v5
FAILED to lookup docker image adammwea/netpyneshifter:v5
FAILED to lookup docker image adammwea/netpyneshifter:v5
srun: error: nid004734: tasks 0,10,22,24,72,74,76,78,82,90,92,94,98,100,106-107,110,116,118,120,122,126: Exited with exit code 1
srun: Terminating StepId=25523022.21
slurmstepd: error: *** STEP 25523022.21 ON nid004734 CANCELLED AT 2024-05-12T07:17:38 ***
srun: error: nid004734: tasks 1-2,5,7,12,19,23,25,27,31,35,37,41,43,45,51,53,57,63,65,67,69,71,73,77,79,87,89,96,99,101,109,111,115,119,123: Terminated
FAILED to lookup docker image adammwea/netpyneshifter:v5
srun: error: nid004734: task 97: Exited with exit code 1
FAILED to lookup docker image adammwea/netpyneshifter:v5
srun: error: nid004734: task 105: Exited with exit code 1
srun: error: nid004734: tasks 3-4,6,8-9,11,13-18,20-21,26,28-30,32-34,36,38-40,42,44,46-50,52,54-56,58-62,64,66,68,70,75,80-81,83-86,88,91,93,95,102-104,108,112-114,117,121,124-125,127: Killed
srun: Force Terminated StepId=25523022.21
