srun: Job 25523022 step creation temporarily disabled, retrying (Requested nodes are busy)
srun: Job 25523022 step creation still disabled, retrying (Requested nodes are busy)
srun: Job 25523022 step creation still disabled, retrying (Requested nodes are busy)
srun: Job 25523022 step creation still disabled, retrying (Requested nodes are busy)
srun: Job 25523022 step creation still disabled, retrying (Requested nodes are busy)
srun: Job 25523022 step creation still disabled, retrying (Requested nodes are busy)
srun: Job 25523022 step creation still disabled, retrying (Requested nodes are busy)
srun: Job 25523022 step creation still disabled, retrying (Requested nodes are busy)
srun: Job 25523022 step creation still disabled, retrying (Requested nodes are busy)
srun: Step created for StepId=25523022.98
FAILED to lookup docker image adammwea/netpyneshifter:v5
FAILED to lookup docker image adammwea/netpyneshifter:v5
FAILED to lookup docker image adammwea/netpyneshifter:v5
FAILED to lookup docker image adammwea/netpyneshifter:v5
FAILED to lookup docker image adammwea/netpyneshifter:v5
FAILED to lookup docker image adammwea/netpyneshifter:v5
FAILED to lookup docker image adammwea/netpyneshifter:v5
FAILED to lookup docker image adammwea/netpyneshifter:v5
FAILED to lookup docker image adammwea/netpyneshifter:v5
FAILED to lookup docker image adammwea/netpyneshifter:v5
FAILED to lookup docker image adammwea/netpyneshifter:v5
FAILED to lookup docker image adammwea/netpyneshifter:v5
FAILED to lookup docker image adammwea/netpyneshifter:v5
FAILED to lookup docker image adammwea/netpyneshifter:v5
FAILED to lookup docker image adammwea/netpyneshifter:v5
FAILED to lookup docker image adammwea/netpyneshifter:v5
FAILED to lookup docker image adammwea/netpyneshifter:v5
FAILED to lookup docker image adammwea/netpyneshifter:v5
FAILED to lookup docker image adammwea/netpyneshifter:v5
FAILED to lookup docker image adammwea/netpyneshifter:v5
FAILED to lookup docker image adammwea/netpyneshifter:v5
FAILED to lookup docker image adammwea/netpyneshifter:v5
FAILED to lookup docker image adammwea/netpyneshifter:v5
FAILED to lookup docker image adammwea/netpyneshifter:v5
FAILED to lookup docker image adammwea/netpyneshifter:v5
FAILED to lookup docker image adammwea/netpyneshifter:v5
FAILED to lookup docker image adammwea/netpyneshifter:v5
FAILED to lookup docker image adammwea/netpyneshifter:v5
FAILED to lookup docker image adammwea/netpyneshifter:v5
FAILED to lookup docker image adammwea/netpyneshifter:v5
FAILED to lookup docker image adammwea/netpyneshifter:v5
FAILED to lookup docker image adammwea/netpyneshifter:v5
FAILED to lookup docker image adammwea/netpyneshifter:v5
FAILED to lookup docker image adammwea/netpyneshifter:v5
FAILED to lookup docker image adammwea/netpyneshifter:v5
FAILED to lookup docker image adammwea/netpyneshifter:v5
FAILED to lookup docker image adammwea/netpyneshifter:v5
FAILED to lookup docker image adammwea/netpyneshifter:v5
FAILED to lookup docker image adammwea/netpyneshifter:v5
FAILED to lookup docker image adammwea/netpyneshifter:v5
FAILED to lookup docker image adammwea/netpyneshifter:v5
FAILED to lookup docker image adammwea/netpyneshifter:v5
FAILED to lookup docker image adammwea/netpyneshifter:v5
FAILED to lookup docker image adammwea/netpyneshifter:v5
FAILED to lookup docker image adammwea/netpyneshifter:v5
FAILED to lookup docker image adammwea/netpyneshifter:v5
FAILED to lookup docker image adammwea/netpyneshifter:v5
FAILED to lookup docker image adammwea/netpyneshifter:v5
FAILED to lookup docker image adammwea/netpyneshifter:v5
srun: error: nid004734: tasks 0-4,8,10,12,15,18,28,30,34,39-42,44,48,52,60,65,67-69,71-74,77,81-82,84,86,90,93-94,96,98,100,108-109,112,114,116,118,120,124,126: Exited with exit code 1
srun: Terminating StepId=25523022.98
slurmstepd: error: *** STEP 25523022.98 ON nid004734 CANCELLED AT 2024-05-12T09:19:22 ***
srun: error: nid004734: tasks 5-7,9,11,13-14,16-17,19-27,29,31-33,35-38,43,45-47,49-51,53-59,61-64,66,70,75-76,78-80,83,85,87-89,91-92,95,97,99,101-107,110-111,113,115,117,119,121-123,125,127: Terminated
srun: Force Terminated StepId=25523022.98
