srun: Job 25523022 step creation temporarily disabled, retrying (Requested nodes are busy)
srun: Job 25523022 step creation still disabled, retrying (Requested nodes are busy)
srun: Job 25523022 step creation still disabled, retrying (Requested nodes are busy)
srun: Job 25523022 step creation still disabled, retrying (Requested nodes are busy)
srun: Job 25523022 step creation still disabled, retrying (Requested nodes are busy)
srun: Job 25523022 step creation still disabled, retrying (Requested nodes are busy)
srun: Step created for StepId=25523022.90
FAILED to lookup docker image adammwea/netpyneshifter:v5
FAILED to lookup docker image adammwea/netpyneshifter:v5
FAILED to lookup docker image adammwea/netpyneshifter:v5
FAILED to lookup docker image adammwea/netpyneshifter:v5
FAILED to lookup docker image adammwea/netpyneshifter:v5
FAILED to lookup docker image adammwea/netpyneshifter:v5
FAILED to lookup docker image adammwea/netpyneshifter:v5
FAILED to lookup docker image adammwea/netpyneshifter:v5
FAILED to lookup docker image adammwea/netpyneshifter:v5
FAILED to lookup docker image adammwea/netpyneshifter:v5
FAILED to lookup docker image adammwea/netpyneshifter:v5
FAILED to lookup docker image adammwea/netpyneshifter:v5
FAILED to lookup docker image adammwea/netpyneshifter:v5
FAILED to lookup docker image adammwea/netpyneshifter:v5
FAILED to lookup docker image adammwea/netpyneshifter:v5
FAILED to lookup docker image adammwea/netpyneshifter:v5
FAILED to lookup docker image adammwea/netpyneshifter:v5
FAILED to lookup docker image adammwea/netpyneshifter:v5
FAILED to lookup docker image adammwea/netpyneshifter:v5
FAILED to lookup docker image adammwea/netpyneshifter:v5
FAILED to lookup docker image adammwea/netpyneshifter:v5
FAILED to lookup docker image adammwea/netpyneshifter:v5
FAILED to lookup docker image adammwea/netpyneshifter:v5
FAILED to lookup docker image adammwea/netpyneshifter:v5
FAILED to lookup docker image adammwea/netpyneshifter:v5
FAILED to lookup docker image adammwea/netpyneshifter:v5
FAILED to lookup docker image adammwea/netpyneshifter:v5
FAILED to lookup docker image adammwea/netpyneshifter:v5
FAILED to lookup docker image adammwea/netpyneshifter:v5
FAILED to lookup docker image adammwea/netpyneshifter:v5
FAILED to lookup docker image adammwea/netpyneshifter:v5
FAILED to lookup docker image adammwea/netpyneshifter:v5
FAILED to lookup docker image adammwea/netpyneshifter:v5
FAILED to lookup docker image adammwea/netpyneshifter:v5
srun: error: nid004734: tasks 2,8,12,14,18,22,28,40,44-46,50,52,54,58,60,66,69-70,74,76,78,80-81,84,88,90,92,108,113,118,120,122,126: Exited with exit code 1
srun: Terminating StepId=25523022.90
slurmstepd: error: *** STEP 25523022.90 ON nid004734 CANCELLED AT 2024-05-12T09:04:27 ***
srun: error: nid004734: task 0: Killed
srun: error: nid004734: tasks 1,3-7,9-11,13,15-17,19-21,23-27,29-39,41-43,47-49,51,53,55-57,59,61-65,67-68,71-73,75,77,79,82-83,85-87,89,91,93-107,109-112,114-117,119,121,123-125,127: Killed
srun: Force Terminated StepId=25523022.90
