srun: Job 25523022 step creation temporarily disabled, retrying (Requested nodes are busy)
srun: Job 25523022 step creation still disabled, retrying (Requested nodes are busy)
srun: Job 25523022 step creation still disabled, retrying (Requested nodes are busy)
srun: Job 25523022 step creation still disabled, retrying (Requested nodes are busy)
srun: Job 25523022 step creation still disabled, retrying (Requested nodes are busy)
srun: Job 25523022 step creation still disabled, retrying (Requested nodes are busy)
srun: Job 25523022 step creation still disabled, retrying (Requested nodes are busy)
srun: Job 25523022 step creation still disabled, retrying (Requested nodes are busy)
srun: Job 25523022 step creation still disabled, retrying (Requested nodes are busy)
srun: Job 25523022 step creation still disabled, retrying (Requested nodes are busy)
srun: Job 25523022 step creation still disabled, retrying (Requested nodes are busy)
srun: Job 25523022 step creation still disabled, retrying (Requested nodes are busy)
srun: Job 25523022 step creation still disabled, retrying (Requested nodes are busy)
srun: Job 25523022 step creation still disabled, retrying (Requested nodes are busy)
srun: Step created for StepId=25523022.87
FAILED to lookup docker image adammwea/netpyneshifter:v5
FAILED to lookup docker image adammwea/netpyneshifter:v5
FAILED to lookup docker image adammwea/netpyneshifter:v5
FAILED to lookup docker image adammwea/netpyneshifter:v5
FAILED to lookup docker image adammwea/netpyneshifter:v5
FAILED to lookup docker image adammwea/netpyneshifter:v5
FAILED to lookup docker image adammwea/netpyneshifter:v5
FAILED to lookup docker image adammwea/netpyneshifter:v5
FAILED to lookup docker image adammwea/netpyneshifter:v5
srun: error: nid004734: tasks 18,34,38,42,48,50,62,96,122: Exited with exit code 1
srun: Terminating StepId=25523022.87
slurmstepd: error: *** STEP 25523022.87 ON nid004734 CANCELLED AT 2024-05-12T09:00:35 ***
srun: error: nid004734: tasks 32,44,56,58,60,66,98,112: Terminated
srun: error: nid004734: tasks 0-17,19-31,33,35-37,39-41,43,45-47,49,51-55,57,59,61,63-65,67-95,97,99-111,113-121,123-127: Terminated
srun: Force Terminated StepId=25523022.87
