2024-05-27 00:19:22,934 - inspyred.ec - DEBUG - generating initial population
2024-05-27 00:19:22,935 - inspyred.ec - DEBUG - evaluating initial population
2024-05-27 00:28:54,905 - inspyred.ec - DEBUG - population size is now 64
2024-05-27 00:28:54,906 - inspyred.ec - DEBUG - archiving initial population
2024-05-27 00:28:54,906 - inspyred.ec - DEBUG - archive size is now 0
2024-05-27 00:28:54,906 - inspyred.ec - DEBUG - population size is now 64
2024-05-27 00:28:54,906 - inspyred.ec - DEBUG - observation using stats_observer at generation 0 and evaluation 64
2024-05-27 00:28:54,906 - inspyred.ec - DEBUG - observation using file_observer at generation 0 and evaluation 64
2024-05-27 00:28:54,910 - inspyred.ec - DEBUG - termination test using generation_termination at generation 0 and evaluation 64
2024-05-27 00:28:54,911 - inspyred.ec - DEBUG - selection using tournament_selection at generation 0 and evaluation 64
2024-05-27 00:28:54,911 - inspyred.ec - DEBUG - selected 64 candidates
2024-05-27 00:28:54,912 - inspyred.ec - DEBUG - variation using uniform_crossover at generation 0 and evaluation 64
2024-05-27 00:28:54,912 - inspyred.ec - DEBUG - variation using nonuniform_bounds_mutation at generation 0 and evaluation 64
2024-05-27 00:28:54,913 - inspyred.ec - DEBUG - created 64 offspring
2024-05-27 00:28:54,913 - inspyred.ec - DEBUG - evaluation using func at generation 0 and evaluation 64
2024-05-27 00:38:05,375 - inspyred.ec - DEBUG - replacement using generational_replacement at generation 0 and evaluation 128
2024-05-27 00:38:05,377 - inspyred.ec - DEBUG - population size is now 64
2024-05-27 00:38:05,377 - inspyred.ec - DEBUG - migration using default_migration at generation 0 and evaluation 128
2024-05-27 00:38:05,377 - inspyred.ec - DEBUG - population size is now 64
2024-05-27 00:38:05,377 - inspyred.ec - DEBUG - archival using default_archiver at generation 0 and evaluation 128
2024-05-27 00:38:05,377 - inspyred.ec - DEBUG - archive size is now 0
2024-05-27 00:38:05,377 - inspyred.ec - DEBUG - population size is now 64
2024-05-27 00:38:05,377 - inspyred.ec - DEBUG - observation using stats_observer at generation 1 and evaluation 128
2024-05-27 00:38:05,377 - inspyred.ec - DEBUG - observation using file_observer at generation 1 and evaluation 128
2024-05-27 00:38:05,382 - inspyred.ec - DEBUG - termination test using generation_termination at generation 1 and evaluation 128
2024-05-27 00:38:05,382 - inspyred.ec - DEBUG - selection using tournament_selection at generation 1 and evaluation 128
2024-05-27 00:38:05,382 - inspyred.ec - DEBUG - selected 64 candidates
2024-05-27 00:38:05,383 - inspyred.ec - DEBUG - variation using uniform_crossover at generation 1 and evaluation 128
2024-05-27 00:38:05,384 - inspyred.ec - DEBUG - variation using nonuniform_bounds_mutation at generation 1 and evaluation 128
2024-05-27 00:38:05,385 - inspyred.ec - DEBUG - created 64 offspring
2024-05-27 00:38:05,385 - inspyred.ec - DEBUG - evaluation using func at generation 1 and evaluation 128
2024-05-27 00:47:40,123 - inspyred.ec - DEBUG - replacement using generational_replacement at generation 1 and evaluation 192
2024-05-27 00:47:40,123 - inspyred.ec - DEBUG - population size is now 64
2024-05-27 00:47:40,123 - inspyred.ec - DEBUG - migration using default_migration at generation 1 and evaluation 192
2024-05-27 00:47:40,123 - inspyred.ec - DEBUG - population size is now 64
2024-05-27 00:47:40,123 - inspyred.ec - DEBUG - archival using default_archiver at generation 1 and evaluation 192
2024-05-27 00:47:40,123 - inspyred.ec - DEBUG - archive size is now 0
2024-05-27 00:47:40,123 - inspyred.ec - DEBUG - population size is now 64
2024-05-27 00:47:40,124 - inspyred.ec - DEBUG - observation using stats_observer at generation 2 and evaluation 192
2024-05-27 00:47:40,124 - inspyred.ec - DEBUG - observation using file_observer at generation 2 and evaluation 192
2024-05-27 00:47:40,128 - inspyred.ec - DEBUG - termination test using generation_termination at generation 2 and evaluation 192
2024-05-27 00:47:40,128 - inspyred.ec - DEBUG - selection using tournament_selection at generation 2 and evaluation 192
2024-05-27 00:47:40,128 - inspyred.ec - DEBUG - selected 64 candidates
2024-05-27 00:47:40,129 - inspyred.ec - DEBUG - variation using uniform_crossover at generation 2 and evaluation 192
2024-05-27 00:47:40,130 - inspyred.ec - DEBUG - variation using nonuniform_bounds_mutation at generation 2 and evaluation 192
2024-05-27 00:47:40,131 - inspyred.ec - DEBUG - created 64 offspring
2024-05-27 00:47:40,131 - inspyred.ec - DEBUG - evaluation using func at generation 2 and evaluation 192
2024-05-27 00:56:24,838 - inspyred.ec - DEBUG - replacement using generational_replacement at generation 2 and evaluation 256
2024-05-27 00:56:24,838 - inspyred.ec - DEBUG - population size is now 64
2024-05-27 00:56:24,838 - inspyred.ec - DEBUG - migration using default_migration at generation 2 and evaluation 256
2024-05-27 00:56:24,838 - inspyred.ec - DEBUG - population size is now 64
2024-05-27 00:56:24,838 - inspyred.ec - DEBUG - archival using default_archiver at generation 2 and evaluation 256
2024-05-27 00:56:24,839 - inspyred.ec - DEBUG - archive size is now 0
2024-05-27 00:56:24,839 - inspyred.ec - DEBUG - population size is now 64
2024-05-27 00:56:24,839 - inspyred.ec - DEBUG - observation using stats_observer at generation 3 and evaluation 256
2024-05-27 00:56:24,839 - inspyred.ec - DEBUG - observation using file_observer at generation 3 and evaluation 256
2024-05-27 00:56:24,841 - inspyred.ec - DEBUG - termination test using generation_termination at generation 3 and evaluation 256
2024-05-27 00:56:24,841 - inspyred.ec - DEBUG - selection using tournament_selection at generation 3 and evaluation 256
2024-05-27 00:56:24,841 - inspyred.ec - DEBUG - selected 64 candidates
2024-05-27 00:56:24,842 - inspyred.ec - DEBUG - variation using uniform_crossover at generation 3 and evaluation 256
2024-05-27 00:56:24,842 - inspyred.ec - DEBUG - variation using nonuniform_bounds_mutation at generation 3 and evaluation 256
2024-05-27 00:56:24,843 - inspyred.ec - DEBUG - created 64 offspring
2024-05-27 00:56:24,843 - inspyred.ec - DEBUG - evaluation using func at generation 3 and evaluation 256
2024-05-27 01:05:59,336 - inspyred.ec - DEBUG - replacement using generational_replacement at generation 3 and evaluation 320
2024-05-27 01:05:59,336 - inspyred.ec - DEBUG - population size is now 64
2024-05-27 01:05:59,337 - inspyred.ec - DEBUG - migration using default_migration at generation 3 and evaluation 320
2024-05-27 01:05:59,337 - inspyred.ec - DEBUG - population size is now 64
2024-05-27 01:05:59,337 - inspyred.ec - DEBUG - archival using default_archiver at generation 3 and evaluation 320
2024-05-27 01:05:59,337 - inspyred.ec - DEBUG - archive size is now 0
2024-05-27 01:05:59,337 - inspyred.ec - DEBUG - population size is now 64
2024-05-27 01:05:59,337 - inspyred.ec - DEBUG - observation using stats_observer at generation 4 and evaluation 320
2024-05-27 01:05:59,337 - inspyred.ec - DEBUG - observation using file_observer at generation 4 and evaluation 320
2024-05-27 01:05:59,339 - inspyred.ec - DEBUG - termination test using generation_termination at generation 4 and evaluation 320
2024-05-27 01:05:59,339 - inspyred.ec - DEBUG - selection using tournament_selection at generation 4 and evaluation 320
2024-05-27 01:05:59,339 - inspyred.ec - DEBUG - selected 64 candidates
2024-05-27 01:05:59,341 - inspyred.ec - DEBUG - variation using uniform_crossover at generation 4 and evaluation 320
2024-05-27 01:05:59,341 - inspyred.ec - DEBUG - variation using nonuniform_bounds_mutation at generation 4 and evaluation 320
2024-05-27 01:05:59,342 - inspyred.ec - DEBUG - created 64 offspring
2024-05-27 01:05:59,342 - inspyred.ec - DEBUG - evaluation using func at generation 4 and evaluation 320
2024-05-27 01:15:50,108 - inspyred.ec - DEBUG - replacement using generational_replacement at generation 4 and evaluation 384
2024-05-27 01:15:50,109 - inspyred.ec - DEBUG - population size is now 64
2024-05-27 01:15:50,109 - inspyred.ec - DEBUG - migration using default_migration at generation 4 and evaluation 384
2024-05-27 01:15:50,109 - inspyred.ec - DEBUG - population size is now 64
2024-05-27 01:15:50,109 - inspyred.ec - DEBUG - archival using default_archiver at generation 4 and evaluation 384
2024-05-27 01:15:50,109 - inspyred.ec - DEBUG - archive size is now 0
2024-05-27 01:15:50,109 - inspyred.ec - DEBUG - population size is now 64
2024-05-27 01:15:50,109 - inspyred.ec - DEBUG - observation using stats_observer at generation 5 and evaluation 384
2024-05-27 01:15:50,109 - inspyred.ec - DEBUG - observation using file_observer at generation 5 and evaluation 384
2024-05-27 01:15:50,111 - inspyred.ec - DEBUG - termination test using generation_termination at generation 5 and evaluation 384
2024-05-27 01:15:50,111 - inspyred.ec - DEBUG - selection using tournament_selection at generation 5 and evaluation 384
2024-05-27 01:15:50,111 - inspyred.ec - DEBUG - selected 64 candidates
2024-05-27 01:15:50,113 - inspyred.ec - DEBUG - variation using uniform_crossover at generation 5 and evaluation 384
2024-05-27 01:15:50,113 - inspyred.ec - DEBUG - variation using nonuniform_bounds_mutation at generation 5 and evaluation 384
2024-05-27 01:15:50,114 - inspyred.ec - DEBUG - created 64 offspring
2024-05-27 01:15:50,114 - inspyred.ec - DEBUG - evaluation using func at generation 5 and evaluation 384
2024-05-27 01:25:34,046 - inspyred.ec - DEBUG - replacement using generational_replacement at generation 5 and evaluation 448
2024-05-27 01:25:34,049 - inspyred.ec - DEBUG - population size is now 64
2024-05-27 01:25:34,049 - inspyred.ec - DEBUG - migration using default_migration at generation 5 and evaluation 448
2024-05-27 01:25:34,049 - inspyred.ec - DEBUG - population size is now 64
2024-05-27 01:25:34,049 - inspyred.ec - DEBUG - archival using default_archiver at generation 5 and evaluation 448
2024-05-27 01:25:34,049 - inspyred.ec - DEBUG - archive size is now 0
2024-05-27 01:25:34,049 - inspyred.ec - DEBUG - population size is now 64
2024-05-27 01:25:34,049 - inspyred.ec - DEBUG - observation using stats_observer at generation 6 and evaluation 448
2024-05-27 01:25:34,050 - inspyred.ec - DEBUG - observation using file_observer at generation 6 and evaluation 448
2024-05-27 01:25:34,053 - inspyred.ec - DEBUG - termination test using generation_termination at generation 6 and evaluation 448
2024-05-27 01:25:34,053 - inspyred.ec - DEBUG - selection using tournament_selection at generation 6 and evaluation 448
2024-05-27 01:25:34,053 - inspyred.ec - DEBUG - selected 64 candidates
2024-05-27 01:25:34,055 - inspyred.ec - DEBUG - variation using uniform_crossover at generation 6 and evaluation 448
2024-05-27 01:25:34,055 - inspyred.ec - DEBUG - variation using nonuniform_bounds_mutation at generation 6 and evaluation 448
2024-05-27 01:25:34,056 - inspyred.ec - DEBUG - created 64 offspring
2024-05-27 01:25:34,056 - inspyred.ec - DEBUG - evaluation using func at generation 6 and evaluation 448
2024-05-27 01:44:48,236 - inspyred.ec - DEBUG - replacement using generational_replacement at generation 6 and evaluation 512
2024-05-27 01:44:48,238 - inspyred.ec - DEBUG - population size is now 64
2024-05-27 01:44:48,238 - inspyred.ec - DEBUG - migration using default_migration at generation 6 and evaluation 512
2024-05-27 01:44:48,238 - inspyred.ec - DEBUG - population size is now 64
2024-05-27 01:44:48,238 - inspyred.ec - DEBUG - archival using default_archiver at generation 6 and evaluation 512
2024-05-27 01:44:48,238 - inspyred.ec - DEBUG - archive size is now 0
2024-05-27 01:44:48,238 - inspyred.ec - DEBUG - population size is now 64
2024-05-27 01:44:48,238 - inspyred.ec - DEBUG - observation using stats_observer at generation 7 and evaluation 512
2024-05-27 01:44:48,239 - inspyred.ec - DEBUG - observation using file_observer at generation 7 and evaluation 512
2024-05-27 01:44:48,242 - inspyred.ec - DEBUG - termination test using generation_termination at generation 7 and evaluation 512
2024-05-27 01:44:48,242 - inspyred.ec - DEBUG - selection using tournament_selection at generation 7 and evaluation 512
2024-05-27 01:44:48,242 - inspyred.ec - DEBUG - selected 64 candidates
2024-05-27 01:44:48,244 - inspyred.ec - DEBUG - variation using uniform_crossover at generation 7 and evaluation 512
2024-05-27 01:44:48,244 - inspyred.ec - DEBUG - variation using nonuniform_bounds_mutation at generation 7 and evaluation 512
2024-05-27 01:44:48,245 - inspyred.ec - DEBUG - created 64 offspring
2024-05-27 01:44:48,245 - inspyred.ec - DEBUG - evaluation using func at generation 7 and evaluation 512
2024-05-27 01:58:29,418 - inspyred.ec - DEBUG - replacement using generational_replacement at generation 7 and evaluation 576
2024-05-27 01:58:29,419 - inspyred.ec - DEBUG - population size is now 64
2024-05-27 01:58:29,419 - inspyred.ec - DEBUG - migration using default_migration at generation 7 and evaluation 576
2024-05-27 01:58:29,419 - inspyred.ec - DEBUG - population size is now 64
2024-05-27 01:58:29,419 - inspyred.ec - DEBUG - archival using default_archiver at generation 7 and evaluation 576
2024-05-27 01:58:29,419 - inspyred.ec - DEBUG - archive size is now 0
2024-05-27 01:58:29,419 - inspyred.ec - DEBUG - population size is now 64
2024-05-27 01:58:29,420 - inspyred.ec - DEBUG - observation using stats_observer at generation 8 and evaluation 576
2024-05-27 01:58:29,420 - inspyred.ec - DEBUG - observation using file_observer at generation 8 and evaluation 576
2024-05-27 01:58:29,422 - inspyred.ec - DEBUG - termination test using generation_termination at generation 8 and evaluation 576
2024-05-27 01:58:29,422 - inspyred.ec - DEBUG - selection using tournament_selection at generation 8 and evaluation 576
2024-05-27 01:58:29,422 - inspyred.ec - DEBUG - selected 64 candidates
2024-05-27 01:58:29,424 - inspyred.ec - DEBUG - variation using uniform_crossover at generation 8 and evaluation 576
2024-05-27 01:58:29,424 - inspyred.ec - DEBUG - variation using nonuniform_bounds_mutation at generation 8 and evaluation 576
2024-05-27 01:58:29,425 - inspyred.ec - DEBUG - created 64 offspring
2024-05-27 01:58:29,425 - inspyred.ec - DEBUG - evaluation using func at generation 8 and evaluation 576
2024-05-27 02:08:09,444 - inspyred.ec - DEBUG - replacement using generational_replacement at generation 8 and evaluation 640
2024-05-27 02:08:09,445 - inspyred.ec - DEBUG - population size is now 64
2024-05-27 02:08:09,445 - inspyred.ec - DEBUG - migration using default_migration at generation 8 and evaluation 640
2024-05-27 02:08:09,445 - inspyred.ec - DEBUG - population size is now 64
2024-05-27 02:08:09,445 - inspyred.ec - DEBUG - archival using default_archiver at generation 8 and evaluation 640
2024-05-27 02:08:09,445 - inspyred.ec - DEBUG - archive size is now 0
2024-05-27 02:08:09,445 - inspyred.ec - DEBUG - population size is now 64
2024-05-27 02:08:09,445 - inspyred.ec - DEBUG - observation using stats_observer at generation 9 and evaluation 640
2024-05-27 02:08:09,445 - inspyred.ec - DEBUG - observation using file_observer at generation 9 and evaluation 640
2024-05-27 02:08:09,447 - inspyred.ec - DEBUG - termination test using generation_termination at generation 9 and evaluation 640
2024-05-27 02:08:09,447 - inspyred.ec - DEBUG - selection using tournament_selection at generation 9 and evaluation 640
2024-05-27 02:08:09,448 - inspyred.ec - DEBUG - selected 64 candidates
2024-05-27 02:08:09,449 - inspyred.ec - DEBUG - variation using uniform_crossover at generation 9 and evaluation 640
2024-05-27 02:08:09,449 - inspyred.ec - DEBUG - variation using nonuniform_bounds_mutation at generation 9 and evaluation 640
2024-05-27 02:08:09,450 - inspyred.ec - DEBUG - created 64 offspring
2024-05-27 02:08:09,450 - inspyred.ec - DEBUG - evaluation using func at generation 9 and evaluation 640
2024-05-27 02:17:23,355 - inspyred.ec - DEBUG - replacement using generational_replacement at generation 9 and evaluation 704
2024-05-27 02:17:23,355 - inspyred.ec - DEBUG - population size is now 64
2024-05-27 02:17:23,356 - inspyred.ec - DEBUG - migration using default_migration at generation 9 and evaluation 704
2024-05-27 02:17:23,356 - inspyred.ec - DEBUG - population size is now 64
2024-05-27 02:17:23,356 - inspyred.ec - DEBUG - archival using default_archiver at generation 9 and evaluation 704
2024-05-27 02:17:23,356 - inspyred.ec - DEBUG - archive size is now 0
2024-05-27 02:17:23,356 - inspyred.ec - DEBUG - population size is now 64
2024-05-27 02:17:23,356 - inspyred.ec - DEBUG - observation using stats_observer at generation 10 and evaluation 704
2024-05-27 02:17:23,356 - inspyred.ec - DEBUG - observation using file_observer at generation 10 and evaluation 704
2024-05-27 02:17:23,358 - inspyred.ec - DEBUG - termination test using generation_termination at generation 10 and evaluation 704
2024-05-27 02:17:23,358 - inspyred.ec - DEBUG - selection using tournament_selection at generation 10 and evaluation 704
2024-05-27 02:17:23,359 - inspyred.ec - DEBUG - selected 64 candidates
2024-05-27 02:17:23,360 - inspyred.ec - DEBUG - variation using uniform_crossover at generation 10 and evaluation 704
2024-05-27 02:17:23,360 - inspyred.ec - DEBUG - variation using nonuniform_bounds_mutation at generation 10 and evaluation 704
2024-05-27 02:17:23,361 - inspyred.ec - DEBUG - created 64 offspring
2024-05-27 02:17:23,361 - inspyred.ec - DEBUG - evaluation using func at generation 10 and evaluation 704
2024-05-27 02:32:10,640 - inspyred.ec - DEBUG - replacement using generational_replacement at generation 10 and evaluation 768
2024-05-27 02:32:10,642 - inspyred.ec - DEBUG - population size is now 64
2024-05-27 02:32:10,643 - inspyred.ec - DEBUG - migration using default_migration at generation 10 and evaluation 768
2024-05-27 02:32:10,643 - inspyred.ec - DEBUG - population size is now 64
2024-05-27 02:32:10,643 - inspyred.ec - DEBUG - archival using default_archiver at generation 10 and evaluation 768
2024-05-27 02:32:10,643 - inspyred.ec - DEBUG - archive size is now 0
2024-05-27 02:32:10,643 - inspyred.ec - DEBUG - population size is now 64
2024-05-27 02:32:10,643 - inspyred.ec - DEBUG - observation using stats_observer at generation 11 and evaluation 768
2024-05-27 02:32:10,643 - inspyred.ec - DEBUG - observation using file_observer at generation 11 and evaluation 768
2024-05-27 02:32:10,646 - inspyred.ec - DEBUG - termination test using generation_termination at generation 11 and evaluation 768
2024-05-27 02:32:10,646 - inspyred.ec - DEBUG - selection using tournament_selection at generation 11 and evaluation 768
2024-05-27 02:32:10,647 - inspyred.ec - DEBUG - selected 64 candidates
2024-05-27 02:32:10,648 - inspyred.ec - DEBUG - variation using uniform_crossover at generation 11 and evaluation 768
2024-05-27 02:32:10,648 - inspyred.ec - DEBUG - variation using nonuniform_bounds_mutation at generation 11 and evaluation 768
2024-05-27 02:32:10,649 - inspyred.ec - DEBUG - created 64 offspring
2024-05-27 02:32:10,649 - inspyred.ec - DEBUG - evaluation using func at generation 11 and evaluation 768
2024-05-27 02:44:50,260 - inspyred.ec - DEBUG - replacement using generational_replacement at generation 11 and evaluation 832
2024-05-27 02:44:50,261 - inspyred.ec - DEBUG - population size is now 64
2024-05-27 02:44:50,261 - inspyred.ec - DEBUG - migration using default_migration at generation 11 and evaluation 832
2024-05-27 02:44:50,261 - inspyred.ec - DEBUG - population size is now 64
2024-05-27 02:44:50,261 - inspyred.ec - DEBUG - archival using default_archiver at generation 11 and evaluation 832
2024-05-27 02:44:50,261 - inspyred.ec - DEBUG - archive size is now 0
2024-05-27 02:44:50,261 - inspyred.ec - DEBUG - population size is now 64
2024-05-27 02:44:50,261 - inspyred.ec - DEBUG - observation using stats_observer at generation 12 and evaluation 832
2024-05-27 02:44:50,262 - inspyred.ec - DEBUG - observation using file_observer at generation 12 and evaluation 832
2024-05-27 02:44:50,263 - inspyred.ec - DEBUG - termination test using generation_termination at generation 12 and evaluation 832
2024-05-27 02:44:50,263 - inspyred.ec - DEBUG - selection using tournament_selection at generation 12 and evaluation 832
2024-05-27 02:44:50,264 - inspyred.ec - DEBUG - selected 64 candidates
2024-05-27 02:44:50,265 - inspyred.ec - DEBUG - variation using uniform_crossover at generation 12 and evaluation 832
2024-05-27 02:44:50,266 - inspyred.ec - DEBUG - variation using nonuniform_bounds_mutation at generation 12 and evaluation 832
2024-05-27 02:44:50,267 - inspyred.ec - DEBUG - created 64 offspring
2024-05-27 02:44:50,267 - inspyred.ec - DEBUG - evaluation using func at generation 12 and evaluation 832
2024-05-27 03:01:30,699 - inspyred.ec - DEBUG - replacement using generational_replacement at generation 12 and evaluation 896
2024-05-27 03:01:30,701 - inspyred.ec - DEBUG - population size is now 64
2024-05-27 03:01:30,701 - inspyred.ec - DEBUG - migration using default_migration at generation 12 and evaluation 896
2024-05-27 03:01:30,701 - inspyred.ec - DEBUG - population size is now 64
2024-05-27 03:01:30,701 - inspyred.ec - DEBUG - archival using default_archiver at generation 12 and evaluation 896
2024-05-27 03:01:30,701 - inspyred.ec - DEBUG - archive size is now 0
2024-05-27 03:01:30,701 - inspyred.ec - DEBUG - population size is now 64
2024-05-27 03:01:30,701 - inspyred.ec - DEBUG - observation using stats_observer at generation 13 and evaluation 896
2024-05-27 03:01:30,702 - inspyred.ec - DEBUG - observation using file_observer at generation 13 and evaluation 896
2024-05-27 03:01:30,705 - inspyred.ec - DEBUG - termination test using generation_termination at generation 13 and evaluation 896
2024-05-27 03:01:30,705 - inspyred.ec - DEBUG - selection using tournament_selection at generation 13 and evaluation 896
2024-05-27 03:01:30,706 - inspyred.ec - DEBUG - selected 64 candidates
2024-05-27 03:01:30,707 - inspyred.ec - DEBUG - variation using uniform_crossover at generation 13 and evaluation 896
2024-05-27 03:01:30,708 - inspyred.ec - DEBUG - variation using nonuniform_bounds_mutation at generation 13 and evaluation 896
2024-05-27 03:01:30,709 - inspyred.ec - DEBUG - created 64 offspring
2024-05-27 03:01:30,709 - inspyred.ec - DEBUG - evaluation using func at generation 13 and evaluation 896
2024-05-27 03:11:28,836 - inspyred.ec - DEBUG - replacement using generational_replacement at generation 13 and evaluation 960
2024-05-27 03:11:28,837 - inspyred.ec - DEBUG - population size is now 64
2024-05-27 03:11:28,837 - inspyred.ec - DEBUG - migration using default_migration at generation 13 and evaluation 960
2024-05-27 03:11:28,837 - inspyred.ec - DEBUG - population size is now 64
2024-05-27 03:11:28,837 - inspyred.ec - DEBUG - archival using default_archiver at generation 13 and evaluation 960
2024-05-27 03:11:28,837 - inspyred.ec - DEBUG - archive size is now 0
2024-05-27 03:11:28,837 - inspyred.ec - DEBUG - population size is now 64
2024-05-27 03:11:28,837 - inspyred.ec - DEBUG - observation using stats_observer at generation 14 and evaluation 960
2024-05-27 03:11:28,838 - inspyred.ec - DEBUG - observation using file_observer at generation 14 and evaluation 960
2024-05-27 03:11:28,841 - inspyred.ec - DEBUG - termination test using generation_termination at generation 14 and evaluation 960
2024-05-27 03:11:28,841 - inspyred.ec - DEBUG - selection using tournament_selection at generation 14 and evaluation 960
2024-05-27 03:11:28,842 - inspyred.ec - DEBUG - selected 64 candidates
2024-05-27 03:11:28,843 - inspyred.ec - DEBUG - variation using uniform_crossover at generation 14 and evaluation 960
2024-05-27 03:11:28,844 - inspyred.ec - DEBUG - variation using nonuniform_bounds_mutation at generation 14 and evaluation 960
2024-05-27 03:11:28,845 - inspyred.ec - DEBUG - created 64 offspring
2024-05-27 03:11:28,845 - inspyred.ec - DEBUG - evaluation using func at generation 14 and evaluation 960
2024-05-27 03:23:23,533 - inspyred.ec - DEBUG - replacement using generational_replacement at generation 14 and evaluation 1024
2024-05-27 03:23:23,534 - inspyred.ec - DEBUG - population size is now 64
2024-05-27 03:23:23,534 - inspyred.ec - DEBUG - migration using default_migration at generation 14 and evaluation 1024
2024-05-27 03:23:23,534 - inspyred.ec - DEBUG - population size is now 64
2024-05-27 03:23:23,534 - inspyred.ec - DEBUG - archival using default_archiver at generation 14 and evaluation 1024
2024-05-27 03:23:23,534 - inspyred.ec - DEBUG - archive size is now 0
2024-05-27 03:23:23,534 - inspyred.ec - DEBUG - population size is now 64
2024-05-27 03:23:23,534 - inspyred.ec - DEBUG - observation using stats_observer at generation 15 and evaluation 1024
2024-05-27 03:23:23,535 - inspyred.ec - DEBUG - observation using file_observer at generation 15 and evaluation 1024
2024-05-27 03:23:23,537 - inspyred.ec - DEBUG - termination test using generation_termination at generation 15 and evaluation 1024
2024-05-27 03:23:23,537 - inspyred.ec - DEBUG - selection using tournament_selection at generation 15 and evaluation 1024
2024-05-27 03:23:23,538 - inspyred.ec - DEBUG - selected 64 candidates
2024-05-27 03:23:23,539 - inspyred.ec - DEBUG - variation using uniform_crossover at generation 15 and evaluation 1024
2024-05-27 03:23:23,539 - inspyred.ec - DEBUG - variation using nonuniform_bounds_mutation at generation 15 and evaluation 1024
2024-05-27 03:23:23,540 - inspyred.ec - DEBUG - created 64 offspring
2024-05-27 03:23:23,541 - inspyred.ec - DEBUG - evaluation using func at generation 15 and evaluation 1024
2024-05-27 03:35:39,815 - inspyred.ec - DEBUG - replacement using generational_replacement at generation 15 and evaluation 1088
2024-05-27 03:35:39,816 - inspyred.ec - DEBUG - population size is now 64
2024-05-27 03:35:39,816 - inspyred.ec - DEBUG - migration using default_migration at generation 15 and evaluation 1088
2024-05-27 03:35:39,816 - inspyred.ec - DEBUG - population size is now 64
2024-05-27 03:35:39,816 - inspyred.ec - DEBUG - archival using default_archiver at generation 15 and evaluation 1088
2024-05-27 03:35:39,816 - inspyred.ec - DEBUG - archive size is now 0
2024-05-27 03:35:39,816 - inspyred.ec - DEBUG - population size is now 64
2024-05-27 03:35:39,817 - inspyred.ec - DEBUG - observation using stats_observer at generation 16 and evaluation 1088
2024-05-27 03:35:39,817 - inspyred.ec - DEBUG - observation using file_observer at generation 16 and evaluation 1088
2024-05-27 03:35:39,819 - inspyred.ec - DEBUG - termination test using generation_termination at generation 16 and evaluation 1088
2024-05-27 03:35:39,819 - inspyred.ec - DEBUG - selection using tournament_selection at generation 16 and evaluation 1088
2024-05-27 03:35:39,820 - inspyred.ec - DEBUG - selected 64 candidates
2024-05-27 03:35:39,821 - inspyred.ec - DEBUG - variation using uniform_crossover at generation 16 and evaluation 1088
2024-05-27 03:35:39,821 - inspyred.ec - DEBUG - variation using nonuniform_bounds_mutation at generation 16 and evaluation 1088
2024-05-27 03:35:39,823 - inspyred.ec - DEBUG - created 64 offspring
2024-05-27 03:35:39,823 - inspyred.ec - DEBUG - evaluation using func at generation 16 and evaluation 1088
2024-05-27 03:46:34,915 - inspyred.ec - DEBUG - replacement using generational_replacement at generation 16 and evaluation 1152
2024-05-27 03:46:34,918 - inspyred.ec - DEBUG - population size is now 64
2024-05-27 03:46:34,918 - inspyred.ec - DEBUG - migration using default_migration at generation 16 and evaluation 1152
2024-05-27 03:46:34,918 - inspyred.ec - DEBUG - population size is now 64
2024-05-27 03:46:34,918 - inspyred.ec - DEBUG - archival using default_archiver at generation 16 and evaluation 1152
2024-05-27 03:46:34,918 - inspyred.ec - DEBUG - archive size is now 0
2024-05-27 03:46:34,918 - inspyred.ec - DEBUG - population size is now 64
2024-05-27 03:46:34,918 - inspyred.ec - DEBUG - observation using stats_observer at generation 17 and evaluation 1152
2024-05-27 03:46:34,919 - inspyred.ec - DEBUG - observation using file_observer at generation 17 and evaluation 1152
2024-05-27 03:46:34,921 - inspyred.ec - DEBUG - termination test using generation_termination at generation 17 and evaluation 1152
2024-05-27 03:46:34,921 - inspyred.ec - DEBUG - selection using tournament_selection at generation 17 and evaluation 1152
2024-05-27 03:46:34,922 - inspyred.ec - DEBUG - selected 64 candidates
2024-05-27 03:46:34,923 - inspyred.ec - DEBUG - variation using uniform_crossover at generation 17 and evaluation 1152
2024-05-27 03:46:34,924 - inspyred.ec - DEBUG - variation using nonuniform_bounds_mutation at generation 17 and evaluation 1152
2024-05-27 03:46:34,925 - inspyred.ec - DEBUG - created 64 offspring
2024-05-27 03:46:34,925 - inspyred.ec - DEBUG - evaluation using func at generation 17 and evaluation 1152
2024-05-27 03:59:08,908 - inspyred.ec - DEBUG - replacement using generational_replacement at generation 17 and evaluation 1216
2024-05-27 03:59:08,909 - inspyred.ec - DEBUG - population size is now 64
2024-05-27 03:59:08,909 - inspyred.ec - DEBUG - migration using default_migration at generation 17 and evaluation 1216
2024-05-27 03:59:08,909 - inspyred.ec - DEBUG - population size is now 64
2024-05-27 03:59:08,909 - inspyred.ec - DEBUG - archival using default_archiver at generation 17 and evaluation 1216
2024-05-27 03:59:08,909 - inspyred.ec - DEBUG - archive size is now 0
2024-05-27 03:59:08,909 - inspyred.ec - DEBUG - population size is now 64
2024-05-27 03:59:08,909 - inspyred.ec - DEBUG - observation using stats_observer at generation 18 and evaluation 1216
2024-05-27 03:59:08,910 - inspyred.ec - DEBUG - observation using file_observer at generation 18 and evaluation 1216
2024-05-27 03:59:08,912 - inspyred.ec - DEBUG - termination test using generation_termination at generation 18 and evaluation 1216
2024-05-27 03:59:08,912 - inspyred.ec - DEBUG - selection using tournament_selection at generation 18 and evaluation 1216
2024-05-27 03:59:08,912 - inspyred.ec - DEBUG - selected 64 candidates
2024-05-27 03:59:08,914 - inspyred.ec - DEBUG - variation using uniform_crossover at generation 18 and evaluation 1216
2024-05-27 03:59:08,914 - inspyred.ec - DEBUG - variation using nonuniform_bounds_mutation at generation 18 and evaluation 1216
2024-05-27 03:59:08,915 - inspyred.ec - DEBUG - created 64 offspring
2024-05-27 03:59:08,915 - inspyred.ec - DEBUG - evaluation using func at generation 18 and evaluation 1216
2024-05-27 04:09:52,072 - inspyred.ec - DEBUG - replacement using generational_replacement at generation 18 and evaluation 1280
2024-05-27 04:09:52,073 - inspyred.ec - DEBUG - population size is now 64
2024-05-27 04:09:52,073 - inspyred.ec - DEBUG - migration using default_migration at generation 18 and evaluation 1280
2024-05-27 04:09:52,073 - inspyred.ec - DEBUG - population size is now 64
2024-05-27 04:09:52,073 - inspyred.ec - DEBUG - archival using default_archiver at generation 18 and evaluation 1280
2024-05-27 04:09:52,073 - inspyred.ec - DEBUG - archive size is now 0
2024-05-27 04:09:52,073 - inspyred.ec - DEBUG - population size is now 64
2024-05-27 04:09:52,073 - inspyred.ec - DEBUG - observation using stats_observer at generation 19 and evaluation 1280
2024-05-27 04:09:52,074 - inspyred.ec - DEBUG - observation using file_observer at generation 19 and evaluation 1280
2024-05-27 04:09:52,077 - inspyred.ec - DEBUG - termination test using generation_termination at generation 19 and evaluation 1280
2024-05-27 04:09:52,077 - inspyred.ec - DEBUG - selection using tournament_selection at generation 19 and evaluation 1280
2024-05-27 04:09:52,078 - inspyred.ec - DEBUG - selected 64 candidates
2024-05-27 04:09:52,079 - inspyred.ec - DEBUG - variation using uniform_crossover at generation 19 and evaluation 1280
2024-05-27 04:09:52,079 - inspyred.ec - DEBUG - variation using nonuniform_bounds_mutation at generation 19 and evaluation 1280
2024-05-27 04:09:52,081 - inspyred.ec - DEBUG - created 64 offspring
2024-05-27 04:09:52,081 - inspyred.ec - DEBUG - evaluation using func at generation 19 and evaluation 1280
2024-05-27 10:09:14,057 - inspyred.ec - DEBUG - generating initial population
2024-05-27 10:09:14,058 - inspyred.ec - DEBUG - evaluating initial population
2024-05-27 10:09:29,225 - inspyred.ec - DEBUG - generating initial population
2024-05-27 10:09:29,226 - inspyred.ec - DEBUG - evaluating initial population
2024-05-27 10:14:34,996 - inspyred.ec - DEBUG - population size is now 64
2024-05-27 10:14:34,998 - inspyred.ec - DEBUG - archiving initial population
2024-05-27 10:14:34,998 - inspyred.ec - DEBUG - archive size is now 0
2024-05-27 10:14:34,998 - inspyred.ec - DEBUG - population size is now 64
2024-05-27 10:14:34,998 - inspyred.ec - DEBUG - observation using stats_observer at generation 0 and evaluation 64
2024-05-27 10:14:34,998 - inspyred.ec - DEBUG - observation using file_observer at generation 0 and evaluation 64
2024-05-27 10:14:35,000 - inspyred.ec - DEBUG - termination test using generation_termination at generation 0 and evaluation 64
2024-05-27 10:14:35,000 - inspyred.ec - DEBUG - selection using tournament_selection at generation 0 and evaluation 64
2024-05-27 10:14:35,001 - inspyred.ec - DEBUG - selected 64 candidates
2024-05-27 10:14:35,001 - inspyred.ec - DEBUG - variation using uniform_crossover at generation 0 and evaluation 64
2024-05-27 10:14:35,002 - inspyred.ec - DEBUG - variation using nonuniform_bounds_mutation at generation 0 and evaluation 64
2024-05-27 10:14:35,003 - inspyred.ec - DEBUG - created 64 offspring
2024-05-27 10:14:35,003 - inspyred.ec - DEBUG - evaluation using func at generation 0 and evaluation 64
2024-05-27 10:19:33,089 - inspyred.ec - DEBUG - replacement using generational_replacement at generation 0 and evaluation 128
2024-05-27 10:19:33,089 - inspyred.ec - DEBUG - population size is now 64
2024-05-27 10:19:33,089 - inspyred.ec - DEBUG - migration using default_migration at generation 0 and evaluation 128
2024-05-27 10:19:33,089 - inspyred.ec - DEBUG - population size is now 64
2024-05-27 10:19:33,089 - inspyred.ec - DEBUG - archival using default_archiver at generation 0 and evaluation 128
2024-05-27 10:19:33,089 - inspyred.ec - DEBUG - archive size is now 0
2024-05-27 10:19:33,089 - inspyred.ec - DEBUG - population size is now 64
2024-05-27 10:19:33,090 - inspyred.ec - DEBUG - observation using stats_observer at generation 1 and evaluation 128
2024-05-27 10:19:33,090 - inspyred.ec - DEBUG - observation using file_observer at generation 1 and evaluation 128
2024-05-27 10:19:33,092 - inspyred.ec - DEBUG - termination test using generation_termination at generation 1 and evaluation 128
2024-05-27 10:19:33,092 - inspyred.ec - DEBUG - selection using tournament_selection at generation 1 and evaluation 128
2024-05-27 10:19:33,092 - inspyred.ec - DEBUG - selected 64 candidates
2024-05-27 10:19:33,093 - inspyred.ec - DEBUG - variation using uniform_crossover at generation 1 and evaluation 128
2024-05-27 10:19:33,093 - inspyred.ec - DEBUG - variation using nonuniform_bounds_mutation at generation 1 and evaluation 128
2024-05-27 10:19:33,094 - inspyred.ec - DEBUG - created 64 offspring
2024-05-27 10:19:33,094 - inspyred.ec - DEBUG - evaluation using func at generation 1 and evaluation 128
2024-05-27 10:25:48,584 - inspyred.ec - DEBUG - replacement using generational_replacement at generation 1 and evaluation 192
2024-05-27 10:25:48,585 - inspyred.ec - DEBUG - population size is now 64
2024-05-27 10:25:48,585 - inspyred.ec - DEBUG - migration using default_migration at generation 1 and evaluation 192
2024-05-27 10:25:48,585 - inspyred.ec - DEBUG - population size is now 64
2024-05-27 10:25:48,585 - inspyred.ec - DEBUG - archival using default_archiver at generation 1 and evaluation 192
2024-05-27 10:25:48,585 - inspyred.ec - DEBUG - archive size is now 0
2024-05-27 10:25:48,585 - inspyred.ec - DEBUG - population size is now 64
2024-05-27 10:25:48,585 - inspyred.ec - DEBUG - observation using stats_observer at generation 2 and evaluation 192
2024-05-27 10:25:48,586 - inspyred.ec - DEBUG - observation using file_observer at generation 2 and evaluation 192
2024-05-27 10:25:48,588 - inspyred.ec - DEBUG - termination test using generation_termination at generation 2 and evaluation 192
2024-05-27 10:25:48,588 - inspyred.ec - DEBUG - selection using tournament_selection at generation 2 and evaluation 192
2024-05-27 10:25:48,588 - inspyred.ec - DEBUG - selected 64 candidates
2024-05-27 10:25:48,589 - inspyred.ec - DEBUG - variation using uniform_crossover at generation 2 and evaluation 192
2024-05-27 10:25:48,589 - inspyred.ec - DEBUG - variation using nonuniform_bounds_mutation at generation 2 and evaluation 192
2024-05-27 10:25:48,590 - inspyred.ec - DEBUG - created 64 offspring
2024-05-27 10:25:48,590 - inspyred.ec - DEBUG - evaluation using func at generation 2 and evaluation 192
2024-05-27 10:31:21,985 - inspyred.ec - DEBUG - replacement using generational_replacement at generation 2 and evaluation 256
2024-05-27 10:31:21,987 - inspyred.ec - DEBUG - population size is now 64
2024-05-27 10:31:21,988 - inspyred.ec - DEBUG - migration using default_migration at generation 2 and evaluation 256
2024-05-27 10:31:21,988 - inspyred.ec - DEBUG - population size is now 64
2024-05-27 10:31:21,988 - inspyred.ec - DEBUG - archival using default_archiver at generation 2 and evaluation 256
2024-05-27 10:31:21,988 - inspyred.ec - DEBUG - archive size is now 0
2024-05-27 10:31:21,988 - inspyred.ec - DEBUG - population size is now 64
2024-05-27 10:31:21,988 - inspyred.ec - DEBUG - observation using stats_observer at generation 3 and evaluation 256
2024-05-27 10:31:21,988 - inspyred.ec - DEBUG - observation using file_observer at generation 3 and evaluation 256
2024-05-27 10:31:21,991 - inspyred.ec - DEBUG - termination test using generation_termination at generation 3 and evaluation 256
2024-05-27 10:31:21,991 - inspyred.ec - DEBUG - selection using tournament_selection at generation 3 and evaluation 256
2024-05-27 10:31:21,991 - inspyred.ec - DEBUG - selected 64 candidates
2024-05-27 10:31:21,992 - inspyred.ec - DEBUG - variation using uniform_crossover at generation 3 and evaluation 256
2024-05-27 10:31:21,993 - inspyred.ec - DEBUG - variation using nonuniform_bounds_mutation at generation 3 and evaluation 256
2024-05-27 10:31:21,994 - inspyred.ec - DEBUG - created 64 offspring
2024-05-27 10:31:21,994 - inspyred.ec - DEBUG - evaluation using func at generation 3 and evaluation 256
2024-05-27 10:37:23,966 - inspyred.ec - DEBUG - replacement using generational_replacement at generation 3 and evaluation 320
2024-05-27 10:37:23,968 - inspyred.ec - DEBUG - population size is now 64
2024-05-27 10:37:23,968 - inspyred.ec - DEBUG - migration using default_migration at generation 3 and evaluation 320
2024-05-27 10:37:23,968 - inspyred.ec - DEBUG - population size is now 64
2024-05-27 10:37:23,969 - inspyred.ec - DEBUG - archival using default_archiver at generation 3 and evaluation 320
2024-05-27 10:37:23,969 - inspyred.ec - DEBUG - archive size is now 0
2024-05-27 10:37:23,969 - inspyred.ec - DEBUG - population size is now 64
2024-05-27 10:37:23,969 - inspyred.ec - DEBUG - observation using stats_observer at generation 4 and evaluation 320
2024-05-27 10:37:23,969 - inspyred.ec - DEBUG - observation using file_observer at generation 4 and evaluation 320
2024-05-27 10:37:23,972 - inspyred.ec - DEBUG - termination test using generation_termination at generation 4 and evaluation 320
2024-05-27 10:37:23,972 - inspyred.ec - DEBUG - selection using tournament_selection at generation 4 and evaluation 320
2024-05-27 10:37:23,972 - inspyred.ec - DEBUG - selected 64 candidates
2024-05-27 10:37:23,974 - inspyred.ec - DEBUG - variation using uniform_crossover at generation 4 and evaluation 320
2024-05-27 10:37:23,974 - inspyred.ec - DEBUG - variation using nonuniform_bounds_mutation at generation 4 and evaluation 320
2024-05-27 10:37:23,975 - inspyred.ec - DEBUG - created 64 offspring
2024-05-27 10:37:23,975 - inspyred.ec - DEBUG - evaluation using func at generation 4 and evaluation 320
2024-05-27 10:43:30,046 - inspyred.ec - DEBUG - replacement using generational_replacement at generation 4 and evaluation 384
2024-05-27 10:43:30,048 - inspyred.ec - DEBUG - population size is now 64
2024-05-27 10:43:30,049 - inspyred.ec - DEBUG - migration using default_migration at generation 4 and evaluation 384
2024-05-27 10:43:30,049 - inspyred.ec - DEBUG - population size is now 64
2024-05-27 10:43:30,049 - inspyred.ec - DEBUG - archival using default_archiver at generation 4 and evaluation 384
2024-05-27 10:43:30,049 - inspyred.ec - DEBUG - archive size is now 0
2024-05-27 10:43:30,049 - inspyred.ec - DEBUG - population size is now 64
2024-05-27 10:43:30,049 - inspyred.ec - DEBUG - observation using stats_observer at generation 5 and evaluation 384
2024-05-27 10:43:30,050 - inspyred.ec - DEBUG - observation using file_observer at generation 5 and evaluation 384
2024-05-27 10:43:30,053 - inspyred.ec - DEBUG - termination test using generation_termination at generation 5 and evaluation 384
2024-05-27 10:43:30,053 - inspyred.ec - DEBUG - selection using tournament_selection at generation 5 and evaluation 384
2024-05-27 10:43:30,054 - inspyred.ec - DEBUG - selected 64 candidates
2024-05-27 10:43:30,055 - inspyred.ec - DEBUG - variation using uniform_crossover at generation 5 and evaluation 384
2024-05-27 10:43:30,056 - inspyred.ec - DEBUG - variation using nonuniform_bounds_mutation at generation 5 and evaluation 384
2024-05-27 10:43:30,057 - inspyred.ec - DEBUG - created 64 offspring
2024-05-27 10:43:30,057 - inspyred.ec - DEBUG - evaluation using func at generation 5 and evaluation 384
2024-05-27 10:50:16,411 - inspyred.ec - DEBUG - replacement using generational_replacement at generation 5 and evaluation 448
2024-05-27 10:50:16,413 - inspyred.ec - DEBUG - population size is now 64
2024-05-27 10:50:16,413 - inspyred.ec - DEBUG - migration using default_migration at generation 5 and evaluation 448
2024-05-27 10:50:16,413 - inspyred.ec - DEBUG - population size is now 64
2024-05-27 10:50:16,414 - inspyred.ec - DEBUG - archival using default_archiver at generation 5 and evaluation 448
2024-05-27 10:50:16,414 - inspyred.ec - DEBUG - archive size is now 0
2024-05-27 10:50:16,414 - inspyred.ec - DEBUG - population size is now 64
2024-05-27 10:50:16,414 - inspyred.ec - DEBUG - observation using stats_observer at generation 6 and evaluation 448
2024-05-27 10:50:16,414 - inspyred.ec - DEBUG - observation using file_observer at generation 6 and evaluation 448
2024-05-27 10:50:16,417 - inspyred.ec - DEBUG - termination test using generation_termination at generation 6 and evaluation 448
2024-05-27 10:50:16,418 - inspyred.ec - DEBUG - selection using tournament_selection at generation 6 and evaluation 448
2024-05-27 10:50:16,418 - inspyred.ec - DEBUG - selected 64 candidates
2024-05-27 10:50:16,419 - inspyred.ec - DEBUG - variation using uniform_crossover at generation 6 and evaluation 448
2024-05-27 10:50:16,420 - inspyred.ec - DEBUG - variation using nonuniform_bounds_mutation at generation 6 and evaluation 448
2024-05-27 10:50:16,421 - inspyred.ec - DEBUG - created 64 offspring
2024-05-27 10:50:16,421 - inspyred.ec - DEBUG - evaluation using func at generation 6 and evaluation 448
2024-05-27 10:56:25,656 - inspyred.ec - DEBUG - replacement using generational_replacement at generation 6 and evaluation 512
2024-05-27 10:56:25,657 - inspyred.ec - DEBUG - population size is now 64
2024-05-27 10:56:25,657 - inspyred.ec - DEBUG - migration using default_migration at generation 6 and evaluation 512
2024-05-27 10:56:25,657 - inspyred.ec - DEBUG - population size is now 64
2024-05-27 10:56:25,657 - inspyred.ec - DEBUG - archival using default_archiver at generation 6 and evaluation 512
2024-05-27 10:56:25,657 - inspyred.ec - DEBUG - archive size is now 0
2024-05-27 10:56:25,657 - inspyred.ec - DEBUG - population size is now 64
2024-05-27 10:56:25,657 - inspyred.ec - DEBUG - observation using stats_observer at generation 7 and evaluation 512
2024-05-27 10:56:25,658 - inspyred.ec - DEBUG - observation using file_observer at generation 7 and evaluation 512
2024-05-27 10:56:25,660 - inspyred.ec - DEBUG - termination test using generation_termination at generation 7 and evaluation 512
2024-05-27 10:56:25,660 - inspyred.ec - DEBUG - selection using tournament_selection at generation 7 and evaluation 512
2024-05-27 10:56:25,660 - inspyred.ec - DEBUG - selected 64 candidates
2024-05-27 10:56:25,662 - inspyred.ec - DEBUG - variation using uniform_crossover at generation 7 and evaluation 512
2024-05-27 10:56:25,662 - inspyred.ec - DEBUG - variation using nonuniform_bounds_mutation at generation 7 and evaluation 512
2024-05-27 10:56:25,663 - inspyred.ec - DEBUG - created 64 offspring
2024-05-27 10:56:25,663 - inspyred.ec - DEBUG - evaluation using func at generation 7 and evaluation 512
2024-05-27 11:02:06,341 - inspyred.ec - DEBUG - replacement using generational_replacement at generation 7 and evaluation 576
2024-05-27 11:02:06,342 - inspyred.ec - DEBUG - population size is now 64
2024-05-27 11:02:06,342 - inspyred.ec - DEBUG - migration using default_migration at generation 7 and evaluation 576
2024-05-27 11:02:06,342 - inspyred.ec - DEBUG - population size is now 64
2024-05-27 11:02:06,342 - inspyred.ec - DEBUG - archival using default_archiver at generation 7 and evaluation 576
2024-05-27 11:02:06,343 - inspyred.ec - DEBUG - archive size is now 0
2024-05-27 11:02:06,343 - inspyred.ec - DEBUG - population size is now 64
2024-05-27 11:02:06,343 - inspyred.ec - DEBUG - observation using stats_observer at generation 8 and evaluation 576
2024-05-27 11:02:06,343 - inspyred.ec - DEBUG - observation using file_observer at generation 8 and evaluation 576
2024-05-27 11:02:06,345 - inspyred.ec - DEBUG - termination test using generation_termination at generation 8 and evaluation 576
2024-05-27 11:02:06,345 - inspyred.ec - DEBUG - selection using tournament_selection at generation 8 and evaluation 576
2024-05-27 11:02:06,346 - inspyred.ec - DEBUG - selected 64 candidates
2024-05-27 11:02:06,347 - inspyred.ec - DEBUG - variation using uniform_crossover at generation 8 and evaluation 576
2024-05-27 11:02:06,347 - inspyred.ec - DEBUG - variation using nonuniform_bounds_mutation at generation 8 and evaluation 576
2024-05-27 11:02:06,348 - inspyred.ec - DEBUG - created 64 offspring
2024-05-27 11:02:06,349 - inspyred.ec - DEBUG - evaluation using func at generation 8 and evaluation 576
2024-05-27 11:09:25,167 - inspyred.ec - DEBUG - replacement using generational_replacement at generation 8 and evaluation 640
2024-05-27 11:09:25,169 - inspyred.ec - DEBUG - population size is now 64
2024-05-27 11:09:25,169 - inspyred.ec - DEBUG - migration using default_migration at generation 8 and evaluation 640
2024-05-27 11:09:25,169 - inspyred.ec - DEBUG - population size is now 64
2024-05-27 11:09:25,169 - inspyred.ec - DEBUG - archival using default_archiver at generation 8 and evaluation 640
2024-05-27 11:09:25,170 - inspyred.ec - DEBUG - archive size is now 0
2024-05-27 11:09:25,170 - inspyred.ec - DEBUG - population size is now 64
2024-05-27 11:09:25,170 - inspyred.ec - DEBUG - observation using stats_observer at generation 9 and evaluation 640
2024-05-27 11:09:25,170 - inspyred.ec - DEBUG - observation using file_observer at generation 9 and evaluation 640
2024-05-27 11:09:25,174 - inspyred.ec - DEBUG - termination test using generation_termination at generation 9 and evaluation 640
2024-05-27 11:09:25,175 - inspyred.ec - DEBUG - selection using tournament_selection at generation 9 and evaluation 640
2024-05-27 11:09:25,175 - inspyred.ec - DEBUG - selected 64 candidates
2024-05-27 11:09:25,176 - inspyred.ec - DEBUG - variation using uniform_crossover at generation 9 and evaluation 640
2024-05-27 11:09:25,177 - inspyred.ec - DEBUG - variation using nonuniform_bounds_mutation at generation 9 and evaluation 640
2024-05-27 11:09:25,178 - inspyred.ec - DEBUG - created 64 offspring
2024-05-27 11:09:25,178 - inspyred.ec - DEBUG - evaluation using func at generation 9 and evaluation 640
2024-05-27 11:15:23,646 - inspyred.ec - DEBUG - replacement using generational_replacement at generation 9 and evaluation 704
2024-05-27 11:15:23,647 - inspyred.ec - DEBUG - population size is now 64
2024-05-27 11:15:23,647 - inspyred.ec - DEBUG - migration using default_migration at generation 9 and evaluation 704
2024-05-27 11:15:23,647 - inspyred.ec - DEBUG - population size is now 64
2024-05-27 11:15:23,647 - inspyred.ec - DEBUG - archival using default_archiver at generation 9 and evaluation 704
2024-05-27 11:15:23,647 - inspyred.ec - DEBUG - archive size is now 0
2024-05-27 11:15:23,647 - inspyred.ec - DEBUG - population size is now 64
2024-05-27 11:15:23,647 - inspyred.ec - DEBUG - observation using stats_observer at generation 10 and evaluation 704
2024-05-27 11:15:23,648 - inspyred.ec - DEBUG - observation using file_observer at generation 10 and evaluation 704
2024-05-27 11:15:23,650 - inspyred.ec - DEBUG - termination test using generation_termination at generation 10 and evaluation 704
2024-05-27 11:15:23,650 - inspyred.ec - DEBUG - selection using tournament_selection at generation 10 and evaluation 704
2024-05-27 11:15:23,650 - inspyred.ec - DEBUG - selected 64 candidates
2024-05-27 11:15:23,652 - inspyred.ec - DEBUG - variation using uniform_crossover at generation 10 and evaluation 704
2024-05-27 11:15:23,652 - inspyred.ec - DEBUG - variation using nonuniform_bounds_mutation at generation 10 and evaluation 704
2024-05-27 11:15:23,653 - inspyred.ec - DEBUG - created 64 offspring
2024-05-27 11:15:23,653 - inspyred.ec - DEBUG - evaluation using func at generation 10 and evaluation 704
2024-05-27 11:21:33,994 - inspyred.ec - DEBUG - replacement using generational_replacement at generation 10 and evaluation 768
2024-05-27 11:21:33,995 - inspyred.ec - DEBUG - population size is now 64
2024-05-27 11:21:33,995 - inspyred.ec - DEBUG - migration using default_migration at generation 10 and evaluation 768
2024-05-27 11:21:33,995 - inspyred.ec - DEBUG - population size is now 64
2024-05-27 11:21:33,995 - inspyred.ec - DEBUG - archival using default_archiver at generation 10 and evaluation 768
2024-05-27 11:21:33,995 - inspyred.ec - DEBUG - archive size is now 0
2024-05-27 11:21:33,995 - inspyred.ec - DEBUG - population size is now 64
2024-05-27 11:21:33,995 - inspyred.ec - DEBUG - observation using stats_observer at generation 11 and evaluation 768
2024-05-27 11:21:33,996 - inspyred.ec - DEBUG - observation using file_observer at generation 11 and evaluation 768
2024-05-27 11:21:33,998 - inspyred.ec - DEBUG - termination test using generation_termination at generation 11 and evaluation 768
2024-05-27 11:21:33,998 - inspyred.ec - DEBUG - selection using tournament_selection at generation 11 and evaluation 768
2024-05-27 11:21:33,999 - inspyred.ec - DEBUG - selected 64 candidates
2024-05-27 11:21:34,000 - inspyred.ec - DEBUG - variation using uniform_crossover at generation 11 and evaluation 768
2024-05-27 11:21:34,000 - inspyred.ec - DEBUG - variation using nonuniform_bounds_mutation at generation 11 and evaluation 768
2024-05-27 11:21:34,002 - inspyred.ec - DEBUG - created 64 offspring
2024-05-27 11:21:34,002 - inspyred.ec - DEBUG - evaluation using func at generation 11 and evaluation 768
2024-05-27 11:28:14,370 - inspyred.ec - DEBUG - replacement using generational_replacement at generation 11 and evaluation 832
2024-05-27 11:28:14,372 - inspyred.ec - DEBUG - population size is now 64
2024-05-27 11:28:14,373 - inspyred.ec - DEBUG - migration using default_migration at generation 11 and evaluation 832
2024-05-27 11:28:14,373 - inspyred.ec - DEBUG - population size is now 64
2024-05-27 11:28:14,373 - inspyred.ec - DEBUG - archival using default_archiver at generation 11 and evaluation 832
2024-05-27 11:28:14,373 - inspyred.ec - DEBUG - archive size is now 0
2024-05-27 11:28:14,373 - inspyred.ec - DEBUG - population size is now 64
2024-05-27 11:28:14,373 - inspyred.ec - DEBUG - observation using stats_observer at generation 12 and evaluation 832
2024-05-27 11:28:14,373 - inspyred.ec - DEBUG - observation using file_observer at generation 12 and evaluation 832
2024-05-27 11:28:14,377 - inspyred.ec - DEBUG - termination test using generation_termination at generation 12 and evaluation 832
2024-05-27 11:28:14,377 - inspyred.ec - DEBUG - selection using tournament_selection at generation 12 and evaluation 832
2024-05-27 11:28:14,378 - inspyred.ec - DEBUG - selected 64 candidates
2024-05-27 11:28:14,379 - inspyred.ec - DEBUG - variation using uniform_crossover at generation 12 and evaluation 832
2024-05-27 11:28:14,380 - inspyred.ec - DEBUG - variation using nonuniform_bounds_mutation at generation 12 and evaluation 832
2024-05-27 11:28:14,381 - inspyred.ec - DEBUG - created 64 offspring
2024-05-27 11:28:14,381 - inspyred.ec - DEBUG - evaluation using func at generation 12 and evaluation 832
2024-05-27 11:34:12,191 - inspyred.ec - DEBUG - replacement using generational_replacement at generation 12 and evaluation 896
2024-05-27 11:34:12,192 - inspyred.ec - DEBUG - population size is now 64
2024-05-27 11:34:12,192 - inspyred.ec - DEBUG - migration using default_migration at generation 12 and evaluation 896
2024-05-27 11:34:12,192 - inspyred.ec - DEBUG - population size is now 64
2024-05-27 11:34:12,192 - inspyred.ec - DEBUG - archival using default_archiver at generation 12 and evaluation 896
2024-05-27 11:34:12,192 - inspyred.ec - DEBUG - archive size is now 0
2024-05-27 11:34:12,192 - inspyred.ec - DEBUG - population size is now 64
2024-05-27 11:34:12,192 - inspyred.ec - DEBUG - observation using stats_observer at generation 13 and evaluation 896
2024-05-27 11:34:12,193 - inspyred.ec - DEBUG - observation using file_observer at generation 13 and evaluation 896
2024-05-27 11:34:12,195 - inspyred.ec - DEBUG - termination test using generation_termination at generation 13 and evaluation 896
2024-05-27 11:34:12,195 - inspyred.ec - DEBUG - selection using tournament_selection at generation 13 and evaluation 896
2024-05-27 11:34:12,196 - inspyred.ec - DEBUG - selected 64 candidates
2024-05-27 11:34:12,197 - inspyred.ec - DEBUG - variation using uniform_crossover at generation 13 and evaluation 896
2024-05-27 11:34:12,197 - inspyred.ec - DEBUG - variation using nonuniform_bounds_mutation at generation 13 and evaluation 896
2024-05-27 11:34:12,199 - inspyred.ec - DEBUG - created 64 offspring
2024-05-27 11:34:12,199 - inspyred.ec - DEBUG - evaluation using func at generation 13 and evaluation 896
2024-05-27 11:40:27,460 - inspyred.ec - DEBUG - replacement using generational_replacement at generation 13 and evaluation 960
2024-05-27 11:40:27,461 - inspyred.ec - DEBUG - population size is now 64
2024-05-27 11:40:27,461 - inspyred.ec - DEBUG - migration using default_migration at generation 13 and evaluation 960
2024-05-27 11:40:27,461 - inspyred.ec - DEBUG - population size is now 64
2024-05-27 11:40:27,461 - inspyred.ec - DEBUG - archival using default_archiver at generation 13 and evaluation 960
2024-05-27 11:40:27,461 - inspyred.ec - DEBUG - archive size is now 0
2024-05-27 11:40:27,461 - inspyred.ec - DEBUG - population size is now 64
2024-05-27 11:40:27,461 - inspyred.ec - DEBUG - observation using stats_observer at generation 14 and evaluation 960
2024-05-27 11:40:27,462 - inspyred.ec - DEBUG - observation using file_observer at generation 14 and evaluation 960
2024-05-27 11:40:27,464 - inspyred.ec - DEBUG - termination test using generation_termination at generation 14 and evaluation 960
2024-05-27 11:40:27,464 - inspyred.ec - DEBUG - selection using tournament_selection at generation 14 and evaluation 960
2024-05-27 11:40:27,465 - inspyred.ec - DEBUG - selected 64 candidates
2024-05-27 11:40:27,466 - inspyred.ec - DEBUG - variation using uniform_crossover at generation 14 and evaluation 960
2024-05-27 11:40:27,466 - inspyred.ec - DEBUG - variation using nonuniform_bounds_mutation at generation 14 and evaluation 960
2024-05-27 11:40:27,467 - inspyred.ec - DEBUG - created 64 offspring
2024-05-27 11:40:27,467 - inspyred.ec - DEBUG - evaluation using func at generation 14 and evaluation 960
2024-05-27 12:27:01,574 - inspyred.ec - DEBUG - generating initial population
2024-05-27 12:27:01,577 - inspyred.ec - DEBUG - evaluating initial population
2024-05-27 12:32:12,734 - inspyred.ec - DEBUG - population size is now 64
2024-05-27 12:32:12,734 - inspyred.ec - DEBUG - archiving initial population
2024-05-27 12:32:12,734 - inspyred.ec - DEBUG - archive size is now 0
2024-05-27 12:32:12,734 - inspyred.ec - DEBUG - population size is now 64
2024-05-27 12:32:12,734 - inspyred.ec - DEBUG - observation using stats_observer at generation 0 and evaluation 64
2024-05-27 12:32:12,735 - inspyred.ec - DEBUG - observation using file_observer at generation 0 and evaluation 64
2024-05-27 12:32:12,738 - inspyred.ec - DEBUG - termination test using generation_termination at generation 0 and evaluation 64
2024-05-27 12:32:12,738 - inspyred.ec - DEBUG - selection using tournament_selection at generation 0 and evaluation 64
2024-05-27 12:32:12,738 - inspyred.ec - DEBUG - selected 64 candidates
2024-05-27 12:32:12,740 - inspyred.ec - DEBUG - variation using uniform_crossover at generation 0 and evaluation 64
2024-05-27 12:32:12,740 - inspyred.ec - DEBUG - variation using nonuniform_bounds_mutation at generation 0 and evaluation 64
2024-05-27 12:32:12,741 - inspyred.ec - DEBUG - created 64 offspring
2024-05-27 12:32:12,741 - inspyred.ec - DEBUG - evaluation using func at generation 0 and evaluation 64
2024-05-27 12:33:30,530 - inspyred.ec - DEBUG - generating initial population
2024-05-27 12:33:30,531 - inspyred.ec - DEBUG - evaluating initial population
2024-05-27 12:38:30,850 - inspyred.ec - DEBUG - population size is now 64
2024-05-27 12:38:30,868 - inspyred.ec - DEBUG - archiving initial population
2024-05-27 12:38:30,869 - inspyred.ec - DEBUG - archive size is now 0
2024-05-27 12:38:30,869 - inspyred.ec - DEBUG - population size is now 64
2024-05-27 12:38:30,869 - inspyred.ec - DEBUG - observation using stats_observer at generation 0 and evaluation 64
2024-05-27 12:38:30,870 - inspyred.ec - DEBUG - observation using file_observer at generation 0 and evaluation 64
2024-05-27 12:38:30,873 - inspyred.ec - DEBUG - termination test using generation_termination at generation 0 and evaluation 64
2024-05-27 12:38:30,873 - inspyred.ec - DEBUG - selection using tournament_selection at generation 0 and evaluation 64
2024-05-27 12:38:30,873 - inspyred.ec - DEBUG - selected 64 candidates
2024-05-27 12:38:30,875 - inspyred.ec - DEBUG - variation using uniform_crossover at generation 0 and evaluation 64
2024-05-27 12:38:30,875 - inspyred.ec - DEBUG - variation using nonuniform_bounds_mutation at generation 0 and evaluation 64
2024-05-27 12:38:30,877 - inspyred.ec - DEBUG - created 64 offspring
2024-05-27 12:38:30,877 - inspyred.ec - DEBUG - evaluation using func at generation 0 and evaluation 64
2024-05-27 12:43:40,501 - inspyred.ec - DEBUG - replacement using generational_replacement at generation 0 and evaluation 128
2024-05-27 12:43:40,503 - inspyred.ec - DEBUG - population size is now 64
2024-05-27 12:43:40,503 - inspyred.ec - DEBUG - migration using default_migration at generation 0 and evaluation 128
2024-05-27 12:43:40,503 - inspyred.ec - DEBUG - population size is now 64
2024-05-27 12:43:40,503 - inspyred.ec - DEBUG - archival using default_archiver at generation 0 and evaluation 128
2024-05-27 12:43:40,503 - inspyred.ec - DEBUG - archive size is now 0
2024-05-27 12:43:40,503 - inspyred.ec - DEBUG - population size is now 64
2024-05-27 12:43:40,504 - inspyred.ec - DEBUG - observation using stats_observer at generation 1 and evaluation 128
2024-05-27 12:43:40,504 - inspyred.ec - DEBUG - observation using file_observer at generation 1 and evaluation 128
2024-05-27 12:43:40,507 - inspyred.ec - DEBUG - termination test using generation_termination at generation 1 and evaluation 128
2024-05-27 12:43:40,507 - inspyred.ec - DEBUG - selection using tournament_selection at generation 1 and evaluation 128
2024-05-27 12:43:40,508 - inspyred.ec - DEBUG - selected 64 candidates
2024-05-27 12:43:40,509 - inspyred.ec - DEBUG - variation using uniform_crossover at generation 1 and evaluation 128
2024-05-27 12:43:40,510 - inspyred.ec - DEBUG - variation using nonuniform_bounds_mutation at generation 1 and evaluation 128
2024-05-27 12:43:40,512 - inspyred.ec - DEBUG - created 64 offspring
2024-05-27 12:43:40,512 - inspyred.ec - DEBUG - evaluation using func at generation 1 and evaluation 128
2024-05-27 12:49:16,043 - inspyred.ec - DEBUG - replacement using generational_replacement at generation 1 and evaluation 192
2024-05-27 12:49:16,044 - inspyred.ec - DEBUG - population size is now 64
2024-05-27 12:49:16,044 - inspyred.ec - DEBUG - migration using default_migration at generation 1 and evaluation 192
2024-05-27 12:49:16,044 - inspyred.ec - DEBUG - population size is now 64
2024-05-27 12:49:16,044 - inspyred.ec - DEBUG - archival using default_archiver at generation 1 and evaluation 192
2024-05-27 12:49:16,045 - inspyred.ec - DEBUG - archive size is now 0
2024-05-27 12:49:16,045 - inspyred.ec - DEBUG - population size is now 64
2024-05-27 12:49:16,045 - inspyred.ec - DEBUG - observation using stats_observer at generation 2 and evaluation 192
2024-05-27 12:49:16,045 - inspyred.ec - DEBUG - observation using file_observer at generation 2 and evaluation 192
2024-05-27 12:49:16,048 - inspyred.ec - DEBUG - termination test using generation_termination at generation 2 and evaluation 192
2024-05-27 12:49:16,048 - inspyred.ec - DEBUG - selection using tournament_selection at generation 2 and evaluation 192
2024-05-27 12:49:16,049 - inspyred.ec - DEBUG - selected 64 candidates
2024-05-27 12:49:16,051 - inspyred.ec - DEBUG - variation using uniform_crossover at generation 2 and evaluation 192
2024-05-27 12:49:16,051 - inspyred.ec - DEBUG - variation using nonuniform_bounds_mutation at generation 2 and evaluation 192
2024-05-27 12:49:16,053 - inspyred.ec - DEBUG - created 64 offspring
2024-05-27 12:49:16,053 - inspyred.ec - DEBUG - evaluation using func at generation 2 and evaluation 192
2024-05-27 12:55:06,642 - inspyred.ec - DEBUG - replacement using generational_replacement at generation 2 and evaluation 256
2024-05-27 12:55:06,642 - inspyred.ec - DEBUG - population size is now 64
2024-05-27 12:55:06,643 - inspyred.ec - DEBUG - migration using default_migration at generation 2 and evaluation 256
2024-05-27 12:55:06,643 - inspyred.ec - DEBUG - population size is now 64
2024-05-27 12:55:06,643 - inspyred.ec - DEBUG - archival using default_archiver at generation 2 and evaluation 256
2024-05-27 12:55:06,643 - inspyred.ec - DEBUG - archive size is now 0
2024-05-27 12:55:06,643 - inspyred.ec - DEBUG - population size is now 64
2024-05-27 12:55:06,643 - inspyred.ec - DEBUG - observation using stats_observer at generation 3 and evaluation 256
2024-05-27 12:55:06,644 - inspyred.ec - DEBUG - observation using file_observer at generation 3 and evaluation 256
2024-05-27 12:55:06,646 - inspyred.ec - DEBUG - termination test using generation_termination at generation 3 and evaluation 256
2024-05-27 12:55:06,646 - inspyred.ec - DEBUG - selection using tournament_selection at generation 3 and evaluation 256
2024-05-27 12:55:06,647 - inspyred.ec - DEBUG - selected 64 candidates
2024-05-27 12:55:06,648 - inspyred.ec - DEBUG - variation using uniform_crossover at generation 3 and evaluation 256
2024-05-27 12:55:06,649 - inspyred.ec - DEBUG - variation using nonuniform_bounds_mutation at generation 3 and evaluation 256
2024-05-27 12:55:06,650 - inspyred.ec - DEBUG - created 64 offspring
2024-05-27 12:55:06,650 - inspyred.ec - DEBUG - evaluation using func at generation 3 and evaluation 256
2024-05-27 13:01:17,089 - inspyred.ec - DEBUG - replacement using generational_replacement at generation 3 and evaluation 320
2024-05-27 13:01:17,090 - inspyred.ec - DEBUG - population size is now 64
2024-05-27 13:01:17,090 - inspyred.ec - DEBUG - migration using default_migration at generation 3 and evaluation 320
2024-05-27 13:01:17,090 - inspyred.ec - DEBUG - population size is now 64
2024-05-27 13:01:17,091 - inspyred.ec - DEBUG - archival using default_archiver at generation 3 and evaluation 320
2024-05-27 13:01:17,091 - inspyred.ec - DEBUG - archive size is now 0
2024-05-27 13:01:17,091 - inspyred.ec - DEBUG - population size is now 64
2024-05-27 13:01:17,091 - inspyred.ec - DEBUG - observation using stats_observer at generation 4 and evaluation 320
2024-05-27 13:01:17,091 - inspyred.ec - DEBUG - observation using file_observer at generation 4 and evaluation 320
2024-05-27 13:01:17,094 - inspyred.ec - DEBUG - termination test using generation_termination at generation 4 and evaluation 320
2024-05-27 13:01:17,094 - inspyred.ec - DEBUG - selection using tournament_selection at generation 4 and evaluation 320
2024-05-27 13:01:17,095 - inspyred.ec - DEBUG - selected 64 candidates
2024-05-27 13:01:17,096 - inspyred.ec - DEBUG - variation using uniform_crossover at generation 4 and evaluation 320
2024-05-27 13:01:17,097 - inspyred.ec - DEBUG - variation using nonuniform_bounds_mutation at generation 4 and evaluation 320
2024-05-27 13:01:17,098 - inspyred.ec - DEBUG - created 64 offspring
2024-05-27 13:01:17,098 - inspyred.ec - DEBUG - evaluation using func at generation 4 and evaluation 320
2024-05-27 13:07:49,617 - inspyred.ec - DEBUG - replacement using generational_replacement at generation 4 and evaluation 384
2024-05-27 13:07:49,618 - inspyred.ec - DEBUG - population size is now 64
2024-05-27 13:07:49,618 - inspyred.ec - DEBUG - migration using default_migration at generation 4 and evaluation 384
2024-05-27 13:07:49,618 - inspyred.ec - DEBUG - population size is now 64
2024-05-27 13:07:49,618 - inspyred.ec - DEBUG - archival using default_archiver at generation 4 and evaluation 384
2024-05-27 13:07:49,618 - inspyred.ec - DEBUG - archive size is now 0
2024-05-27 13:07:49,619 - inspyred.ec - DEBUG - population size is now 64
2024-05-27 13:07:49,619 - inspyred.ec - DEBUG - observation using stats_observer at generation 5 and evaluation 384
2024-05-27 13:07:49,619 - inspyred.ec - DEBUG - observation using file_observer at generation 5 and evaluation 384
2024-05-27 13:07:49,622 - inspyred.ec - DEBUG - termination test using generation_termination at generation 5 and evaluation 384
2024-05-27 13:07:49,622 - inspyred.ec - DEBUG - selection using tournament_selection at generation 5 and evaluation 384
2024-05-27 13:07:49,623 - inspyred.ec - DEBUG - selected 64 candidates
2024-05-27 13:07:49,624 - inspyred.ec - DEBUG - variation using uniform_crossover at generation 5 and evaluation 384
2024-05-27 13:07:49,625 - inspyred.ec - DEBUG - variation using nonuniform_bounds_mutation at generation 5 and evaluation 384
2024-05-27 13:07:49,627 - inspyred.ec - DEBUG - created 64 offspring
2024-05-27 13:07:49,627 - inspyred.ec - DEBUG - evaluation using func at generation 5 and evaluation 384
2024-05-27 13:14:08,776 - inspyred.ec - DEBUG - replacement using generational_replacement at generation 5 and evaluation 448
2024-05-27 13:14:08,778 - inspyred.ec - DEBUG - population size is now 64
2024-05-27 13:14:08,778 - inspyred.ec - DEBUG - migration using default_migration at generation 5 and evaluation 448
2024-05-27 13:14:08,778 - inspyred.ec - DEBUG - population size is now 64
2024-05-27 13:14:08,778 - inspyred.ec - DEBUG - archival using default_archiver at generation 5 and evaluation 448
2024-05-27 13:14:08,778 - inspyred.ec - DEBUG - archive size is now 0
2024-05-27 13:14:08,778 - inspyred.ec - DEBUG - population size is now 64
2024-05-27 13:14:08,779 - inspyred.ec - DEBUG - observation using stats_observer at generation 6 and evaluation 448
2024-05-27 13:14:08,779 - inspyred.ec - DEBUG - observation using file_observer at generation 6 and evaluation 448
2024-05-27 13:14:08,782 - inspyred.ec - DEBUG - termination test using generation_termination at generation 6 and evaluation 448
2024-05-27 13:14:08,782 - inspyred.ec - DEBUG - selection using tournament_selection at generation 6 and evaluation 448
2024-05-27 13:14:08,782 - inspyred.ec - DEBUG - selected 64 candidates
2024-05-27 13:14:08,784 - inspyred.ec - DEBUG - variation using uniform_crossover at generation 6 and evaluation 448
2024-05-27 13:14:08,785 - inspyred.ec - DEBUG - variation using nonuniform_bounds_mutation at generation 6 and evaluation 448
2024-05-27 13:14:08,786 - inspyred.ec - DEBUG - created 64 offspring
2024-05-27 13:14:08,787 - inspyred.ec - DEBUG - evaluation using func at generation 6 and evaluation 448
2024-05-27 13:20:17,683 - inspyred.ec - DEBUG - replacement using generational_replacement at generation 6 and evaluation 512
2024-05-27 13:20:17,684 - inspyred.ec - DEBUG - population size is now 64
2024-05-27 13:20:17,684 - inspyred.ec - DEBUG - migration using default_migration at generation 6 and evaluation 512
2024-05-27 13:20:17,684 - inspyred.ec - DEBUG - population size is now 64
2024-05-27 13:20:17,684 - inspyred.ec - DEBUG - archival using default_archiver at generation 6 and evaluation 512
2024-05-27 13:20:17,684 - inspyred.ec - DEBUG - archive size is now 0
2024-05-27 13:20:17,685 - inspyred.ec - DEBUG - population size is now 64
2024-05-27 13:20:17,685 - inspyred.ec - DEBUG - observation using stats_observer at generation 7 and evaluation 512
2024-05-27 13:20:17,685 - inspyred.ec - DEBUG - observation using file_observer at generation 7 and evaluation 512
2024-05-27 13:20:17,688 - inspyred.ec - DEBUG - termination test using generation_termination at generation 7 and evaluation 512
2024-05-27 13:20:17,688 - inspyred.ec - DEBUG - selection using tournament_selection at generation 7 and evaluation 512
2024-05-27 13:20:17,689 - inspyred.ec - DEBUG - selected 64 candidates
2024-05-27 13:20:17,691 - inspyred.ec - DEBUG - variation using uniform_crossover at generation 7 and evaluation 512
2024-05-27 13:20:17,691 - inspyred.ec - DEBUG - variation using nonuniform_bounds_mutation at generation 7 and evaluation 512
2024-05-27 13:20:17,693 - inspyred.ec - DEBUG - created 64 offspring
2024-05-27 13:20:17,693 - inspyred.ec - DEBUG - evaluation using func at generation 7 and evaluation 512
2024-05-27 13:26:27,400 - inspyred.ec - DEBUG - replacement using generational_replacement at generation 7 and evaluation 576
2024-05-27 13:26:27,401 - inspyred.ec - DEBUG - population size is now 64
2024-05-27 13:26:27,401 - inspyred.ec - DEBUG - migration using default_migration at generation 7 and evaluation 576
2024-05-27 13:26:27,401 - inspyred.ec - DEBUG - population size is now 64
2024-05-27 13:26:27,401 - inspyred.ec - DEBUG - archival using default_archiver at generation 7 and evaluation 576
2024-05-27 13:26:27,402 - inspyred.ec - DEBUG - archive size is now 0
2024-05-27 13:26:27,402 - inspyred.ec - DEBUG - population size is now 64
2024-05-27 13:26:27,402 - inspyred.ec - DEBUG - observation using stats_observer at generation 8 and evaluation 576
2024-05-27 13:26:27,402 - inspyred.ec - DEBUG - observation using file_observer at generation 8 and evaluation 576
2024-05-27 13:26:27,405 - inspyred.ec - DEBUG - termination test using generation_termination at generation 8 and evaluation 576
2024-05-27 13:26:27,405 - inspyred.ec - DEBUG - selection using tournament_selection at generation 8 and evaluation 576
2024-05-27 13:26:27,406 - inspyred.ec - DEBUG - selected 64 candidates
2024-05-27 13:26:27,407 - inspyred.ec - DEBUG - variation using uniform_crossover at generation 8 and evaluation 576
2024-05-27 13:26:27,408 - inspyred.ec - DEBUG - variation using nonuniform_bounds_mutation at generation 8 and evaluation 576
2024-05-27 13:26:27,410 - inspyred.ec - DEBUG - created 64 offspring
2024-05-27 13:26:27,411 - inspyred.ec - DEBUG - evaluation using func at generation 8 and evaluation 576
2024-05-27 13:32:24,741 - inspyred.ec - DEBUG - replacement using generational_replacement at generation 8 and evaluation 640
2024-05-27 13:32:24,742 - inspyred.ec - DEBUG - population size is now 64
2024-05-27 13:32:24,742 - inspyred.ec - DEBUG - migration using default_migration at generation 8 and evaluation 640
2024-05-27 13:32:24,742 - inspyred.ec - DEBUG - population size is now 64
2024-05-27 13:32:24,742 - inspyred.ec - DEBUG - archival using default_archiver at generation 8 and evaluation 640
2024-05-27 13:32:24,742 - inspyred.ec - DEBUG - archive size is now 0
2024-05-27 13:32:24,742 - inspyred.ec - DEBUG - population size is now 64
2024-05-27 13:32:24,742 - inspyred.ec - DEBUG - observation using stats_observer at generation 9 and evaluation 640
2024-05-27 13:32:24,743 - inspyred.ec - DEBUG - observation using file_observer at generation 9 and evaluation 640
2024-05-27 13:32:24,745 - inspyred.ec - DEBUG - termination test using generation_termination at generation 9 and evaluation 640
2024-05-27 13:32:24,745 - inspyred.ec - DEBUG - selection using tournament_selection at generation 9 and evaluation 640
2024-05-27 13:32:24,746 - inspyred.ec - DEBUG - selected 64 candidates
2024-05-27 13:32:24,748 - inspyred.ec - DEBUG - variation using uniform_crossover at generation 9 and evaluation 640
2024-05-27 13:32:24,748 - inspyred.ec - DEBUG - variation using nonuniform_bounds_mutation at generation 9 and evaluation 640
2024-05-27 13:32:24,750 - inspyred.ec - DEBUG - created 64 offspring
2024-05-27 13:32:24,750 - inspyred.ec - DEBUG - evaluation using func at generation 9 and evaluation 640
2024-05-27 13:37:58,206 - inspyred.ec - DEBUG - replacement using generational_replacement at generation 9 and evaluation 704
2024-05-27 13:37:58,211 - inspyred.ec - DEBUG - population size is now 64
2024-05-27 13:37:58,211 - inspyred.ec - DEBUG - migration using default_migration at generation 9 and evaluation 704
2024-05-27 13:37:58,211 - inspyred.ec - DEBUG - population size is now 64
2024-05-27 13:37:58,211 - inspyred.ec - DEBUG - archival using default_archiver at generation 9 and evaluation 704
2024-05-27 13:37:58,212 - inspyred.ec - DEBUG - archive size is now 0
2024-05-27 13:37:58,212 - inspyred.ec - DEBUG - population size is now 64
2024-05-27 13:37:58,212 - inspyred.ec - DEBUG - observation using stats_observer at generation 10 and evaluation 704
2024-05-27 13:37:58,213 - inspyred.ec - DEBUG - observation using file_observer at generation 10 and evaluation 704
2024-05-27 13:37:58,219 - inspyred.ec - DEBUG - termination test using generation_termination at generation 10 and evaluation 704
2024-05-27 13:37:58,220 - inspyred.ec - DEBUG - selection using tournament_selection at generation 10 and evaluation 704
2024-05-27 13:37:58,220 - inspyred.ec - DEBUG - selected 64 candidates
2024-05-27 13:37:58,223 - inspyred.ec - DEBUG - variation using uniform_crossover at generation 10 and evaluation 704
2024-05-27 13:37:58,223 - inspyred.ec - DEBUG - variation using nonuniform_bounds_mutation at generation 10 and evaluation 704
2024-05-27 13:37:58,225 - inspyred.ec - DEBUG - created 64 offspring
2024-05-27 13:37:58,225 - inspyred.ec - DEBUG - evaluation using func at generation 10 and evaluation 704
2024-05-27 13:44:11,729 - inspyred.ec - DEBUG - replacement using generational_replacement at generation 10 and evaluation 768
2024-05-27 13:44:11,733 - inspyred.ec - DEBUG - population size is now 64
2024-05-27 13:44:11,733 - inspyred.ec - DEBUG - migration using default_migration at generation 10 and evaluation 768
2024-05-27 13:44:11,733 - inspyred.ec - DEBUG - population size is now 64
2024-05-27 13:44:11,733 - inspyred.ec - DEBUG - archival using default_archiver at generation 10 and evaluation 768
2024-05-27 13:44:11,733 - inspyred.ec - DEBUG - archive size is now 0
2024-05-27 13:44:11,733 - inspyred.ec - DEBUG - population size is now 64
2024-05-27 13:44:11,733 - inspyred.ec - DEBUG - observation using stats_observer at generation 11 and evaluation 768
2024-05-27 13:44:11,734 - inspyred.ec - DEBUG - observation using file_observer at generation 11 and evaluation 768
2024-05-27 13:44:11,738 - inspyred.ec - DEBUG - termination test using generation_termination at generation 11 and evaluation 768
2024-05-27 13:44:11,739 - inspyred.ec - DEBUG - selection using tournament_selection at generation 11 and evaluation 768
2024-05-27 13:44:11,739 - inspyred.ec - DEBUG - selected 64 candidates
2024-05-27 13:44:11,741 - inspyred.ec - DEBUG - variation using uniform_crossover at generation 11 and evaluation 768
2024-05-27 13:44:11,742 - inspyred.ec - DEBUG - variation using nonuniform_bounds_mutation at generation 11 and evaluation 768
2024-05-27 13:44:11,744 - inspyred.ec - DEBUG - created 64 offspring
2024-05-27 13:44:11,744 - inspyred.ec - DEBUG - evaluation using func at generation 11 and evaluation 768
2024-05-27 13:50:02,598 - inspyred.ec - DEBUG - replacement using generational_replacement at generation 11 and evaluation 832
2024-05-27 13:50:02,599 - inspyred.ec - DEBUG - population size is now 64
2024-05-27 13:50:02,599 - inspyred.ec - DEBUG - migration using default_migration at generation 11 and evaluation 832
2024-05-27 13:50:02,599 - inspyred.ec - DEBUG - population size is now 64
2024-05-27 13:50:02,599 - inspyred.ec - DEBUG - archival using default_archiver at generation 11 and evaluation 832
2024-05-27 13:50:02,600 - inspyred.ec - DEBUG - archive size is now 0
2024-05-27 13:50:02,600 - inspyred.ec - DEBUG - population size is now 64
2024-05-27 13:50:02,600 - inspyred.ec - DEBUG - observation using stats_observer at generation 12 and evaluation 832
2024-05-27 13:50:02,600 - inspyred.ec - DEBUG - observation using file_observer at generation 12 and evaluation 832
2024-05-27 13:50:02,603 - inspyred.ec - DEBUG - termination test using generation_termination at generation 12 and evaluation 832
2024-05-27 13:50:02,604 - inspyred.ec - DEBUG - selection using tournament_selection at generation 12 and evaluation 832
2024-05-27 13:50:02,604 - inspyred.ec - DEBUG - selected 64 candidates
2024-05-27 13:50:02,607 - inspyred.ec - DEBUG - variation using uniform_crossover at generation 12 and evaluation 832
2024-05-27 13:50:02,607 - inspyred.ec - DEBUG - variation using nonuniform_bounds_mutation at generation 12 and evaluation 832
2024-05-27 13:50:02,609 - inspyred.ec - DEBUG - created 64 offspring
2024-05-27 13:50:02,610 - inspyred.ec - DEBUG - evaluation using func at generation 12 and evaluation 832
2024-05-27 13:56:36,507 - inspyred.ec - DEBUG - replacement using generational_replacement at generation 12 and evaluation 896
2024-05-27 13:56:36,509 - inspyred.ec - DEBUG - population size is now 64
2024-05-27 13:56:36,509 - inspyred.ec - DEBUG - migration using default_migration at generation 12 and evaluation 896
2024-05-27 13:56:36,509 - inspyred.ec - DEBUG - population size is now 64
2024-05-27 13:56:36,509 - inspyred.ec - DEBUG - archival using default_archiver at generation 12 and evaluation 896
2024-05-27 13:56:36,509 - inspyred.ec - DEBUG - archive size is now 0
2024-05-27 13:56:36,509 - inspyred.ec - DEBUG - population size is now 64
2024-05-27 13:56:36,510 - inspyred.ec - DEBUG - observation using stats_observer at generation 13 and evaluation 896
2024-05-27 13:56:36,511 - inspyred.ec - DEBUG - observation using file_observer at generation 13 and evaluation 896
2024-05-27 13:56:36,514 - inspyred.ec - DEBUG - termination test using generation_termination at generation 13 and evaluation 896
2024-05-27 13:56:36,515 - inspyred.ec - DEBUG - selection using tournament_selection at generation 13 and evaluation 896
2024-05-27 13:56:36,515 - inspyred.ec - DEBUG - selected 64 candidates
2024-05-27 13:56:36,518 - inspyred.ec - DEBUG - variation using uniform_crossover at generation 13 and evaluation 896
2024-05-27 13:56:36,518 - inspyred.ec - DEBUG - variation using nonuniform_bounds_mutation at generation 13 and evaluation 896
2024-05-27 13:56:36,521 - inspyred.ec - DEBUG - created 64 offspring
2024-05-27 13:56:36,521 - inspyred.ec - DEBUG - evaluation using func at generation 13 and evaluation 896
2024-05-27 14:03:12,511 - inspyred.ec - DEBUG - replacement using generational_replacement at generation 13 and evaluation 960
2024-05-27 14:03:12,512 - inspyred.ec - DEBUG - population size is now 64
2024-05-27 14:03:12,512 - inspyred.ec - DEBUG - migration using default_migration at generation 13 and evaluation 960
2024-05-27 14:03:12,513 - inspyred.ec - DEBUG - population size is now 64
2024-05-27 14:03:12,513 - inspyred.ec - DEBUG - archival using default_archiver at generation 13 and evaluation 960
2024-05-27 14:03:12,513 - inspyred.ec - DEBUG - archive size is now 0
2024-05-27 14:03:12,513 - inspyred.ec - DEBUG - population size is now 64
2024-05-27 14:03:12,513 - inspyred.ec - DEBUG - observation using stats_observer at generation 14 and evaluation 960
2024-05-27 14:03:12,514 - inspyred.ec - DEBUG - observation using file_observer at generation 14 and evaluation 960
2024-05-27 14:03:12,517 - inspyred.ec - DEBUG - termination test using generation_termination at generation 14 and evaluation 960
2024-05-27 14:03:12,517 - inspyred.ec - DEBUG - selection using tournament_selection at generation 14 and evaluation 960
2024-05-27 14:03:12,518 - inspyred.ec - DEBUG - selected 64 candidates
2024-05-27 14:03:12,520 - inspyred.ec - DEBUG - variation using uniform_crossover at generation 14 and evaluation 960
2024-05-27 14:03:12,521 - inspyred.ec - DEBUG - variation using nonuniform_bounds_mutation at generation 14 and evaluation 960
2024-05-27 14:03:12,523 - inspyred.ec - DEBUG - created 64 offspring
2024-05-27 14:03:12,523 - inspyred.ec - DEBUG - evaluation using func at generation 14 and evaluation 960
2024-05-27 14:09:59,364 - inspyred.ec - DEBUG - replacement using generational_replacement at generation 14 and evaluation 1024
2024-05-27 14:09:59,365 - inspyred.ec - DEBUG - population size is now 64
2024-05-27 14:09:59,365 - inspyred.ec - DEBUG - migration using default_migration at generation 14 and evaluation 1024
2024-05-27 14:09:59,365 - inspyred.ec - DEBUG - population size is now 64
2024-05-27 14:09:59,365 - inspyred.ec - DEBUG - archival using default_archiver at generation 14 and evaluation 1024
2024-05-27 14:09:59,365 - inspyred.ec - DEBUG - archive size is now 0
2024-05-27 14:09:59,365 - inspyred.ec - DEBUG - population size is now 64
2024-05-27 14:09:59,366 - inspyred.ec - DEBUG - observation using stats_observer at generation 15 and evaluation 1024
2024-05-27 14:09:59,366 - inspyred.ec - DEBUG - observation using file_observer at generation 15 and evaluation 1024
2024-05-27 14:09:59,369 - inspyred.ec - DEBUG - termination test using generation_termination at generation 15 and evaluation 1024
2024-05-27 14:09:59,369 - inspyred.ec - DEBUG - selection using tournament_selection at generation 15 and evaluation 1024
2024-05-27 14:09:59,370 - inspyred.ec - DEBUG - selected 64 candidates
2024-05-27 14:09:59,372 - inspyred.ec - DEBUG - variation using uniform_crossover at generation 15 and evaluation 1024
2024-05-27 14:09:59,373 - inspyred.ec - DEBUG - variation using nonuniform_bounds_mutation at generation 15 and evaluation 1024
2024-05-27 14:09:59,375 - inspyred.ec - DEBUG - created 64 offspring
2024-05-27 14:09:59,375 - inspyred.ec - DEBUG - evaluation using func at generation 15 and evaluation 1024
2024-05-27 14:16:23,154 - inspyred.ec - DEBUG - replacement using generational_replacement at generation 15 and evaluation 1088
2024-05-27 14:16:23,157 - inspyred.ec - DEBUG - population size is now 64
2024-05-27 14:16:23,157 - inspyred.ec - DEBUG - migration using default_migration at generation 15 and evaluation 1088
2024-05-27 14:16:23,158 - inspyred.ec - DEBUG - population size is now 64
2024-05-27 14:16:23,158 - inspyred.ec - DEBUG - archival using default_archiver at generation 15 and evaluation 1088
2024-05-27 14:16:23,158 - inspyred.ec - DEBUG - archive size is now 0
2024-05-27 14:16:23,158 - inspyred.ec - DEBUG - population size is now 64
2024-05-27 14:16:23,158 - inspyred.ec - DEBUG - observation using stats_observer at generation 16 and evaluation 1088
2024-05-27 14:16:23,159 - inspyred.ec - DEBUG - observation using file_observer at generation 16 and evaluation 1088
2024-05-27 14:16:23,161 - inspyred.ec - DEBUG - termination test using generation_termination at generation 16 and evaluation 1088
2024-05-27 14:16:23,161 - inspyred.ec - DEBUG - selection using tournament_selection at generation 16 and evaluation 1088
2024-05-27 14:16:23,162 - inspyred.ec - DEBUG - selected 64 candidates
2024-05-27 14:16:23,164 - inspyred.ec - DEBUG - variation using uniform_crossover at generation 16 and evaluation 1088
2024-05-27 14:16:23,165 - inspyred.ec - DEBUG - variation using nonuniform_bounds_mutation at generation 16 and evaluation 1088
2024-05-27 14:16:23,167 - inspyred.ec - DEBUG - created 64 offspring
2024-05-27 14:16:23,167 - inspyred.ec - DEBUG - evaluation using func at generation 16 and evaluation 1088
2024-05-27 14:22:36,641 - inspyred.ec - DEBUG - replacement using generational_replacement at generation 16 and evaluation 1152
2024-05-27 14:22:36,642 - inspyred.ec - DEBUG - population size is now 64
2024-05-27 14:22:36,642 - inspyred.ec - DEBUG - migration using default_migration at generation 16 and evaluation 1152
2024-05-27 14:22:36,643 - inspyred.ec - DEBUG - population size is now 64
2024-05-27 14:22:36,643 - inspyred.ec - DEBUG - archival using default_archiver at generation 16 and evaluation 1152
2024-05-27 14:22:36,643 - inspyred.ec - DEBUG - archive size is now 0
2024-05-27 14:22:36,643 - inspyred.ec - DEBUG - population size is now 64
2024-05-27 14:22:36,643 - inspyred.ec - DEBUG - observation using stats_observer at generation 17 and evaluation 1152
2024-05-27 14:22:36,644 - inspyred.ec - DEBUG - observation using file_observer at generation 17 and evaluation 1152
2024-05-27 14:22:36,646 - inspyred.ec - DEBUG - termination test using generation_termination at generation 17 and evaluation 1152
2024-05-27 14:22:36,647 - inspyred.ec - DEBUG - selection using tournament_selection at generation 17 and evaluation 1152
2024-05-27 14:22:36,648 - inspyred.ec - DEBUG - selected 64 candidates
2024-05-27 14:22:36,650 - inspyred.ec - DEBUG - variation using uniform_crossover at generation 17 and evaluation 1152
2024-05-27 14:22:36,650 - inspyred.ec - DEBUG - variation using nonuniform_bounds_mutation at generation 17 and evaluation 1152
2024-05-27 14:22:36,652 - inspyred.ec - DEBUG - created 64 offspring
2024-05-27 14:22:36,652 - inspyred.ec - DEBUG - evaluation using func at generation 17 and evaluation 1152
2024-05-27 14:28:59,770 - inspyred.ec - DEBUG - replacement using generational_replacement at generation 17 and evaluation 1216
2024-05-27 14:28:59,771 - inspyred.ec - DEBUG - population size is now 64
2024-05-27 14:28:59,771 - inspyred.ec - DEBUG - migration using default_migration at generation 17 and evaluation 1216
2024-05-27 14:28:59,771 - inspyred.ec - DEBUG - population size is now 64
2024-05-27 14:28:59,772 - inspyred.ec - DEBUG - archival using default_archiver at generation 17 and evaluation 1216
2024-05-27 14:28:59,772 - inspyred.ec - DEBUG - archive size is now 0
2024-05-27 14:28:59,772 - inspyred.ec - DEBUG - population size is now 64
2024-05-27 14:28:59,772 - inspyred.ec - DEBUG - observation using stats_observer at generation 18 and evaluation 1216
2024-05-27 14:28:59,772 - inspyred.ec - DEBUG - observation using file_observer at generation 18 and evaluation 1216
2024-05-27 14:28:59,775 - inspyred.ec - DEBUG - termination test using generation_termination at generation 18 and evaluation 1216
2024-05-27 14:28:59,775 - inspyred.ec - DEBUG - selection using tournament_selection at generation 18 and evaluation 1216
2024-05-27 14:28:59,776 - inspyred.ec - DEBUG - selected 64 candidates
2024-05-27 14:28:59,779 - inspyred.ec - DEBUG - variation using uniform_crossover at generation 18 and evaluation 1216
2024-05-27 14:28:59,779 - inspyred.ec - DEBUG - variation using nonuniform_bounds_mutation at generation 18 and evaluation 1216
2024-05-27 14:28:59,781 - inspyred.ec - DEBUG - created 64 offspring
2024-05-27 14:28:59,781 - inspyred.ec - DEBUG - evaluation using func at generation 18 and evaluation 1216
2024-05-27 14:35:05,840 - inspyred.ec - DEBUG - replacement using generational_replacement at generation 18 and evaluation 1280
2024-05-27 14:35:05,841 - inspyred.ec - DEBUG - population size is now 64
2024-05-27 14:35:05,842 - inspyred.ec - DEBUG - migration using default_migration at generation 18 and evaluation 1280
2024-05-27 14:35:05,842 - inspyred.ec - DEBUG - population size is now 64
2024-05-27 14:35:05,842 - inspyred.ec - DEBUG - archival using default_archiver at generation 18 and evaluation 1280
2024-05-27 14:35:05,842 - inspyred.ec - DEBUG - archive size is now 0
2024-05-27 14:35:05,842 - inspyred.ec - DEBUG - population size is now 64
2024-05-27 14:35:05,842 - inspyred.ec - DEBUG - observation using stats_observer at generation 19 and evaluation 1280
2024-05-27 14:35:05,843 - inspyred.ec - DEBUG - observation using file_observer at generation 19 and evaluation 1280
2024-05-27 14:35:05,845 - inspyred.ec - DEBUG - termination test using generation_termination at generation 19 and evaluation 1280
2024-05-27 14:35:05,846 - inspyred.ec - DEBUG - selection using tournament_selection at generation 19 and evaluation 1280
2024-05-27 14:35:05,847 - inspyred.ec - DEBUG - selected 64 candidates
2024-05-27 14:35:05,849 - inspyred.ec - DEBUG - variation using uniform_crossover at generation 19 and evaluation 1280
2024-05-27 14:35:05,849 - inspyred.ec - DEBUG - variation using nonuniform_bounds_mutation at generation 19 and evaluation 1280
2024-05-27 14:35:05,851 - inspyred.ec - DEBUG - created 64 offspring
2024-05-27 14:35:05,851 - inspyred.ec - DEBUG - evaluation using func at generation 19 and evaluation 1280
2024-05-27 14:54:01,266 - inspyred.ec - DEBUG - generating initial population
2024-05-27 14:54:01,268 - inspyred.ec - DEBUG - evaluating initial population
