2024-10-11 14:08:43,059 - inspyred.ec - DEBUG - generating initial population
2024-10-11 14:08:43,060 - inspyred.ec - DEBUG - evaluating initial population
2024-10-11 14:16:39,756 - inspyred.ec - DEBUG - population size is now 10
2024-10-11 14:16:39,756 - inspyred.ec - DEBUG - archiving initial population
2024-10-11 14:16:39,756 - inspyred.ec - DEBUG - archive size is now 0
2024-10-11 14:16:39,756 - inspyred.ec - DEBUG - population size is now 10
2024-10-11 14:16:39,756 - inspyred.ec - DEBUG - observation using stats_observer at generation 0 and evaluation 10
2024-10-11 14:16:39,757 - inspyred.ec - DEBUG - observation using file_observer at generation 0 and evaluation 10
2024-10-11 14:16:39,758 - inspyred.ec - DEBUG - termination test using generation_termination at generation 0 and evaluation 10
2024-10-11 14:16:39,759 - inspyred.ec - DEBUG - selection using tournament_selection at generation 0 and evaluation 10
2024-10-11 14:16:39,759 - inspyred.ec - DEBUG - selected 10 candidates
2024-10-11 14:16:39,761 - inspyred.ec - DEBUG - variation using uniform_crossover at generation 0 and evaluation 10
2024-10-11 14:16:39,761 - inspyred.ec - DEBUG - variation using nonuniform_bounds_mutation at generation 0 and evaluation 10
2024-10-11 14:16:39,761 - inspyred.ec - DEBUG - created 10 offspring
2024-10-11 14:16:39,762 - inspyred.ec - DEBUG - evaluation using func at generation 0 and evaluation 10
2024-10-11 14:25:24,435 - inspyred.ec - DEBUG - replacement using generational_replacement at generation 0 and evaluation 20
2024-10-11 14:25:24,436 - inspyred.ec - DEBUG - population size is now 10
2024-10-11 14:25:24,436 - inspyred.ec - DEBUG - migration using default_migration at generation 0 and evaluation 20
2024-10-11 14:25:24,437 - inspyred.ec - DEBUG - population size is now 10
2024-10-11 14:25:24,437 - inspyred.ec - DEBUG - archival using default_archiver at generation 0 and evaluation 20
2024-10-11 14:25:24,437 - inspyred.ec - DEBUG - archive size is now 0
2024-10-11 14:25:24,438 - inspyred.ec - DEBUG - population size is now 10
2024-10-11 14:25:24,438 - inspyred.ec - DEBUG - observation using stats_observer at generation 1 and evaluation 20
2024-10-11 14:25:24,439 - inspyred.ec - DEBUG - observation using file_observer at generation 1 and evaluation 20
2024-10-11 14:25:24,440 - inspyred.ec - DEBUG - termination test using generation_termination at generation 1 and evaluation 20
2024-10-11 14:25:24,441 - inspyred.ec - DEBUG - selection using tournament_selection at generation 1 and evaluation 20
2024-10-11 14:25:24,441 - inspyred.ec - DEBUG - selected 10 candidates
2024-10-11 14:25:24,444 - inspyred.ec - DEBUG - variation using uniform_crossover at generation 1 and evaluation 20
2024-10-11 14:25:24,445 - inspyred.ec - DEBUG - variation using nonuniform_bounds_mutation at generation 1 and evaluation 20
2024-10-11 14:25:24,446 - inspyred.ec - DEBUG - created 10 offspring
2024-10-11 14:25:24,446 - inspyred.ec - DEBUG - evaluation using func at generation 1 and evaluation 20
2024-10-11 14:34:09,422 - inspyred.ec - DEBUG - replacement using generational_replacement at generation 1 and evaluation 30
2024-10-11 14:34:09,433 - inspyred.ec - DEBUG - population size is now 10
2024-10-11 14:34:09,434 - inspyred.ec - DEBUG - migration using default_migration at generation 1 and evaluation 30
2024-10-11 14:34:09,434 - inspyred.ec - DEBUG - population size is now 10
2024-10-11 14:34:09,434 - inspyred.ec - DEBUG - archival using default_archiver at generation 1 and evaluation 30
2024-10-11 14:34:09,434 - inspyred.ec - DEBUG - archive size is now 0
2024-10-11 14:34:09,434 - inspyred.ec - DEBUG - population size is now 10
2024-10-11 14:34:09,434 - inspyred.ec - DEBUG - observation using stats_observer at generation 2 and evaluation 30
2024-10-11 14:34:09,435 - inspyred.ec - DEBUG - observation using file_observer at generation 2 and evaluation 30
2024-10-11 14:34:09,440 - inspyred.ec - DEBUG - termination test using generation_termination at generation 2 and evaluation 30
2024-10-11 14:34:09,440 - inspyred.ec - DEBUG - selection using tournament_selection at generation 2 and evaluation 30
2024-10-11 14:34:09,440 - inspyred.ec - DEBUG - selected 10 candidates
2024-10-11 14:34:09,442 - inspyred.ec - DEBUG - variation using uniform_crossover at generation 2 and evaluation 30
2024-10-11 14:34:09,442 - inspyred.ec - DEBUG - variation using nonuniform_bounds_mutation at generation 2 and evaluation 30
2024-10-11 14:34:09,443 - inspyred.ec - DEBUG - created 10 offspring
2024-10-11 14:34:09,443 - inspyred.ec - DEBUG - evaluation using func at generation 2 and evaluation 30
2024-10-11 14:42:53,349 - inspyred.ec - DEBUG - replacement using generational_replacement at generation 2 and evaluation 40
2024-10-11 14:42:53,577 - inspyred.ec - DEBUG - population size is now 10
2024-10-11 14:42:53,578 - inspyred.ec - DEBUG - migration using default_migration at generation 2 and evaluation 40
2024-10-11 14:42:53,578 - inspyred.ec - DEBUG - population size is now 10
2024-10-11 14:42:53,579 - inspyred.ec - DEBUG - archival using default_archiver at generation 2 and evaluation 40
2024-10-11 14:42:53,579 - inspyred.ec - DEBUG - archive size is now 0
2024-10-11 14:42:53,579 - inspyred.ec - DEBUG - population size is now 10
2024-10-11 14:42:53,580 - inspyred.ec - DEBUG - observation using stats_observer at generation 3 and evaluation 40
2024-10-11 14:42:53,581 - inspyred.ec - DEBUG - observation using file_observer at generation 3 and evaluation 40
2024-10-11 14:42:53,585 - inspyred.ec - DEBUG - termination test using generation_termination at generation 3 and evaluation 40
2024-10-11 14:42:53,585 - inspyred.ec - DEBUG - selection using tournament_selection at generation 3 and evaluation 40
2024-10-11 14:42:53,586 - inspyred.ec - DEBUG - selected 10 candidates
2024-10-11 14:42:53,591 - inspyred.ec - DEBUG - variation using uniform_crossover at generation 3 and evaluation 40
2024-10-11 14:42:53,591 - inspyred.ec - DEBUG - variation using nonuniform_bounds_mutation at generation 3 and evaluation 40
2024-10-11 14:42:53,593 - inspyred.ec - DEBUG - created 10 offspring
2024-10-11 14:42:53,593 - inspyred.ec - DEBUG - evaluation using func at generation 3 and evaluation 40
2024-10-11 14:51:37,500 - inspyred.ec - DEBUG - replacement using generational_replacement at generation 3 and evaluation 50
2024-10-11 14:51:37,500 - inspyred.ec - DEBUG - population size is now 10
2024-10-11 14:51:37,500 - inspyred.ec - DEBUG - migration using default_migration at generation 3 and evaluation 50
2024-10-11 14:51:37,501 - inspyred.ec - DEBUG - population size is now 10
2024-10-11 14:51:37,501 - inspyred.ec - DEBUG - archival using default_archiver at generation 3 and evaluation 50
2024-10-11 14:51:37,501 - inspyred.ec - DEBUG - archive size is now 0
2024-10-11 14:51:37,501 - inspyred.ec - DEBUG - population size is now 10
2024-10-11 14:51:37,501 - inspyred.ec - DEBUG - observation using stats_observer at generation 4 and evaluation 50
2024-10-11 14:51:37,502 - inspyred.ec - DEBUG - observation using file_observer at generation 4 and evaluation 50
2024-10-11 14:51:37,503 - inspyred.ec - DEBUG - termination test using generation_termination at generation 4 and evaluation 50
2024-10-11 14:51:37,503 - inspyred.ec - DEBUG - selection using tournament_selection at generation 4 and evaluation 50
2024-10-11 14:51:37,503 - inspyred.ec - DEBUG - selected 10 candidates
2024-10-11 14:51:37,505 - inspyred.ec - DEBUG - variation using uniform_crossover at generation 4 and evaluation 50
2024-10-11 14:51:37,505 - inspyred.ec - DEBUG - variation using nonuniform_bounds_mutation at generation 4 and evaluation 50
2024-10-11 14:51:37,505 - inspyred.ec - DEBUG - created 10 offspring
2024-10-11 14:51:37,506 - inspyred.ec - DEBUG - evaluation using func at generation 4 and evaluation 50
2024-10-11 15:00:20,075 - inspyred.ec - DEBUG - replacement using generational_replacement at generation 4 and evaluation 60
2024-10-11 15:00:20,076 - inspyred.ec - DEBUG - population size is now 10
2024-10-11 15:00:20,076 - inspyred.ec - DEBUG - migration using default_migration at generation 4 and evaluation 60
2024-10-11 15:00:20,076 - inspyred.ec - DEBUG - population size is now 10
2024-10-11 15:00:20,076 - inspyred.ec - DEBUG - archival using default_archiver at generation 4 and evaluation 60
2024-10-11 15:00:20,076 - inspyred.ec - DEBUG - archive size is now 0
2024-10-11 15:00:20,076 - inspyred.ec - DEBUG - population size is now 10
2024-10-11 15:00:20,076 - inspyred.ec - DEBUG - observation using stats_observer at generation 5 and evaluation 60
2024-10-11 15:00:20,077 - inspyred.ec - DEBUG - observation using file_observer at generation 5 and evaluation 60
2024-10-11 15:00:20,078 - inspyred.ec - DEBUG - termination test using generation_termination at generation 5 and evaluation 60
2024-10-11 15:00:20,078 - inspyred.ec - DEBUG - selection using tournament_selection at generation 5 and evaluation 60
2024-10-11 15:00:20,079 - inspyred.ec - DEBUG - selected 10 candidates
2024-10-11 15:00:20,080 - inspyred.ec - DEBUG - variation using uniform_crossover at generation 5 and evaluation 60
2024-10-11 15:00:20,081 - inspyred.ec - DEBUG - variation using nonuniform_bounds_mutation at generation 5 and evaluation 60
2024-10-11 15:00:20,081 - inspyred.ec - DEBUG - created 10 offspring
2024-10-11 15:00:20,081 - inspyred.ec - DEBUG - evaluation using func at generation 5 and evaluation 60
2024-10-11 15:07:55,788 - inspyred.ec - DEBUG - replacement using generational_replacement at generation 5 and evaluation 70
2024-10-11 15:07:55,789 - inspyred.ec - DEBUG - population size is now 10
2024-10-11 15:07:55,789 - inspyred.ec - DEBUG - migration using default_migration at generation 5 and evaluation 70
2024-10-11 15:07:55,789 - inspyred.ec - DEBUG - population size is now 10
2024-10-11 15:07:55,789 - inspyred.ec - DEBUG - archival using default_archiver at generation 5 and evaluation 70
2024-10-11 15:07:55,789 - inspyred.ec - DEBUG - archive size is now 0
2024-10-11 15:07:55,789 - inspyred.ec - DEBUG - population size is now 10
2024-10-11 15:07:55,789 - inspyred.ec - DEBUG - observation using stats_observer at generation 6 and evaluation 70
2024-10-11 15:07:55,790 - inspyred.ec - DEBUG - observation using file_observer at generation 6 and evaluation 70
2024-10-11 15:07:55,873 - inspyred.ec - DEBUG - termination test using generation_termination at generation 6 and evaluation 70
2024-10-11 15:07:55,873 - inspyred.ec - DEBUG - selection using tournament_selection at generation 6 and evaluation 70
2024-10-11 15:07:55,874 - inspyred.ec - DEBUG - selected 10 candidates
2024-10-11 15:07:55,875 - inspyred.ec - DEBUG - variation using uniform_crossover at generation 6 and evaluation 70
2024-10-11 15:07:55,876 - inspyred.ec - DEBUG - variation using nonuniform_bounds_mutation at generation 6 and evaluation 70
2024-10-11 15:07:55,876 - inspyred.ec - DEBUG - created 10 offspring
2024-10-11 15:07:55,876 - inspyred.ec - DEBUG - evaluation using func at generation 6 and evaluation 70
2024-10-11 15:16:41,252 - inspyred.ec - DEBUG - replacement using generational_replacement at generation 6 and evaluation 80
2024-10-11 15:16:41,274 - inspyred.ec - DEBUG - population size is now 10
2024-10-11 15:16:41,274 - inspyred.ec - DEBUG - migration using default_migration at generation 6 and evaluation 80
2024-10-11 15:16:41,275 - inspyred.ec - DEBUG - population size is now 10
2024-10-11 15:16:41,275 - inspyred.ec - DEBUG - archival using default_archiver at generation 6 and evaluation 80
2024-10-11 15:16:41,275 - inspyred.ec - DEBUG - archive size is now 0
2024-10-11 15:16:41,276 - inspyred.ec - DEBUG - population size is now 10
2024-10-11 15:16:41,276 - inspyred.ec - DEBUG - observation using stats_observer at generation 7 and evaluation 80
2024-10-11 15:16:41,277 - inspyred.ec - DEBUG - observation using file_observer at generation 7 and evaluation 80
2024-10-11 15:16:41,279 - inspyred.ec - DEBUG - termination test using generation_termination at generation 7 and evaluation 80
2024-10-11 15:16:41,279 - inspyred.ec - DEBUG - selection using tournament_selection at generation 7 and evaluation 80
2024-10-11 15:16:41,280 - inspyred.ec - DEBUG - selected 10 candidates
2024-10-11 15:16:41,285 - inspyred.ec - DEBUG - variation using uniform_crossover at generation 7 and evaluation 80
2024-10-11 15:16:41,286 - inspyred.ec - DEBUG - variation using nonuniform_bounds_mutation at generation 7 and evaluation 80
2024-10-11 15:16:41,287 - inspyred.ec - DEBUG - created 10 offspring
2024-10-11 15:16:41,287 - inspyred.ec - DEBUG - evaluation using func at generation 7 and evaluation 80
2024-10-11 15:25:23,825 - inspyred.ec - DEBUG - replacement using generational_replacement at generation 7 and evaluation 90
2024-10-11 15:25:23,825 - inspyred.ec - DEBUG - population size is now 10
2024-10-11 15:25:23,825 - inspyred.ec - DEBUG - migration using default_migration at generation 7 and evaluation 90
2024-10-11 15:25:23,826 - inspyred.ec - DEBUG - population size is now 10
2024-10-11 15:25:23,826 - inspyred.ec - DEBUG - archival using default_archiver at generation 7 and evaluation 90
2024-10-11 15:25:23,826 - inspyred.ec - DEBUG - archive size is now 0
2024-10-11 15:25:23,826 - inspyred.ec - DEBUG - population size is now 10
2024-10-11 15:25:23,826 - inspyred.ec - DEBUG - observation using stats_observer at generation 8 and evaluation 90
2024-10-11 15:25:23,827 - inspyred.ec - DEBUG - observation using file_observer at generation 8 and evaluation 90
2024-10-11 15:25:23,828 - inspyred.ec - DEBUG - termination test using generation_termination at generation 8 and evaluation 90
2024-10-11 15:25:23,828 - inspyred.ec - DEBUG - selection using tournament_selection at generation 8 and evaluation 90
2024-10-11 15:25:23,828 - inspyred.ec - DEBUG - selected 10 candidates
2024-10-11 15:25:23,830 - inspyred.ec - DEBUG - variation using uniform_crossover at generation 8 and evaluation 90
2024-10-11 15:25:23,830 - inspyred.ec - DEBUG - variation using nonuniform_bounds_mutation at generation 8 and evaluation 90
2024-10-11 15:25:23,831 - inspyred.ec - DEBUG - created 10 offspring
2024-10-11 15:25:23,831 - inspyred.ec - DEBUG - evaluation using func at generation 8 and evaluation 90
2024-10-11 15:33:40,476 - inspyred.ec - DEBUG - replacement using generational_replacement at generation 8 and evaluation 100
2024-10-11 15:33:40,476 - inspyred.ec - DEBUG - population size is now 10
2024-10-11 15:33:40,476 - inspyred.ec - DEBUG - migration using default_migration at generation 8 and evaluation 100
2024-10-11 15:33:40,476 - inspyred.ec - DEBUG - population size is now 10
2024-10-11 15:33:40,477 - inspyred.ec - DEBUG - archival using default_archiver at generation 8 and evaluation 100
2024-10-11 15:33:40,477 - inspyred.ec - DEBUG - archive size is now 0
2024-10-11 15:33:40,477 - inspyred.ec - DEBUG - population size is now 10
2024-10-11 15:33:40,477 - inspyred.ec - DEBUG - observation using stats_observer at generation 9 and evaluation 100
2024-10-11 15:33:40,478 - inspyred.ec - DEBUG - observation using file_observer at generation 9 and evaluation 100
2024-10-11 15:33:40,478 - inspyred.ec - DEBUG - termination test using generation_termination at generation 9 and evaluation 100
2024-10-11 15:33:40,479 - inspyred.ec - DEBUG - selection using tournament_selection at generation 9 and evaluation 100
2024-10-11 15:33:40,479 - inspyred.ec - DEBUG - selected 10 candidates
2024-10-11 15:33:40,481 - inspyred.ec - DEBUG - variation using uniform_crossover at generation 9 and evaluation 100
2024-10-11 15:33:40,481 - inspyred.ec - DEBUG - variation using nonuniform_bounds_mutation at generation 9 and evaluation 100
2024-10-11 15:33:40,481 - inspyred.ec - DEBUG - created 10 offspring
2024-10-11 15:33:40,481 - inspyred.ec - DEBUG - evaluation using func at generation 9 and evaluation 100
