srun: Job 25523045 step creation temporarily disabled, retrying (Requested nodes are busy)
srun: Job 25523045 step creation still disabled, retrying (Requested nodes are busy)
srun: Job 25523045 step creation still disabled, retrying (Requested nodes are busy)
srun: Step created for StepId=25523045.32
FAILED to lookup docker image adammwea/netpyneshifter:v5
FAILED to lookup docker image adammwea/netpyneshifter:v5
FAILED to lookup docker image adammwea/netpyneshifter:v5
FAILED to lookup docker image adammwea/netpyneshifter:v5
FAILED to lookup docker image adammwea/netpyneshifter:v5
FAILED to lookup docker image adammwea/netpyneshifter:v5
FAILED to lookup docker image adammwea/netpyneshifter:v5
FAILED to lookup docker image adammwea/netpyneshifter:v5
FAILED to lookup docker image adammwea/netpyneshifter:v5
FAILED to lookup docker image adammwea/netpyneshifter:v5
FAILED to lookup docker image adammwea/netpyneshifter:v5
FAILED to lookup docker image adammwea/netpyneshifter:v5
FAILED to lookup docker image adammwea/netpyneshifter:v5
FAILED to lookup docker image adammwea/netpyneshifter:v5
FAILED to lookup docker image adammwea/netpyneshifter:v5
FAILED to lookup docker image adammwea/netpyneshifter:v5
FAILED to lookup docker image adammwea/netpyneshifter:v5
FAILED to lookup docker image adammwea/netpyneshifter:v5
FAILED to lookup docker image adammwea/netpyneshifter:v5
FAILED to lookup docker image adammwea/netpyneshifter:v5
FAILED to lookup docker image adammwea/netpyneshifter:v5
FAILED to lookup docker image adammwea/netpyneshifter:v5
FAILED to lookup docker image adammwea/netpyneshifter:v5
FAILED to lookup docker image adammwea/netpyneshifter:v5
FAILED to lookup docker image adammwea/netpyneshifter:v5
FAILED to lookup docker image adammwea/netpyneshifter:v5
FAILED to lookup docker image adammwea/netpyneshifter:v5
srun: error: nid004736: tasks 2,4,6,8,16,20,24,26,30,32,38,44,52,54,60,62,74,76,80,82,88-89,92-93,117,124,126: Exited with exit code 1
srun: Terminating StepId=25523045.32
slurmstepd: error: *** STEP 25523045.32 ON nid004736 CANCELLED AT 2024-05-12T07:50:07 ***
srun: error: nid004736: tasks 0-1,3,5,7,9-15,17-19,21-23,25,27-29,31,33-37,39-43,45-51,53,55-59,61,63-73,75,77-79,81,83-87,90-91,94-116,118-123,125,127: Terminated
srun: Force Terminated StepId=25523045.32
