srun: Job 25523045 step creation temporarily disabled, retrying (Requested nodes are busy)
srun: Job 25523045 step creation still disabled, retrying (Requested nodes are busy)
srun: Job 25523045 step creation still disabled, retrying (Requested nodes are busy)
srun: Job 25523045 step creation still disabled, retrying (Requested nodes are busy)
srun: Job 25523045 step creation still disabled, retrying (Requested nodes are busy)
srun: Job 25523045 step creation still disabled, retrying (Requested nodes are busy)
srun: Job 25523045 step creation still disabled, retrying (Requested nodes are busy)
srun: Job 25523045 step creation still disabled, retrying (Requested nodes are busy)
srun: Job 25523045 step creation still disabled, retrying (Requested nodes are busy)
srun: Job 25523045 step creation still disabled, retrying (Requested nodes are busy)
srun: Job 25523045 step creation still disabled, retrying (Requested nodes are busy)
srun: Job 25523045 step creation still disabled, retrying (Requested nodes are busy)
srun: Step created for StepId=25523045.45
FAILED to lookup docker image adammwea/netpyneshifter:v5
FAILED to lookup docker image adammwea/netpyneshifter:v5
FAILED to lookup docker image adammwea/netpyneshifter:v5
FAILED to lookup docker image adammwea/netpyneshifter:v5
FAILED to lookup docker image adammwea/netpyneshifter:v5
FAILED to lookup docker image adammwea/netpyneshifter:v5
FAILED to lookup docker image adammwea/netpyneshifter:v5
FAILED to lookup docker image adammwea/netpyneshifter:v5
FAILED to lookup docker image adammwea/netpyneshifter:v5
FAILED to lookup docker image adammwea/netpyneshifter:v5
FAILED to lookup docker image adammwea/netpyneshifter:v5
FAILED to lookup docker image adammwea/netpyneshifter:v5
FAILED to lookup docker image adammwea/netpyneshifter:v5
FAILED to lookup docker image adammwea/netpyneshifter:v5
FAILED to lookup docker image adammwea/netpyneshifter:v5
FAILED to lookup docker image adammwea/netpyneshifter:v5
FAILED to lookup docker image adammwea/netpyneshifter:v5
FAILED to lookup docker image adammwea/netpyneshifter:v5
FAILED to lookup docker image adammwea/netpyneshifter:v5
FAILED to lookup docker image adammwea/netpyneshifter:v5
FAILED to lookup docker image adammwea/netpyneshifter:v5
FAILED to lookup docker image adammwea/netpyneshifter:v5
FAILED to lookup docker image adammwea/netpyneshifter:v5
FAILED to lookup docker image adammwea/netpyneshifter:v5
FAILED to lookup docker image adammwea/netpyneshifter:v5
FAILED to lookup docker image adammwea/netpyneshifter:v5
FAILED to lookup docker image adammwea/netpyneshifter:v5
FAILED to lookup docker image adammwea/netpyneshifter:v5
FAILED to lookup docker image adammwea/netpyneshifter:v5
FAILED to lookup docker image adammwea/netpyneshifter:v5
FAILED to lookup docker image adammwea/netpyneshifter:v5
FAILED to lookup docker image adammwea/netpyneshifter:v5
FAILED to lookup docker image adammwea/netpyneshifter:v5
FAILED to lookup docker image adammwea/netpyneshifter:v5
FAILED to lookup docker image adammwea/netpyneshifter:v5
FAILED to lookup docker image adammwea/netpyneshifter:v5
FAILED to lookup docker image adammwea/netpyneshifter:v5
FAILED to lookup docker image adammwea/netpyneshifter:v5
FAILED to lookup docker image adammwea/netpyneshifter:v5
srun: error: nid004736: tasks 0-2,7-9,12,14-16,22,24,28,30,32-33,38,40,42,44,46,56,62,70,76,82,84,88,94,96,100,102,106,108,110,112,116,124,126: Exited with exit code 1
srun: Terminating StepId=25523045.45
slurmstepd: error: *** STEP 25523045.45 ON nid004736 CANCELLED AT 2024-05-12T08:09:52 ***
srun: error: nid004736: tasks 3,5,10,18,86,98,118: Terminated
srun: error: nid004736: tasks 4,6,11,13,17,19-21,23,25-27,29,31,34-37,39,41,43,45,47-55,57-61,63-69,71-75,77-81,83,85,87,89-93,95,97,99,101,103-105,107,109,111,113-115,117,119-123,125,127: Killed
srun: Force Terminated StepId=25523045.45
