FAILED to lookup docker image adammwea/netpyneshifter:v5
FAILED to lookup docker image adammwea/netpyneshifter:v5
FAILED to lookup docker image adammwea/netpyneshifter:v5
FAILED to lookup docker image adammwea/netpyneshifter:v5
FAILED to lookup docker image adammwea/netpyneshifter:v5
FAILED to lookup docker image adammwea/netpyneshifter:v5
FAILED to lookup docker image adammwea/netpyneshifter:v5
FAILED to lookup docker image adammwea/netpyneshifter:v5
FAILED to lookup docker image adammwea/netpyneshifter:v5
FAILED to lookup docker image adammwea/netpyneshifter:v5
FAILED to lookup docker image adammwea/netpyneshifter:v5
FAILED to lookup docker image adammwea/netpyneshifter:v5
FAILED to lookup docker image adammwea/netpyneshifter:v5
FAILED to lookup docker image adammwea/netpyneshifter:v5
FAILED to lookup docker image adammwea/netpyneshifter:v5
FAILED to lookup docker image adammwea/netpyneshifter:v5
FAILED to lookup docker image adammwea/netpyneshifter:v5
FAILED to lookup docker image adammwea/netpyneshifter:v5
FAILED to lookup docker image adammwea/netpyneshifter:v5
FAILED to lookup docker image adammwea/netpyneshifter:v5
FAILED to lookup docker image adammwea/netpyneshifter:v5
FAILED to lookup docker image adammwea/netpyneshifter:v5
FAILED to lookup docker image adammwea/netpyneshifter:v5
srun: error: nid006351: tasks 1,3,5-7,9,13,17,21,23,25,27-28,33,35,37,39,41-43,45-47: Exited with exit code 1
srun: Terminating StepId=26413848.3042
FAILED to lookup docker image adammwea/netpyneshifter:v5
FAILED to lookup docker image adammwea/netpyneshifter:v5
FAILED to lookup docker image adammwea/netpyneshifter:v5
FAILED to lookup docker image adammwea/netpyneshifter:v5
FAILED to lookup docker image adammwea/netpyneshifter:v5
FAILED to lookup docker image adammwea/netpyneshifter:v5
FAILED to lookup docker image adammwea/netpyneshifter:v5
FAILED to lookup docker image adammwea/netpyneshifter:v5
FAILED to lookup docker image adammwea/netpyneshifter:v5
FAILED to lookup docker image adammwea/netpyneshifter:v5
FAILED to lookup docker image adammwea/netpyneshifter:v5
FAILED to lookup docker image adammwea/netpyneshifter:v5
slurmstepd: error: *** STEP 26413848.3042 ON nid006351 CANCELLED AT 2024-06-05T20:46:28 ***
srun: error: nid006351: tasks 2,4,11,14-16,19-20,26,31,34,44: Exited with exit code 1
srun: error: nid006351: tasks 8,10,12,22,24,32: Terminated
srun: error: nid006351: tasks 0,18,29-30,36,38,40: Killed
srun: Force Terminated StepId=26413848.3042
