2024-10-08 17:54:39,973 - inspyred.ec - DEBUG - generating initial population
2024-10-08 17:54:39,975 - inspyred.ec - DEBUG - evaluating initial population
2024-10-08 17:55:14,747 - inspyred.ec - DEBUG - population size is now 10
2024-10-08 17:55:14,747 - inspyred.ec - DEBUG - archiving initial population
2024-10-08 17:55:14,747 - inspyred.ec - DEBUG - archive size is now 0
2024-10-08 17:55:14,748 - inspyred.ec - DEBUG - population size is now 10
2024-10-08 17:55:14,748 - inspyred.ec - DEBUG - observation using stats_observer at generation 0 and evaluation 10
2024-10-08 17:55:14,749 - inspyred.ec - DEBUG - observation using file_observer at generation 0 and evaluation 10
2024-10-08 17:55:14,750 - inspyred.ec - DEBUG - termination test using generation_termination at generation 0 and evaluation 10
2024-10-08 17:55:14,750 - inspyred.ec - DEBUG - selection using tournament_selection at generation 0 and evaluation 10
2024-10-08 17:55:14,751 - inspyred.ec - DEBUG - selected 10 candidates
2024-10-08 17:55:14,753 - inspyred.ec - DEBUG - variation using uniform_crossover at generation 0 and evaluation 10
2024-10-08 17:55:14,753 - inspyred.ec - DEBUG - variation using nonuniform_bounds_mutation at generation 0 and evaluation 10
2024-10-08 17:55:14,754 - inspyred.ec - DEBUG - created 10 offspring
2024-10-08 17:55:14,754 - inspyred.ec - DEBUG - evaluation using func at generation 0 and evaluation 10
2024-10-11 12:10:50,929 - inspyred.ec - DEBUG - generating initial population
2024-10-11 12:10:50,930 - inspyred.ec - DEBUG - evaluating initial population
2024-10-11 12:11:15,685 - inspyred.ec - DEBUG - population size is now 10
2024-10-11 12:11:15,686 - inspyred.ec - DEBUG - archiving initial population
2024-10-11 12:11:15,686 - inspyred.ec - DEBUG - archive size is now 0
2024-10-11 12:11:15,686 - inspyred.ec - DEBUG - population size is now 10
2024-10-11 12:11:15,686 - inspyred.ec - DEBUG - observation using stats_observer at generation 0 and evaluation 10
2024-10-11 12:11:15,687 - inspyred.ec - DEBUG - observation using file_observer at generation 0 and evaluation 10
2024-10-11 12:11:15,688 - inspyred.ec - DEBUG - termination test using generation_termination at generation 0 and evaluation 10
2024-10-11 12:11:15,688 - inspyred.ec - DEBUG - selection using tournament_selection at generation 0 and evaluation 10
2024-10-11 12:11:15,688 - inspyred.ec - DEBUG - selected 10 candidates
2024-10-11 12:11:15,690 - inspyred.ec - DEBUG - variation using uniform_crossover at generation 0 and evaluation 10
2024-10-11 12:11:15,690 - inspyred.ec - DEBUG - variation using nonuniform_bounds_mutation at generation 0 and evaluation 10
2024-10-11 12:11:15,691 - inspyred.ec - DEBUG - created 10 offspring
2024-10-11 12:11:15,691 - inspyred.ec - DEBUG - evaluation using func at generation 0 and evaluation 10
2024-10-11 12:11:40,151 - inspyred.ec - DEBUG - replacement using generational_replacement at generation 0 and evaluation 20
2024-10-11 12:11:40,152 - inspyred.ec - DEBUG - population size is now 10
2024-10-11 12:11:40,152 - inspyred.ec - DEBUG - migration using default_migration at generation 0 and evaluation 20
2024-10-11 12:11:40,152 - inspyred.ec - DEBUG - population size is now 10
2024-10-11 12:11:40,152 - inspyred.ec - DEBUG - archival using default_archiver at generation 0 and evaluation 20
2024-10-11 12:11:40,152 - inspyred.ec - DEBUG - archive size is now 0
2024-10-11 12:11:40,152 - inspyred.ec - DEBUG - population size is now 10
2024-10-11 12:11:40,152 - inspyred.ec - DEBUG - observation using stats_observer at generation 1 and evaluation 20
2024-10-11 12:11:40,153 - inspyred.ec - DEBUG - observation using file_observer at generation 1 and evaluation 20
2024-10-11 12:11:40,154 - inspyred.ec - DEBUG - termination test using generation_termination at generation 1 and evaluation 20
2024-10-11 12:11:40,154 - inspyred.ec - DEBUG - termination from generation_termination at generation 1 and evaluation 20
