srun: Job 25523039 step creation temporarily disabled, retrying (Requested nodes are busy)
srun: Job 25523039 step creation still disabled, retrying (Requested nodes are busy)
srun: Job 25523039 step creation still disabled, retrying (Requested nodes are busy)
srun: Job 25523039 step creation still disabled, retrying (Requested nodes are busy)
srun: Job 25523039 step creation still disabled, retrying (Requested nodes are busy)
srun: Step created for StepId=25523039.109
FAILED to lookup docker image adammwea/netpyneshifter:v5
FAILED to lookup docker image adammwea/netpyneshifter:v5
FAILED to lookup docker image adammwea/netpyneshifter:v5
FAILED to lookup docker image adammwea/netpyneshifter:v5
FAILED to lookup docker image adammwea/netpyneshifter:v5
FAILED to lookup docker image adammwea/netpyneshifter:v5
FAILED to lookup docker image adammwea/netpyneshifter:v5
FAILED to lookup docker image adammwea/netpyneshifter:v5
FAILED to lookup docker image adammwea/netpyneshifter:v5
FAILED to lookup docker image adammwea/netpyneshifter:v5
FAILED to lookup docker image adammwea/netpyneshifter:v5
FAILED to lookup docker image adammwea/netpyneshifter:v5
FAILED to lookup docker image adammwea/netpyneshifter:v5
FAILED to lookup docker image adammwea/netpyneshifter:v5
FAILED to lookup docker image adammwea/netpyneshifter:v5
FAILED to lookup docker image adammwea/netpyneshifter:v5
FAILED to lookup docker image adammwea/netpyneshifter:v5
FAILED to lookup docker image adammwea/netpyneshifter:v5
FAILED to lookup docker image adammwea/netpyneshifter:v5
FAILED to lookup docker image adammwea/netpyneshifter:v5
FAILED to lookup docker image adammwea/netpyneshifter:v5
FAILED to lookup docker image adammwea/netpyneshifter:v5
FAILED to lookup docker image adammwea/netpyneshifter:v5
FAILED to lookup docker image adammwea/netpyneshifter:v5
FAILED to lookup docker image adammwea/netpyneshifter:v5
FAILED to lookup docker image adammwea/netpyneshifter:v5
FAILED to lookup docker image adammwea/netpyneshifter:v5
FAILED to lookup docker image adammwea/netpyneshifter:v5
FAILED to lookup docker image adammwea/netpyneshifter:v5
FAILED to lookup docker image adammwea/netpyneshifter:v5
FAILED to lookup docker image adammwea/netpyneshifter:v5
FAILED to lookup docker image adammwea/netpyneshifter:v5
FAILED to lookup docker image adammwea/netpyneshifter:v5
FAILED to lookup docker image adammwea/netpyneshifter:v5
FAILED to lookup docker image adammwea/netpyneshifter:v5
FAILED to lookup docker image adammwea/netpyneshifter:v5
FAILED to lookup docker image adammwea/netpyneshifter:v5
FAILED to lookup docker image adammwea/netpyneshifter:v5
FAILED to lookup docker image adammwea/netpyneshifter:v5
FAILED to lookup docker image adammwea/netpyneshifter:v5
FAILED to lookup docker image adammwea/netpyneshifter:v5
srun: error: nid006927: tasks 1-2,4-5,7-11,14,16,18,21,24-25,28,31-32,34,36,38,48,50,54,56,58,65,67,69,71,81,83,87,93,96,100-101,105,110,112,115: Exited with exit code 1
srun: Terminating StepId=25523039.109
slurmstepd: error: *** STEP 25523039.109 ON nid006927 CANCELLED AT 2024-05-12T09:41:14 ***
srun: error: nid006927: tasks 0,3,6,12-13,15,17,19-20,22-23,26-27,29-30,33,35,37,39-47,49,51-53,55,57,59-64,66,68,70,72-80,82,84-86,88-92,94-95,97-99,102-104,106-109,111,113-114,116-127: Terminated
srun: Force Terminated StepId=25523039.109
