srun: Job 25523039 step creation temporarily disabled, retrying (Requested nodes are busy)
srun: Job 25523039 step creation still disabled, retrying (Requested nodes are busy)
srun: Job 25523039 step creation still disabled, retrying (Requested nodes are busy)
srun: Job 25523039 step creation still disabled, retrying (Requested nodes are busy)
srun: Job 25523039 step creation still disabled, retrying (Requested nodes are busy)
srun: Job 25523039 step creation still disabled, retrying (Requested nodes are busy)
srun: Step created for StepId=25523039.50
FAILED to lookup docker image adammwea/netpyneshifter:v5
FAILED to lookup docker image adammwea/netpyneshifter:v5
FAILED to lookup docker image adammwea/netpyneshifter:v5
FAILED to lookup docker image adammwea/netpyneshifter:v5
FAILED to lookup docker image adammwea/netpyneshifter:v5
FAILED to lookup docker image adammwea/netpyneshifter:v5
FAILED to lookup docker image adammwea/netpyneshifter:v5
srun: error: nid006927: tasks 37,40,81,84,92,95,119: Exited with exit code 1
srun: Terminating StepId=25523039.50
slurmstepd: error: *** STEP 25523039.50 ON nid006927 CANCELLED AT 2024-05-12T08:10:12 ***
srun: error: nid006927: tasks 5,14,16,22,34,42,45,48,53,56,58,61-62,64-68,71-74,78,80,96-97,103,105-106,108,111-112,114,118,124,126: Terminated
srun: error: nid006927: task 0: Killed
srun: error: nid006927: tasks 1-4,6-13,15,17-21,23-33,35-36,38-39,41,43-44,46-47,49-52,54-55,57,59-60,63,69-70,75-77,79,82-83,85-91,93-94,98-102,104,107,109-110,113,115-117,120-123,125,127: Killed
srun: Force Terminated StepId=25523039.50
