srun: Job 25523039 step creation temporarily disabled, retrying (Requested nodes are busy)
srun: Step created for StepId=25523039.52
FAILED to lookup docker image adammwea/netpyneshifter:v5
FAILED to lookup docker image adammwea/netpyneshifter:v5
FAILED to lookup docker image adammwea/netpyneshifter:v5
FAILED to lookup docker image adammwea/netpyneshifter:v5
FAILED to lookup docker image adammwea/netpyneshifter:v5
FAILED to lookup docker image adammwea/netpyneshifter:v5
FAILED to lookup docker image adammwea/netpyneshifter:v5
FAILED to lookup docker image adammwea/netpyneshifter:v5
srun: error: nid006927: tasks 6,10,14,34,36,46,52,58: Exited with exit code 1
srun: Terminating StepId=25523039.52
FAILED to lookup docker image adammwea/netpyneshifter:v5
FAILED to lookup docker image adammwea/netpyneshifter:v5
FAILED to lookup docker image adammwea/netpyneshifter:v5
srun: error: nid006927: tasks 8,20,56: Exited with exit code 1
slurmstepd: error: *** STEP 25523039.52 ON nid006927 CANCELLED AT 2024-05-12T08:13:36 ***
srun: error: nid006927: task 73: Terminated
srun: error: nid006927: tasks 2,16,22,30: Terminated
srun: error: nid006927: tasks 0-1,3-5,7,9,11-13,15,17-19,21,23-29,31-33,35,37-45,47-51,53-55,57,59-72,74-127: Terminated
srun: Force Terminated StepId=25523039.52
