srun: Job 25523039 step creation temporarily disabled, retrying (Requested nodes are busy)
srun: Job 25523039 step creation still disabled, retrying (Requested nodes are busy)
srun: Job 25523039 step creation still disabled, retrying (Requested nodes are busy)
srun: Job 25523039 step creation still disabled, retrying (Requested nodes are busy)
srun: Step created for StepId=25523039.45
FAILED to lookup docker image adammwea/netpyneshifter:v5
FAILED to lookup docker image adammwea/netpyneshifter:v5
FAILED to lookup docker image adammwea/netpyneshifter:v5
FAILED to lookup docker image adammwea/netpyneshifter:v5
FAILED to lookup docker image adammwea/netpyneshifter:v5
FAILED to lookup docker image adammwea/netpyneshifter:v5
FAILED to lookup docker image adammwea/netpyneshifter:v5
FAILED to lookup docker image adammwea/netpyneshifter:v5
FAILED to lookup docker image adammwea/netpyneshifter:v5
FAILED to lookup docker image adammwea/netpyneshifter:v5
FAILED to lookup docker image adammwea/netpyneshifter:v5
FAILED to lookup docker image adammwea/netpyneshifter:v5
FAILED to lookup docker image adammwea/netpyneshifter:v5
FAILED to lookup docker image adammwea/netpyneshifter:v5
FAILED to lookup docker image adammwea/netpyneshifter:v5
FAILED to lookup docker image adammwea/netpyneshifter:v5
FAILED to lookup docker image adammwea/netpyneshifter:v5
srun: error: nid006927: tasks 5,15,21,27,35,43,47,62,68-69,71-72,77,83,91,104,106: Exited with exit code 1
srun: Terminating StepId=25523039.45
slurmstepd: error: *** STEP 25523039.45 ON nid006927 CANCELLED AT 2024-05-12T08:04:19 ***
srun: error: nid006927: task 3: Terminated
srun: error: nid006927: tasks 0-2,4,6-14,16-20,22-26,28-34,36-42,44-46,48-61,63-67,70,73-76,78-82,84-90,92-103,105,107-127: Terminated
srun: Force Terminated StepId=25523039.45
