FAILED to lookup docker image adammwea/netpyneshifter:v5
FAILED to lookup docker image adammwea/netpyneshifter:v5
FAILED to lookup docker image adammwea/netpyneshifter:v5
FAILED to lookup docker image adammwea/netpyneshifter:v5
FAILED to lookup docker image adammwea/netpyneshifter:v5
FAILED to lookup docker image adammwea/netpyneshifter:v5
FAILED to lookup docker image adammwea/netpyneshifter:v5
FAILED to lookup docker image adammwea/netpyneshifter:v5
FAILED to lookup docker image adammwea/netpyneshifter:v5
FAILED to lookup docker image adammwea/netpyneshifter:v5
FAILED to lookup docker image adammwea/netpyneshifter:v5
FAILED to lookup docker image adammwea/netpyneshifter:v5
FAILED to lookup docker image adammwea/netpyneshifter:v5
FAILED to lookup docker image adammwea/netpyneshifter:v5
srun: error: nid006591: tasks 1,5,9,11,13,17,19,21,25,29,31,35,41,45: Exited with exit code 1
srun: Terminating StepId=26413848.639
slurmstepd: error: *** STEP 26413848.639 ON nid006591 CANCELLED AT 2024-06-05T05:07:51 ***
srun: error: nid006591: tasks 0,4,7,10,14,27-28,32-34,39-40: Terminated
srun: error: nid006591: tasks 2-3,6,8,12,15-16,18,20,22-24,26,30,36-38,42-44,46-47: Killed
srun: Force Terminated StepId=26413848.639
